{"uid":"fc945bec2e2f904a","name":"User can add a new card on any list on the current board","fullName":"src/test/resources/features/Deck_Emir.feature:46","historyId":"f4ba4568eefe9c2cc7e307f78c11d07b","time":{"start":1711235596157,"stop":1711235630776,"duration":34619},"description":"  As a user, I should be able to manage my works by creating a new board/list/card and modifying them under Deck Module.","descriptionHtml":"<p>As a user, I should be able to manage my works by creating a new board/list/card and modifying them under Deck Module.</p>\n","status":"broken","statusMessage":"Expected condition failed: waiting for element to be clickable: [[ChromeDriver: chrome on linux (3de18cc3fdeb2c1e21cf134f48264f07)] -> xpath: //span[@title='Strategic Initiatives']/..] (tried for 10 second(s) with 500 milliseconds interval)\nBuild info: version: '4.18.1', revision: 'b1d3319b48'\nSystem info: os.name: 'Linux', os.arch: 'amd64', os.version: '6.5.0-1016-azure', java.version: '11.0.22'\nDriver info: org.openqa.selenium.chrome.ChromeDriver\nCapabilities {acceptInsecureCerts: false, browserName: chrome, browserVersion: 122.0.6261.128, chrome: {chromedriverVersion: 122.0.6261.128 (f18a44fedeb..., userDataDir: /tmp/.org.chromium.Chromium...}, fedcm:accounts: true, goog:chromeOptions: {debuggerAddress: localhost:36409}, networkConnectionEnabled: false, pageLoadStrategy: normal, platformName: linux, proxy: Proxy(), se:cdp: ws://localhost:36409/devtoo..., se:cdpVersion: 122.0.6261.128, setWindowRect: true, strictFileInteractability: false, timeouts: {implicit: 0, pageLoad: 300000, script: 30000}, unhandledPromptBehavior: dismiss and notify, webauthn:extension:credBlob: true, webauthn:extension:largeBlob: true, webauthn:extension:minPinLength: true, webauthn:extension:prf: true, webauthn:virtualAuthenticators: true}\nSession ID: 3de18cc3fdeb2c1e21cf134f48264f07","statusTrace":"org.openqa.selenium.TimeoutException: Expected condition failed: waiting for element to be clickable: [[ChromeDriver: chrome on linux (3de18cc3fdeb2c1e21cf134f48264f07)] -> xpath: //span[@title='Strategic Initiatives']/..] (tried for 10 second(s) with 500 milliseconds interval)\nBuild info: version: '4.18.1', revision: 'b1d3319b48'\nSystem info: os.name: 'Linux', os.arch: 'amd64', os.version: '6.5.0-1016-azure', java.version: '11.0.22'\nDriver info: org.openqa.selenium.chrome.ChromeDriver\nCapabilities {acceptInsecureCerts: false, browserName: chrome, browserVersion: 122.0.6261.128, chrome: {chromedriverVersion: 122.0.6261.128 (f18a44fedeb..., userDataDir: /tmp/.org.chromium.Chromium...}, fedcm:accounts: true, goog:chromeOptions: {debuggerAddress: localhost:36409}, networkConnectionEnabled: false, pageLoadStrategy: normal, platformName: linux, proxy: Proxy(), se:cdp: ws://localhost:36409/devtoo..., se:cdpVersion: 122.0.6261.128, setWindowRect: true, strictFileInteractability: false, timeouts: {implicit: 0, pageLoad: 300000, script: 30000}, unhandledPromptBehavior: dismiss and notify, webauthn:extension:credBlob: true, webauthn:extension:largeBlob: true, webauthn:extension:minPinLength: true, webauthn:extension:prf: true, webauthn:virtualAuthenticators: true}\nSession ID: 3de18cc3fdeb2c1e21cf134f48264f07\n\tat org.openqa.selenium.support.ui.WebDriverWait.timeoutException(WebDriverWait.java:84)\n\tat org.openqa.selenium.support.ui.FluentWait.until(FluentWait.java:228)\n\tat com.symund.utilities.BrowserUtils.waitForClickable(BrowserUtils.java:264)\n\tat com.symund.pages.DeckPage.clickOnBoard(DeckPage.java:106)\n\tat com.symund.step_definitions.DeckStepDefs.the_user_clicks_on_board_with_name(DeckStepDefs.java:56)\n\tat ✽.the user clicks on any board with name \"Strategic Initiatives\"(file:///home/runner/work/Symund-B32G26/Symund-B32G26/src/test/resources/features/Deck_Emir.feature:40)\n","flaky":false,"newFailed":false,"newBroken":true,"newPassed":false,"retriesCount":0,"retriesStatusChange":false,"beforeStages":[{"name":"com.symund.step_definitions.Hooks.setupMethod()","time":{"start":1711235596157,"stop":1711235598686,"duration":2529},"status":"passed","steps":[],"attachments":[],"parameters":[],"shouldDisplayMessage":false,"stepsCount":0,"attachmentsCount":0,"hasContent":false,"attachmentStep":false}],"testStage":{"description":"  As a user, I should be able to manage my works by creating a new board/list/card and modifying them under Deck Module.","status":"broken","statusMessage":"Expected condition failed: waiting for element to be clickable: [[ChromeDriver: chrome on linux (3de18cc3fdeb2c1e21cf134f48264f07)] -> xpath: //span[@title='Strategic Initiatives']/..] (tried for 10 second(s) with 500 milliseconds interval)\nBuild info: version: '4.18.1', revision: 'b1d3319b48'\nSystem info: os.name: 'Linux', os.arch: 'amd64', os.version: '6.5.0-1016-azure', java.version: '11.0.22'\nDriver info: org.openqa.selenium.chrome.ChromeDriver\nCapabilities {acceptInsecureCerts: false, browserName: chrome, browserVersion: 122.0.6261.128, chrome: {chromedriverVersion: 122.0.6261.128 (f18a44fedeb..., userDataDir: /tmp/.org.chromium.Chromium...}, fedcm:accounts: true, goog:chromeOptions: {debuggerAddress: localhost:36409}, networkConnectionEnabled: false, pageLoadStrategy: normal, platformName: linux, proxy: Proxy(), se:cdp: ws://localhost:36409/devtoo..., se:cdpVersion: 122.0.6261.128, setWindowRect: true, strictFileInteractability: false, timeouts: {implicit: 0, pageLoad: 300000, script: 30000}, unhandledPromptBehavior: dismiss and notify, webauthn:extension:credBlob: true, webauthn:extension:largeBlob: true, webauthn:extension:minPinLength: true, webauthn:extension:prf: true, webauthn:virtualAuthenticators: true}\nSession ID: 3de18cc3fdeb2c1e21cf134f48264f07","statusTrace":"org.openqa.selenium.TimeoutException: Expected condition failed: waiting for element to be clickable: [[ChromeDriver: chrome on linux (3de18cc3fdeb2c1e21cf134f48264f07)] -> xpath: //span[@title='Strategic Initiatives']/..] (tried for 10 second(s) with 500 milliseconds interval)\nBuild info: version: '4.18.1', revision: 'b1d3319b48'\nSystem info: os.name: 'Linux', os.arch: 'amd64', os.version: '6.5.0-1016-azure', java.version: '11.0.22'\nDriver info: org.openqa.selenium.chrome.ChromeDriver\nCapabilities {acceptInsecureCerts: false, browserName: chrome, browserVersion: 122.0.6261.128, chrome: {chromedriverVersion: 122.0.6261.128 (f18a44fedeb..., userDataDir: /tmp/.org.chromium.Chromium...}, fedcm:accounts: true, goog:chromeOptions: {debuggerAddress: localhost:36409}, networkConnectionEnabled: false, pageLoadStrategy: normal, platformName: linux, proxy: Proxy(), se:cdp: ws://localhost:36409/devtoo..., se:cdpVersion: 122.0.6261.128, setWindowRect: true, strictFileInteractability: false, timeouts: {implicit: 0, pageLoad: 300000, script: 30000}, unhandledPromptBehavior: dismiss and notify, webauthn:extension:credBlob: true, webauthn:extension:largeBlob: true, webauthn:extension:minPinLength: true, webauthn:extension:prf: true, webauthn:virtualAuthenticators: true}\nSession ID: 3de18cc3fdeb2c1e21cf134f48264f07\n\tat org.openqa.selenium.support.ui.WebDriverWait.timeoutException(WebDriverWait.java:84)\n\tat org.openqa.selenium.support.ui.FluentWait.until(FluentWait.java:228)\n\tat com.symund.utilities.BrowserUtils.waitForClickable(BrowserUtils.java:264)\n\tat com.symund.pages.DeckPage.clickOnBoard(DeckPage.java:106)\n\tat com.symund.step_definitions.DeckStepDefs.the_user_clicks_on_board_with_name(DeckStepDefs.java:56)\n\tat ✽.the user clicks on any board with name \"Strategic Initiatives\"(file:///home/runner/work/Symund-B32G26/Symund-B32G26/src/test/resources/features/Deck_Emir.feature:40)\n","steps":[{"name":"Given  the user logs in with username \"Employee80\" and password \"Employee123\"","time":{"start":1711235598686,"stop":1711235612944,"duration":14258},"status":"passed","steps":[],"attachments":[],"parameters":[],"shouldDisplayMessage":false,"stepsCount":0,"attachmentsCount":0,"hasContent":false,"attachmentStep":false},{"name":"And  the user navigates to the Deck page","time":{"start":1711235612944,"stop":1711235620220,"duration":7276},"status":"passed","steps":[],"attachments":[],"parameters":[],"shouldDisplayMessage":false,"stepsCount":0,"attachmentsCount":0,"hasContent":false,"attachmentStep":false},{"name":"And  the user clicks on app navigation toggle","time":{"start":1711235620220,"stop":1711235620265,"duration":45},"status":"passed","steps":[],"attachments":[],"parameters":[],"shouldDisplayMessage":false,"stepsCount":0,"attachmentsCount":0,"hasContent":false,"attachmentStep":false},{"name":"When  the user clicks on any board with name \"Strategic Initiatives\"","time":{"start":1711235620265,"stop":1711235630584,"duration":10319},"status":"broken","statusMessage":"Expected condition failed: waiting for element to be clickable: [[ChromeDriver: chrome on linux (3de18cc3fdeb2c1e21cf134f48264f07)] -> xpath: //span[@title='Strategic Initiatives']/..] (tried for 10 second(s) with 500 milliseconds interval)\nBuild info: version: '4.18.1', revision: 'b1d3319b48'\nSystem info: os.name: 'Linux', os.arch: 'amd64', os.version: '6.5.0-1016-azure', java.version: '11.0.22'\nDriver info: org.openqa.selenium.chrome.ChromeDriver\nCapabilities {acceptInsecureCerts: false, browserName: chrome, browserVersion: 122.0.6261.128, chrome: {chromedriverVersion: 122.0.6261.128 (f18a44fedeb..., userDataDir: /tmp/.org.chromium.Chromium...}, fedcm:accounts: true, goog:chromeOptions: {debuggerAddress: localhost:36409}, networkConnectionEnabled: false, pageLoadStrategy: normal, platformName: linux, proxy: Proxy(), se:cdp: ws://localhost:36409/devtoo..., se:cdpVersion: 122.0.6261.128, setWindowRect: true, strictFileInteractability: false, timeouts: {implicit: 0, pageLoad: 300000, script: 30000}, unhandledPromptBehavior: dismiss and notify, webauthn:extension:credBlob: true, webauthn:extension:largeBlob: true, webauthn:extension:minPinLength: true, webauthn:extension:prf: true, webauthn:virtualAuthenticators: true}\nSession ID: 3de18cc3fdeb2c1e21cf134f48264f07","statusTrace":"org.openqa.selenium.TimeoutException: Expected condition failed: waiting for element to be clickable: [[ChromeDriver: chrome on linux (3de18cc3fdeb2c1e21cf134f48264f07)] -> xpath: //span[@title='Strategic Initiatives']/..] (tried for 10 second(s) with 500 milliseconds interval)\nBuild info: version: '4.18.1', revision: 'b1d3319b48'\nSystem info: os.name: 'Linux', os.arch: 'amd64', os.version: '6.5.0-1016-azure', java.version: '11.0.22'\nDriver info: org.openqa.selenium.chrome.ChromeDriver\nCapabilities {acceptInsecureCerts: false, browserName: chrome, browserVersion: 122.0.6261.128, chrome: {chromedriverVersion: 122.0.6261.128 (f18a44fedeb..., userDataDir: /tmp/.org.chromium.Chromium...}, fedcm:accounts: true, goog:chromeOptions: {debuggerAddress: localhost:36409}, networkConnectionEnabled: false, pageLoadStrategy: normal, platformName: linux, proxy: Proxy(), se:cdp: ws://localhost:36409/devtoo..., se:cdpVersion: 122.0.6261.128, setWindowRect: true, strictFileInteractability: false, timeouts: {implicit: 0, pageLoad: 300000, script: 30000}, unhandledPromptBehavior: dismiss and notify, webauthn:extension:credBlob: true, webauthn:extension:largeBlob: true, webauthn:extension:minPinLength: true, webauthn:extension:prf: true, webauthn:virtualAuthenticators: true}\nSession ID: 3de18cc3fdeb2c1e21cf134f48264f07\n\tat org.openqa.selenium.support.ui.WebDriverWait.timeoutException(WebDriverWait.java:84)\n\tat org.openqa.selenium.support.ui.FluentWait.until(FluentWait.java:228)\n\tat com.symund.utilities.BrowserUtils.waitForClickable(BrowserUtils.java:264)\n\tat com.symund.pages.DeckPage.clickOnBoard(DeckPage.java:106)\n\tat com.symund.step_definitions.DeckStepDefs.the_user_clicks_on_board_with_name(DeckStepDefs.java:56)\n\tat ✽.the user clicks on any board with name \"Strategic Initiatives\"(file:///home/runner/work/Symund-B32G26/Symund-B32G26/src/test/resources/features/Deck_Emir.feature:40)\n","steps":[],"attachments":[],"parameters":[],"shouldDisplayMessage":true,"stepsCount":0,"attachmentsCount":0,"hasContent":true,"attachmentStep":false},{"name":"And  the user adds a new card \"Q1 Goals\" to list \"Milestones\"","time":{"start":1711235630587,"stop":1711235630587,"duration":0},"status":"skipped","steps":[],"attachments":[],"parameters":[],"shouldDisplayMessage":false,"stepsCount":0,"attachmentsCount":0,"hasContent":false,"attachmentStep":false},{"name":"Then  the new card \"Q1 Goals\" should be visible in list \"Milestones\"","time":{"start":1711235630587,"stop":1711235630588,"duration":1},"status":"skipped","steps":[],"attachments":[],"parameters":[],"shouldDisplayMessage":false,"stepsCount":0,"attachmentsCount":0,"hasContent":false,"attachmentStep":false}],"attachments":[],"parameters":[],"shouldDisplayMessage":false,"stepsCount":6,"attachmentsCount":0,"hasContent":true,"attachmentStep":false},"afterStages":[{"name":"com.symund.step_definitions.Hooks.tearDown(io.cucumber.java.Scenario)","time":{"start":1711235630588,"stop":1711235630771,"duration":183},"status":"passed","steps":[],"attachments":[{"uid":"da125f204e27abc","name":"User can add a new card on any list on the current board","source":"da125f204e27abc.png","type":"image/png","size":26398}],"parameters":[],"shouldDisplayMessage":false,"stepsCount":0,"attachmentsCount":1,"hasContent":true,"attachmentStep":false}],"labels":[{"name":"tag","value":"B32G26-149"},{"name":"tag","value":"B32G26-147"},{"name":"host","value":"fv-az573-900"},{"name":"thread","value":"2393@fv-az573-900.main(1)"},{"name":"feature","value":"Deck Management"},{"name":"story","value":"User can add a new card on any list on the current board"},{"name":"suite","value":"Deck Management"},{"name":"testClass","value":"User can add a new card on any list on the current board"},{"name":"framework","value":"cucumber4jvm"},{"name":"language","value":"java"},{"name":"gherkin_uri","value":"file:///home/runner/work/Symund-B32G26/Symund-B32G26/src/test/resources/features/Deck_Emir.feature"},{"name":"package","value":"src.test.resources.features.Deck_Emir_feature.Deck Management"},{"name":"resultFormat","value":"allure2"}],"parameters":[{"name":"boardName","value":"Strategic Initiatives"},{"name":"cardName","value":"Q1 Goals"},{"name":"listName","value":"Milestones"}],"links":[],"hidden":false,"retry":false,"extra":{"severity":"normal","retries":[],"categories":[{"name":"Test defects","matchedStatuses":[],"flaky":false}],"history":{"statistic":{"failed":0,"broken":1,"skipped":2,"passed":13,"unknown":0,"total":16},"items":[{"uid":"83a2cff42355044d","reportUrl":"https://emiryazicii.github.io/Symund-B32G26/26//#testresult/83a2cff42355044d","status":"passed","time":{"start":1711234679351,"stop":1711234693731,"duration":14380}},{"uid":"b582a087a18cf765","reportUrl":"https://emiryazicii.github.io/Symund-B32G26/25//#testresult/b582a087a18cf765","status":"passed","time":{"start":1711233538603,"stop":1711233552712,"duration":14109}},{"uid":"da028d4a5f4a4c72","reportUrl":"https://emiryazicii.github.io/Symund-B32G26/24//#testresult/da028d4a5f4a4c72","status":"passed","time":{"start":1711232998971,"stop":1711233014964,"duration":15993}},{"uid":"49b166ae2923f65f","reportUrl":"https://emiryazicii.github.io/Symund-B32G26/23//#testresult/49b166ae2923f65f","status":"passed","time":{"start":1711171998296,"stop":1711172013213,"duration":14917}},{"uid":"499cbdb2ce782cde","reportUrl":"https://emiryazicii.github.io/Symund-B32G26/23//#testresult/499cbdb2ce782cde","status":"passed","time":{"start":1711143762423,"stop":1711143776950,"duration":14527}},{"uid":"c709bdb755be5243","reportUrl":"https://emiryazicii.github.io/Symund-B32G26/23//#testresult/c709bdb755be5243","status":"passed","time":{"start":1711142645589,"stop":1711142659027,"duration":13438}},{"uid":"5540c3a5ef14eb30","reportUrl":"https://emiryazicii.github.io/Symund-B32G26/22//#testresult/5540c3a5ef14eb30","status":"passed","time":{"start":1711141784894,"stop":1711141797683,"duration":12789}},{"uid":"52599fa38f52d5db","reportUrl":"https://emiryazicii.github.io/Symund-B32G26/21//#testresult/52599fa38f52d5db","status":"skipped","statusDetails":"Could not start a new session. Response code 500. Message: session not created: Chrome failed to start: exited normally.\n  (session not created: DevToolsActivePort file doesn't exist)\n  (The process started from chrome location /usr/bin/google-chrome is no longer running, so ChromeDriver is assuming that Chrome has crashed.) \nHost info: host: 'fv-az1535-961', ip: '10.1.0.119'\nBuild info: version: '4.18.1', revision: 'b1d3319b48'\nSystem info: os.name: 'Linux', os.arch: 'amd64', os.version: '6.5.0-1016-azure', java.version: '11.0.22'\nDriver info: org.openqa.selenium.chrome.ChromeDriver\nCommand: [null, newSession {capabilities=[Capabilities {browserName: chrome, goog:chromeOptions: {args: [], binary: /usr/bin/google-chrome, extensions: []}}]}]","time":{"start":1711140978500,"stop":1711140978887,"duration":387}},{"uid":"80335b3eb0c44c3c","reportUrl":"https://emiryazicii.github.io/Symund-B32G26/20//#testresult/80335b3eb0c44c3c","status":"passed","time":{"start":1711038333912,"stop":1711038347931,"duration":14019}},{"uid":"219ccf0514874207","reportUrl":"https://emiryazicii.github.io/Symund-B32G26/20//#testresult/219ccf0514874207","status":"passed","time":{"start":1711036324953,"stop":1711036338715,"duration":13762}},{"uid":"d8fab32a25f54f5f","reportUrl":"https://emiryazicii.github.io/Symund-B32G26/19//#testresult/d8fab32a25f54f5f","status":"passed","time":{"start":1711006963521,"stop":1711006976427,"duration":12906}},{"uid":"1d3665595fe36994","reportUrl":"https://emiryazicii.github.io/Symund-B32G26/18//#testresult/1d3665595fe36994","status":"passed","time":{"start":1711005284960,"stop":1711005298446,"duration":13486}},{"uid":"a514f9f05ba4405b","reportUrl":"https://emiryazicii.github.io/Symund-B32G26/16//#testresult/a514f9f05ba4405b","status":"passed","time":{"start":1711003911402,"stop":1711003923652,"duration":12250}},{"uid":"48517e0a218b8cdd","reportUrl":"https://emiryazicii.github.io/Symund-B32G26/16//#testresult/48517e0a218b8cdd","status":"passed","time":{"start":1711002991403,"stop":1711003004683,"duration":13280}},{"uid":"80d74275cb36d0e9","reportUrl":"https://emiryazicii.github.io/Symund-B32G26/15//#testresult/80d74275cb36d0e9","status":"skipped","statusDetails":"Could not start a new session. Response code 500. Message: session not created: Chrome failed to start: exited normally.\n  (session not created: DevToolsActivePort file doesn't exist)\n  (The process started from chrome location /usr/bin/google-chrome is no longer running, so ChromeDriver is assuming that Chrome has crashed.) \nHost info: host: 'fv-az1106-902', ip: '10.1.0.28'\nBuild info: version: '4.18.1', revision: 'b1d3319b48'\nSystem info: os.name: 'Linux', os.arch: 'amd64', os.version: '6.5.0-1016-azure', java.version: '11.0.22'\nDriver info: org.openqa.selenium.chrome.ChromeDriver\nCommand: [null, newSession {capabilities=[Capabilities {browserName: chrome, goog:chromeOptions: {args: [], binary: /usr/bin/google-chrome, extensions: []}}]}]","time":{"start":1711002057123,"stop":1711002057513,"duration":390}}]},"tags":["B32G26-149","B32G26-147"]},"source":"fc945bec2e2f904a.json","parameterValues":["Strategic Initiatives","Q1 Goals","Milestones"]}