{"8563dd35ab927a164cf5e3fdb1abf97b":{"statistic":{"failed":0,"broken":0,"skipped":2,"passed":12,"unknown":0,"total":14},"items":[{"uid":"80733696f5aa86d5","reportUrl":"https://emiryazicii.github.io/Symund-B32G26/25//#testresult/80733696f5aa86d5","status":"passed","time":{"start":1711233920052,"stop":1711233926865,"duration":6813}},{"uid":"b5e98b718e5b95d3","reportUrl":"https://emiryazicii.github.io/Symund-B32G26/24//#testresult/b5e98b718e5b95d3","status":"passed","time":{"start":1711233286519,"stop":1711233293030,"duration":6511}},{"uid":"5a04c9459b20b56a","reportUrl":"https://emiryazicii.github.io/Symund-B32G26/23//#testresult/5a04c9459b20b56a","status":"passed","time":{"start":1711172272404,"stop":1711172278309,"duration":5905}},{"uid":"b634dcd0552ec5a2","reportUrl":"https://emiryazicii.github.io/Symund-B32G26/23//#testresult/b634dcd0552ec5a2","status":"passed","time":{"start":1711144035529,"stop":1711144041794,"duration":6265}},{"uid":"e59b42278b61ada5","reportUrl":"https://emiryazicii.github.io/Symund-B32G26/23//#testresult/e59b42278b61ada5","status":"passed","time":{"start":1711142977421,"stop":1711142983639,"duration":6218}},{"uid":"b3db14eae953e9d4","reportUrl":"https://emiryazicii.github.io/Symund-B32G26/22//#testresult/b3db14eae953e9d4","status":"passed","time":{"start":1711142033552,"stop":1711142039781,"duration":6229}},{"uid":"337bee10506337c7","reportUrl":"https://emiryazicii.github.io/Symund-B32G26/21//#testresult/337bee10506337c7","status":"skipped","statusDetails":"Could not start a new session. Response code 500. Message: session not created: Chrome failed to start: exited normally.\n  (session not created: DevToolsActivePort file doesn't exist)\n  (The process started from chrome location /usr/bin/google-chrome is no longer running, so ChromeDriver is assuming that Chrome has crashed.) \nHost info: host: 'fv-az1535-961', ip: '10.1.0.119'\nBuild info: version: '4.18.1', revision: 'b1d3319b48'\nSystem info: os.name: 'Linux', os.arch: 'amd64', os.version: '6.5.0-1016-azure', java.version: '11.0.22'\nDriver info: org.openqa.selenium.chrome.ChromeDriver\nCommand: [null, newSession {capabilities=[Capabilities {browserName: chrome, goog:chromeOptions: {args: [], binary: /usr/bin/google-chrome, extensions: []}}]}]","time":{"start":1711140987908,"stop":1711140988309,"duration":401}},{"uid":"330e316548e3551c","reportUrl":"https://emiryazicii.github.io/Symund-B32G26/20//#testresult/330e316548e3551c","status":"passed","time":{"start":1711038547808,"stop":1711038553888,"duration":6080}},{"uid":"2da987f4d050aa5b","reportUrl":"https://emiryazicii.github.io/Symund-B32G26/20//#testresult/2da987f4d050aa5b","status":"passed","time":{"start":1711036542842,"stop":1711036549040,"duration":6198}},{"uid":"c010179c9f24f925","reportUrl":"https://emiryazicii.github.io/Symund-B32G26/19//#testresult/c010179c9f24f925","status":"passed","time":{"start":1711007155399,"stop":1711007161340,"duration":5941}},{"uid":"8bcfc2c7608fed1a","reportUrl":"https://emiryazicii.github.io/Symund-B32G26/18//#testresult/8bcfc2c7608fed1a","status":"passed","time":{"start":1711005545307,"stop":1711005551292,"duration":5985}},{"uid":"947218ae2e7942c5","reportUrl":"https://emiryazicii.github.io/Symund-B32G26/16//#testresult/947218ae2e7942c5","status":"passed","time":{"start":1711003841895,"stop":1711003847756,"duration":5861}},{"uid":"3a42e469403b7e69","reportUrl":"https://emiryazicii.github.io/Symund-B32G26/16//#testresult/3a42e469403b7e69","status":"passed","time":{"start":1711002928240,"stop":1711002937610,"duration":9370}},{"uid":"67666fa778c31b8e","reportUrl":"https://emiryazicii.github.io/Symund-B32G26/15//#testresult/67666fa778c31b8e","status":"skipped","statusDetails":"Could not start a new session. Response code 500. Message: session not created: Chrome failed to start: exited normally.\n  (session not created: DevToolsActivePort file doesn't exist)\n  (The process started from chrome location /usr/bin/google-chrome is no longer running, so ChromeDriver is assuming that Chrome has crashed.) \nHost info: host: 'fv-az1106-902', ip: '10.1.0.28'\nBuild info: version: '4.18.1', revision: 'b1d3319b48'\nSystem info: os.name: 'Linux', os.arch: 'amd64', os.version: '6.5.0-1016-azure', java.version: '11.0.22'\nDriver info: org.openqa.selenium.chrome.ChromeDriver\nCommand: [null, newSession {capabilities=[Capabilities {browserName: chrome, goog:chromeOptions: {args: [], binary: /usr/bin/google-chrome, extensions: []}}]}]","time":{"start":1711002057124,"stop":1711002057585,"duration":461}}]},"8d4609ebc9e98ca5b4b1c65228e62b29":{"statistic":{"failed":0,"broken":0,"skipped":2,"passed":12,"unknown":0,"total":14},"items":[{"uid":"fcfc8a96e93ded1d","reportUrl":"https://emiryazicii.github.io/Symund-B32G26/25//#testresult/fcfc8a96e93ded1d","status":"passed","time":{"start":1711233428032,"stop":1711233441299,"duration":13267}},{"uid":"fba32b9fdabb8902","reportUrl":"https://emiryazicii.github.io/Symund-B32G26/24//#testresult/fba32b9fdabb8902","status":"passed","time":{"start":1711232886111,"stop":1711232899607,"duration":13496}},{"uid":"11bae8a446de31d8","reportUrl":"https://emiryazicii.github.io/Symund-B32G26/23//#testresult/11bae8a446de31d8","status":"passed","time":{"start":1711171868981,"stop":1711171885394,"duration":16413}},{"uid":"c33bb0404329d449","reportUrl":"https://emiryazicii.github.io/Symund-B32G26/23//#testresult/c33bb0404329d449","status":"passed","time":{"start":1711143649118,"stop":1711143663317,"duration":14199}},{"uid":"412bf54309007dcb","reportUrl":"https://emiryazicii.github.io/Symund-B32G26/23//#testresult/412bf54309007dcb","status":"passed","time":{"start":1711142520088,"stop":1711142536138,"duration":16050}},{"uid":"cb453a39aae00563","reportUrl":"https://emiryazicii.github.io/Symund-B32G26/22//#testresult/cb453a39aae00563","status":"passed","time":{"start":1711141681815,"stop":1711141694071,"duration":12256}},{"uid":"32bd0dae6770c13f","reportUrl":"https://emiryazicii.github.io/Symund-B32G26/21//#testresult/32bd0dae6770c13f","status":"skipped","statusDetails":"Could not start a new session. Response code 500. Message: session not created: Chrome failed to start: exited normally.\n  (session not created: DevToolsActivePort file doesn't exist)\n  (The process started from chrome location /usr/bin/google-chrome is no longer running, so ChromeDriver is assuming that Chrome has crashed.) \nHost info: host: 'fv-az1535-961', ip: '10.1.0.119'\nBuild info: version: '4.18.1', revision: 'b1d3319b48'\nSystem info: os.name: 'Linux', os.arch: 'amd64', os.version: '6.5.0-1016-azure', java.version: '11.0.22'\nDriver info: org.openqa.selenium.chrome.ChromeDriver\nCommand: [null, newSession {capabilities=[Capabilities {browserName: chrome, goog:chromeOptions: {args: [], binary: /usr/bin/google-chrome, extensions: []}}]}]","time":{"start":1711140975260,"stop":1711140975675,"duration":415}},{"uid":"5ca0d251abe3d8c1","reportUrl":"https://emiryazicii.github.io/Symund-B32G26/20//#testresult/5ca0d251abe3d8c1","status":"passed","time":{"start":1711038225393,"stop":1711038238009,"duration":12616}},{"uid":"c87f22e7c588cdb3","reportUrl":"https://emiryazicii.github.io/Symund-B32G26/20//#testresult/c87f22e7c588cdb3","status":"passed","time":{"start":1711036204667,"stop":1711036216843,"duration":12176}},{"uid":"449e2dfd8a05d2f","reportUrl":"https://emiryazicii.github.io/Symund-B32G26/19//#testresult/449e2dfd8a05d2f","status":"passed","time":{"start":1711006865042,"stop":1711006876602,"duration":11560}},{"uid":"9bcb790c7668c8ed","reportUrl":"https://emiryazicii.github.io/Symund-B32G26/18//#testresult/9bcb790c7668c8ed","status":"passed","time":{"start":1711005183114,"stop":1711005195890,"duration":12776}},{"uid":"a899c472c0318c61","reportUrl":"https://emiryazicii.github.io/Symund-B32G26/16//#testresult/a899c472c0318c61","status":"passed","time":{"start":1711003796370,"stop":1711003810187,"duration":13817}},{"uid":"b6dd03632398c61b","reportUrl":"https://emiryazicii.github.io/Symund-B32G26/16//#testresult/b6dd03632398c61b","status":"passed","time":{"start":1711002880834,"stop":1711002895700,"duration":14866}},{"uid":"7185f2936ed4637e","reportUrl":"https://emiryazicii.github.io/Symund-B32G26/15//#testresult/7185f2936ed4637e","status":"skipped","statusDetails":"Could not start a new session. Response code 500. Message: session not created: Chrome failed to start: exited normally.\n  (session not created: DevToolsActivePort file doesn't exist)\n  (The process started from chrome location /usr/bin/google-chrome is no longer running, so ChromeDriver is assuming that Chrome has crashed.) \nHost info: host: 'fv-az1106-902', ip: '10.1.0.28'\nBuild info: version: '4.18.1', revision: 'b1d3319b48'\nSystem info: os.name: 'Linux', os.arch: 'amd64', os.version: '6.5.0-1016-azure', java.version: '11.0.22'\nDriver info: org.openqa.selenium.chrome.ChromeDriver\nCommand: [null, newSession {capabilities=[Capabilities {browserName: chrome, goog:chromeOptions: {args: [], binary: /usr/bin/google-chrome, extensions: []}}]}]","time":{"start":1711002053799,"stop":1711002054206,"duration":407}}]},"34ee1fbeb315bfef11075e64b48b0b4":{"statistic":{"failed":0,"broken":0,"skipped":2,"passed":12,"unknown":0,"total":14},"items":[{"uid":"c6972a00ae411585","reportUrl":"https://emiryazicii.github.io/Symund-B32G26/25//#testresult/c6972a00ae411585","status":"passed","time":{"start":1711233913647,"stop":1711233920049,"duration":6402}},{"uid":"406794d8d377bce0","reportUrl":"https://emiryazicii.github.io/Symund-B32G26/24//#testresult/406794d8d377bce0","status":"passed","time":{"start":1711233280567,"stop":1711233286516,"duration":5949}},{"uid":"1367f5ae87b2e7ae","reportUrl":"https://emiryazicii.github.io/Symund-B32G26/23//#testresult/1367f5ae87b2e7ae","status":"passed","time":{"start":1711172266928,"stop":1711172272401,"duration":5473}},{"uid":"b75494cfdb638dda","reportUrl":"https://emiryazicii.github.io/Symund-B32G26/23//#testresult/b75494cfdb638dda","status":"passed","time":{"start":1711144029435,"stop":1711144035525,"duration":6090}},{"uid":"39a3cb30aa58d1e7","reportUrl":"https://emiryazicii.github.io/Symund-B32G26/23//#testresult/39a3cb30aa58d1e7","status":"passed","time":{"start":1711142971796,"stop":1711142977418,"duration":5622}},{"uid":"d9628f3c86a645ac","reportUrl":"https://emiryazicii.github.io/Symund-B32G26/22//#testresult/d9628f3c86a645ac","status":"passed","time":{"start":1711142028356,"stop":1711142033548,"duration":5192}},{"uid":"f502fb09ce920d3a","reportUrl":"https://emiryazicii.github.io/Symund-B32G26/21//#testresult/f502fb09ce920d3a","status":"skipped","statusDetails":"Could not start a new session. Response code 500. Message: session not created: Chrome failed to start: exited normally.\n  (session not created: DevToolsActivePort file doesn't exist)\n  (The process started from chrome location /usr/bin/google-chrome is no longer running, so ChromeDriver is assuming that Chrome has crashed.) \nHost info: host: 'fv-az1535-961', ip: '10.1.0.119'\nBuild info: version: '4.18.1', revision: 'b1d3319b48'\nSystem info: os.name: 'Linux', os.arch: 'amd64', os.version: '6.5.0-1016-azure', java.version: '11.0.22'\nDriver info: org.openqa.selenium.chrome.ChromeDriver\nCommand: [null, newSession {capabilities=[Capabilities {browserName: chrome, goog:chromeOptions: {args: [], binary: /usr/bin/google-chrome, extensions: []}}]}]","time":{"start":1711140987525,"stop":1711140987905,"duration":380}},{"uid":"5ca9dc6a80003192","reportUrl":"https://emiryazicii.github.io/Symund-B32G26/20//#testresult/5ca9dc6a80003192","status":"passed","time":{"start":1711038542293,"stop":1711038547805,"duration":5512}},{"uid":"db3644e9544b933a","reportUrl":"https://emiryazicii.github.io/Symund-B32G26/20//#testresult/db3644e9544b933a","status":"passed","time":{"start":1711036537229,"stop":1711036542838,"duration":5609}},{"uid":"b0e3d9e95de1630b","reportUrl":"https://emiryazicii.github.io/Symund-B32G26/19//#testresult/b0e3d9e95de1630b","status":"passed","time":{"start":1711007150079,"stop":1711007155396,"duration":5317}},{"uid":"f15a32edc5cc91b5","reportUrl":"https://emiryazicii.github.io/Symund-B32G26/18//#testresult/f15a32edc5cc91b5","status":"passed","time":{"start":1711005540074,"stop":1711005545305,"duration":5231}},{"uid":"5b7badf0e8e0434e","reportUrl":"https://emiryazicii.github.io/Symund-B32G26/16//#testresult/5b7badf0e8e0434e","status":"passed","time":{"start":1711003835304,"stop":1711003841892,"duration":6588}},{"uid":"8b92a789a71b2258","reportUrl":"https://emiryazicii.github.io/Symund-B32G26/16//#testresult/8b92a789a71b2258","status":"passed","time":{"start":1711002921736,"stop":1711002928235,"duration":6499}},{"uid":"d3a253dba1fc80d9","reportUrl":"https://emiryazicii.github.io/Symund-B32G26/15//#testresult/d3a253dba1fc80d9","status":"skipped","statusDetails":"Could not start a new session. Response code 500. Message: session not created: Chrome failed to start: exited normally.\n  (session not created: DevToolsActivePort file doesn't exist)\n  (The process started from chrome location /usr/bin/google-chrome is no longer running, so ChromeDriver is assuming that Chrome has crashed.) \nHost info: host: 'fv-az1106-902', ip: '10.1.0.28'\nBuild info: version: '4.18.1', revision: 'b1d3319b48'\nSystem info: os.name: 'Linux', os.arch: 'amd64', os.version: '6.5.0-1016-azure', java.version: '11.0.22'\nDriver info: org.openqa.selenium.chrome.ChromeDriver\nCommand: [null, newSession {capabilities=[Capabilities {browserName: chrome, goog:chromeOptions: {args: [], binary: /usr/bin/google-chrome, extensions: []}}]}]","time":{"start":1711002056713,"stop":1711002057117,"duration":404}}]},"a871f9e08265641c3d32dcc92152ca4a":{"statistic":{"failed":0,"broken":4,"skipped":2,"passed":8,"unknown":0,"total":14},"items":[{"uid":"61b7b1efdfa5e647","reportUrl":"https://emiryazicii.github.io/Symund-B32G26/25//#testresult/61b7b1efdfa5e647","status":"passed","time":{"start":1711233655268,"stop":1711233669955,"duration":14687}},{"uid":"13ee77c384eb1b4e","reportUrl":"https://emiryazicii.github.io/Symund-B32G26/24//#testresult/13ee77c384eb1b4e","status":"passed","time":{"start":1711233127534,"stop":1711233142480,"duration":14946}},{"uid":"56a0674605612947","reportUrl":"https://emiryazicii.github.io/Symund-B32G26/23//#testresult/56a0674605612947","status":"passed","time":{"start":1711172115174,"stop":1711172129750,"duration":14576}},{"uid":"560436f00a260128","reportUrl":"https://emiryazicii.github.io/Symund-B32G26/23//#testresult/560436f00a260128","status":"passed","time":{"start":1711143878026,"stop":1711143893435,"duration":15409}},{"uid":"482e7fa9d18e8c1e","reportUrl":"https://emiryazicii.github.io/Symund-B32G26/23//#testresult/482e7fa9d18e8c1e","status":"broken","statusDetails":"no such element: Unable to locate element: {\"method\":\"xpath\",\"selector\":\"//span[contains(text(),'Assign to me')]\"}\n  (Session info: chrome=122.0.6261.128)\nFor documentation on this error, please visit: https://www.selenium.dev/documentation/webdriver/troubleshooting/errors#no-such-element-exception\nBuild info: version: '4.18.1', revision: 'b1d3319b48'\nSystem info: os.name: 'Linux', os.arch: 'amd64', os.version: '6.5.0-1016-azure', java.version: '11.0.22'\nDriver info: org.openqa.selenium.chrome.ChromeDriver\nCommand: [a25222b2c372bd363eae7702d78c7414, findElement {value=//span[contains(text(),'Assign to me')], using=xpath}]\nCapabilities {acceptInsecureCerts: false, browserName: chrome, browserVersion: 122.0.6261.128, chrome: {chromedriverVersion: 122.0.6261.128 (f18a44fedeb..., userDataDir: /tmp/.org.chromium.Chromium...}, fedcm:accounts: true, goog:chromeOptions: {debuggerAddress: localhost:35627}, networkConnectionEnabled: false, pageLoadStrategy: normal, platformName: linux, proxy: Proxy(), se:cdp: ws://localhost:35627/devtoo..., se:cdpVersion: 122.0.6261.128, setWindowRect: true, strictFileInteractability: false, timeouts: {implicit: 0, pageLoad: 300000, script: 30000}, unhandledPromptBehavior: dismiss and notify, webauthn:extension:credBlob: true, webauthn:extension:largeBlob: true, webauthn:extension:minPinLength: true, webauthn:extension:prf: true, webauthn:virtualAuthenticators: true}\nSession ID: a25222b2c372bd363eae7702d78c7414","time":{"start":1711142792927,"stop":1711142819283,"duration":26356}},{"uid":"b8fd218e494cb6d6","reportUrl":"https://emiryazicii.github.io/Symund-B32G26/22//#testresult/b8fd218e494cb6d6","status":"passed","time":{"start":1711141891620,"stop":1711141904581,"duration":12961}},{"uid":"9aa0ac06f56ed923","reportUrl":"https://emiryazicii.github.io/Symund-B32G26/21//#testresult/9aa0ac06f56ed923","status":"skipped","statusDetails":"Could not start a new session. Response code 500. Message: session not created: Chrome failed to start: exited normally.\n  (session not created: DevToolsActivePort file doesn't exist)\n  (The process started from chrome location /usr/bin/google-chrome is no longer running, so ChromeDriver is assuming that Chrome has crashed.) \nHost info: host: 'fv-az1535-961', ip: '10.1.0.119'\nBuild info: version: '4.18.1', revision: 'b1d3319b48'\nSystem info: os.name: 'Linux', os.arch: 'amd64', os.version: '6.5.0-1016-azure', java.version: '11.0.22'\nDriver info: org.openqa.selenium.chrome.ChromeDriver\nCommand: [null, newSession {capabilities=[Capabilities {browserName: chrome, goog:chromeOptions: {args: [], binary: /usr/bin/google-chrome, extensions: []}}]}]","time":{"start":1711140981690,"stop":1711140982080,"duration":390}},{"uid":"7f8e2d180868785f","reportUrl":"https://emiryazicii.github.io/Symund-B32G26/20//#testresult/7f8e2d180868785f","status":"passed","time":{"start":1711038450168,"stop":1711038465184,"duration":15016}},{"uid":"ce1764e627cae2bd","reportUrl":"https://emiryazicii.github.io/Symund-B32G26/20//#testresult/ce1764e627cae2bd","status":"passed","time":{"start":1711036443935,"stop":1711036458011,"duration":14076}},{"uid":"c8b74f51eb421426","reportUrl":"https://emiryazicii.github.io/Symund-B32G26/19//#testresult/c8b74f51eb421426","status":"passed","time":{"start":1711007067096,"stop":1711007080844,"duration":13748}},{"uid":"646a3eb102c995f9","reportUrl":"https://emiryazicii.github.io/Symund-B32G26/18//#testresult/646a3eb102c995f9","status":"broken","statusDetails":"no such element: Unable to locate element: {\"method\":\"xpath\",\"selector\":\"//h3[contains(text(),'Budget Breakdown')]/../..//span[contains(text(),'Expense Tracking')]/../../..//button\"}\n  (Session info: chrome=122.0.6261.128)\nFor documentation on this error, please visit: https://www.selenium.dev/documentation/webdriver/troubleshooting/errors#no-such-element-exception\nBuild info: version: '4.18.1', revision: 'b1d3319b48'\nSystem info: os.name: 'Linux', os.arch: 'amd64', os.version: '6.5.0-1016-azure', java.version: '11.0.22'\nDriver info: org.openqa.selenium.chrome.ChromeDriver\nCommand: [575b1eaa7cd5cf96e77b12547ea5d094, findElement {using=xpath, value=//h3[contains(text(),'Budget Breakdown')]/../..//span[contains(text(),'Expense Tracking')]/../../..//button}]\nCapabilities {acceptInsecureCerts: false, browserName: chrome, browserVersion: 122.0.6261.128, chrome: {chromedriverVersion: 122.0.6261.128 (f18a44fedeb..., userDataDir: /tmp/.org.chromium.Chromium...}, fedcm:accounts: true, goog:chromeOptions: {debuggerAddress: localhost:43045}, networkConnectionEnabled: false, pageLoadStrategy: normal, platformName: linux, proxy: Proxy(), se:cdp: ws://localhost:43045/devtoo..., se:cdpVersion: 122.0.6261.128, setWindowRect: true, strictFileInteractability: false, timeouts: {implicit: 0, pageLoad: 300000, script: 30000}, unhandledPromptBehavior: dismiss and notify, webauthn:extension:credBlob: true, webauthn:extension:largeBlob: true, webauthn:extension:minPinLength: true, webauthn:extension:prf: true, webauthn:virtualAuthenticators: true}\nSession ID: 575b1eaa7cd5cf96e77b12547ea5d094","time":{"start":1711005438945,"stop":1711005461444,"duration":22499}},{"uid":"97cb177c19e4e96f","reportUrl":"https://emiryazicii.github.io/Symund-B32G26/16//#testresult/97cb177c19e4e96f","status":"broken","statusDetails":"Expected condition failed: waiting for element to be clickable: [[ChromeDriver: chrome on linux (9541fdfc7a89079ec6f67064da0557ce)] -> xpath: //span[@title='Financial Planning']/..] (tried for 10 second(s) with 500 milliseconds interval)\nBuild info: version: '4.18.1', revision: 'b1d3319b48'\nSystem info: os.name: 'Linux', os.arch: 'amd64', os.version: '6.5.0-1016-azure', java.version: '11.0.22'\nDriver info: org.openqa.selenium.chrome.ChromeDriver\nCapabilities {acceptInsecureCerts: false, browserName: chrome, browserVersion: 122.0.6261.128, chrome: {chromedriverVersion: 122.0.6261.128 (f18a44fedeb..., userDataDir: /tmp/.org.chromium.Chromium...}, fedcm:accounts: true, goog:chromeOptions: {debuggerAddress: localhost:41779}, networkConnectionEnabled: false, pageLoadStrategy: normal, platformName: linux, proxy: Proxy(), se:cdp: ws://localhost:41779/devtoo..., se:cdpVersion: 122.0.6261.128, setWindowRect: true, strictFileInteractability: false, timeouts: {implicit: 0, pageLoad: 300000, script: 30000}, unhandledPromptBehavior: dismiss and notify, webauthn:extension:credBlob: true, webauthn:extension:largeBlob: true, webauthn:extension:minPinLength: true, webauthn:extension:prf: true, webauthn:virtualAuthenticators: true}\nSession ID: 9541fdfc7a89079ec6f67064da0557ce","time":{"start":1711004040172,"stop":1711004061710,"duration":21538}},{"uid":"18b3389698e6560","reportUrl":"https://emiryazicii.github.io/Symund-B32G26/16//#testresult/18b3389698e6560","status":"broken","statusDetails":"no such element: Unable to locate element: {\"method\":\"xpath\",\"selector\":\"//span[contains(text(),'Assign to me')]\"}\n  (Session info: chrome=122.0.6261.128)\nFor documentation on this error, please visit: https://www.selenium.dev/documentation/webdriver/troubleshooting/errors#no-such-element-exception\nBuild info: version: '4.18.1', revision: 'b1d3319b48'\nSystem info: os.name: 'Linux', os.arch: 'amd64', os.version: '6.5.0-1016-azure', java.version: '11.0.22'\nDriver info: org.openqa.selenium.chrome.ChromeDriver\nCommand: [6fb14c61f00c06527a8b185f12c6879c, findElement {using=xpath, value=//span[contains(text(),'Assign to me')]}]\nCapabilities {acceptInsecureCerts: false, browserName: chrome, browserVersion: 122.0.6261.128, chrome: {chromedriverVersion: 122.0.6261.128 (f18a44fedeb..., userDataDir: /tmp/.org.chromium.Chromium...}, fedcm:accounts: true, goog:chromeOptions: {debuggerAddress: localhost:35589}, networkConnectionEnabled: false, pageLoadStrategy: normal, platformName: linux, proxy: Proxy(), se:cdp: ws://localhost:35589/devtoo..., se:cdpVersion: 122.0.6261.128, setWindowRect: true, strictFileInteractability: false, timeouts: {implicit: 0, pageLoad: 300000, script: 30000}, unhandledPromptBehavior: dismiss and notify, webauthn:extension:credBlob: true, webauthn:extension:largeBlob: true, webauthn:extension:minPinLength: true, webauthn:extension:prf: true, webauthn:virtualAuthenticators: true}\nSession ID: 6fb14c61f00c06527a8b185f12c6879c","time":{"start":1711003123876,"stop":1711003145946,"duration":22070}},{"uid":"7a9db6e6406057da","reportUrl":"https://emiryazicii.github.io/Symund-B32G26/15//#testresult/7a9db6e6406057da","status":"skipped","statusDetails":"Could not start a new session. Response code 500. Message: session not created: Chrome failed to start: exited normally.\n  (session not created: DevToolsActivePort file doesn't exist)\n  (The process started from chrome location /usr/bin/google-chrome is no longer running, so ChromeDriver is assuming that Chrome has crashed.) \nHost info: host: 'fv-az1106-902', ip: '10.1.0.28'\nBuild info: version: '4.18.1', revision: 'b1d3319b48'\nSystem info: os.name: 'Linux', os.arch: 'amd64', os.version: '6.5.0-1016-azure', java.version: '11.0.22'\nDriver info: org.openqa.selenium.chrome.ChromeDriver\nCommand: [null, newSession {capabilities=[Capabilities {browserName: chrome, goog:chromeOptions: {args: [], binary: /usr/bin/google-chrome, extensions: []}}]}]","time":{"start":1711002060245,"stop":1711002060622,"duration":377}}]},"c3c7ee2adae1ee1abc5cf27a7ba217e4":{"statistic":{"failed":0,"broken":0,"skipped":1,"passed":6,"unknown":0,"total":7},"items":[{"uid":"8a27d80ee9c3d90c","reportUrl":"https://emiryazicii.github.io/Symund-B32G26/25//#testresult/8a27d80ee9c3d90c","status":"passed","time":{"start":1711233805031,"stop":1711233820895,"duration":15864}},{"uid":"c8a18c6dbd6df2cc","reportUrl":"https://emiryazicii.github.io/Symund-B32G26/24//#testresult/c8a18c6dbd6df2cc","status":"passed","time":{"start":1711233173864,"stop":1711233189204,"duration":15340}},{"uid":"3ca0bfa17bdccbf9","reportUrl":"https://emiryazicii.github.io/Symund-B32G26/23//#testresult/3ca0bfa17bdccbf9","status":"passed","time":{"start":1711172164990,"stop":1711172180692,"duration":15702}},{"uid":"a5e90100a13b5f4b","reportUrl":"https://emiryazicii.github.io/Symund-B32G26/23//#testresult/a5e90100a13b5f4b","status":"passed","time":{"start":1711143924021,"stop":1711143939983,"duration":15962}},{"uid":"4f23b7834a37a433","reportUrl":"https://emiryazicii.github.io/Symund-B32G26/23//#testresult/4f23b7834a37a433","status":"passed","time":{"start":1711142863188,"stop":1711142879599,"duration":16411}},{"uid":"7ea24825faa84b8c","reportUrl":"https://emiryazicii.github.io/Symund-B32G26/22//#testresult/7ea24825faa84b8c","status":"passed","time":{"start":1711141933179,"stop":1711141947895,"duration":14716}},{"uid":"a0234e2439aeed49","reportUrl":"https://emiryazicii.github.io/Symund-B32G26/21//#testresult/a0234e2439aeed49","status":"skipped","statusDetails":"Could not start a new session. Response code 500. Message: session not created: Chrome failed to start: exited normally.\n  (session not created: DevToolsActivePort file doesn't exist)\n  (The process started from chrome location /usr/bin/google-chrome is no longer running, so ChromeDriver is assuming that Chrome has crashed.) \nHost info: host: 'fv-az1535-961', ip: '10.1.0.119'\nBuild info: version: '4.18.1', revision: 'b1d3319b48'\nSystem info: os.name: 'Linux', os.arch: 'amd64', os.version: '6.5.0-1016-azure', java.version: '11.0.22'\nDriver info: org.openqa.selenium.chrome.ChromeDriver\nCommand: [null, newSession {capabilities=[Capabilities {browserName: chrome, goog:chromeOptions: {args: [], binary: /usr/bin/google-chrome, extensions: []}}]}]","time":{"start":1711140982876,"stop":1711140983258,"duration":382}}]},"f4ba4568eefe9c2cc7e307f78c11d07b":{"statistic":{"failed":0,"broken":0,"skipped":2,"passed":12,"unknown":0,"total":14},"items":[{"uid":"b582a087a18cf765","reportUrl":"https://emiryazicii.github.io/Symund-B32G26/25//#testresult/b582a087a18cf765","status":"passed","time":{"start":1711233538603,"stop":1711233552712,"duration":14109}},{"uid":"da028d4a5f4a4c72","reportUrl":"https://emiryazicii.github.io/Symund-B32G26/24//#testresult/da028d4a5f4a4c72","status":"passed","time":{"start":1711232998971,"stop":1711233014964,"duration":15993}},{"uid":"49b166ae2923f65f","reportUrl":"https://emiryazicii.github.io/Symund-B32G26/23//#testresult/49b166ae2923f65f","status":"passed","time":{"start":1711171998296,"stop":1711172013213,"duration":14917}},{"uid":"499cbdb2ce782cde","reportUrl":"https://emiryazicii.github.io/Symund-B32G26/23//#testresult/499cbdb2ce782cde","status":"passed","time":{"start":1711143762423,"stop":1711143776950,"duration":14527}},{"uid":"c709bdb755be5243","reportUrl":"https://emiryazicii.github.io/Symund-B32G26/23//#testresult/c709bdb755be5243","status":"passed","time":{"start":1711142645589,"stop":1711142659027,"duration":13438}},{"uid":"5540c3a5ef14eb30","reportUrl":"https://emiryazicii.github.io/Symund-B32G26/22//#testresult/5540c3a5ef14eb30","status":"passed","time":{"start":1711141784894,"stop":1711141797683,"duration":12789}},{"uid":"52599fa38f52d5db","reportUrl":"https://emiryazicii.github.io/Symund-B32G26/21//#testresult/52599fa38f52d5db","status":"skipped","statusDetails":"Could not start a new session. Response code 500. Message: session not created: Chrome failed to start: exited normally.\n  (session not created: DevToolsActivePort file doesn't exist)\n  (The process started from chrome location /usr/bin/google-chrome is no longer running, so ChromeDriver is assuming that Chrome has crashed.) \nHost info: host: 'fv-az1535-961', ip: '10.1.0.119'\nBuild info: version: '4.18.1', revision: 'b1d3319b48'\nSystem info: os.name: 'Linux', os.arch: 'amd64', os.version: '6.5.0-1016-azure', java.version: '11.0.22'\nDriver info: org.openqa.selenium.chrome.ChromeDriver\nCommand: [null, newSession {capabilities=[Capabilities {browserName: chrome, goog:chromeOptions: {args: [], binary: /usr/bin/google-chrome, extensions: []}}]}]","time":{"start":1711140978500,"stop":1711140978887,"duration":387}},{"uid":"80335b3eb0c44c3c","reportUrl":"https://emiryazicii.github.io/Symund-B32G26/20//#testresult/80335b3eb0c44c3c","status":"passed","time":{"start":1711038333912,"stop":1711038347931,"duration":14019}},{"uid":"219ccf0514874207","reportUrl":"https://emiryazicii.github.io/Symund-B32G26/20//#testresult/219ccf0514874207","status":"passed","time":{"start":1711036324953,"stop":1711036338715,"duration":13762}},{"uid":"d8fab32a25f54f5f","reportUrl":"https://emiryazicii.github.io/Symund-B32G26/19//#testresult/d8fab32a25f54f5f","status":"passed","time":{"start":1711006963521,"stop":1711006976427,"duration":12906}},{"uid":"1d3665595fe36994","reportUrl":"https://emiryazicii.github.io/Symund-B32G26/18//#testresult/1d3665595fe36994","status":"passed","time":{"start":1711005284960,"stop":1711005298446,"duration":13486}},{"uid":"a514f9f05ba4405b","reportUrl":"https://emiryazicii.github.io/Symund-B32G26/16//#testresult/a514f9f05ba4405b","status":"passed","time":{"start":1711003911402,"stop":1711003923652,"duration":12250}},{"uid":"48517e0a218b8cdd","reportUrl":"https://emiryazicii.github.io/Symund-B32G26/16//#testresult/48517e0a218b8cdd","status":"passed","time":{"start":1711002991403,"stop":1711003004683,"duration":13280}},{"uid":"80d74275cb36d0e9","reportUrl":"https://emiryazicii.github.io/Symund-B32G26/15//#testresult/80d74275cb36d0e9","status":"skipped","statusDetails":"Could not start a new session. Response code 500. Message: session not created: Chrome failed to start: exited normally.\n  (session not created: DevToolsActivePort file doesn't exist)\n  (The process started from chrome location /usr/bin/google-chrome is no longer running, so ChromeDriver is assuming that Chrome has crashed.) \nHost info: host: 'fv-az1106-902', ip: '10.1.0.28'\nBuild info: version: '4.18.1', revision: 'b1d3319b48'\nSystem info: os.name: 'Linux', os.arch: 'amd64', os.version: '6.5.0-1016-azure', java.version: '11.0.22'\nDriver info: org.openqa.selenium.chrome.ChromeDriver\nCommand: [null, newSession {capabilities=[Capabilities {browserName: chrome, goog:chromeOptions: {args: [], binary: /usr/bin/google-chrome, extensions: []}}]}]","time":{"start":1711002057123,"stop":1711002057513,"duration":390}}]},"fe1e8100055001dfb3aa7181b05d3367":{"statistic":{"failed":0,"broken":0,"skipped":2,"passed":12,"unknown":0,"total":14},"items":[{"uid":"7ab4eaba75200352","reportUrl":"https://emiryazicii.github.io/Symund-B32G26/25//#testresult/7ab4eaba75200352","status":"passed","time":{"start":1711233414719,"stop":1711233428019,"duration":13300}},{"uid":"a612440e3444c014","reportUrl":"https://emiryazicii.github.io/Symund-B32G26/24//#testresult/a612440e3444c014","status":"passed","time":{"start":1711232872791,"stop":1711232886102,"duration":13311}},{"uid":"b73cae27cd8a9d18","reportUrl":"https://emiryazicii.github.io/Symund-B32G26/23//#testresult/b73cae27cd8a9d18","status":"passed","time":{"start":1711171852363,"stop":1711171868971,"duration":16608}},{"uid":"c0f4c051e614eb7a","reportUrl":"https://emiryazicii.github.io/Symund-B32G26/23//#testresult/c0f4c051e614eb7a","status":"passed","time":{"start":1711143634317,"stop":1711143649109,"duration":14792}},{"uid":"606a92246325f2bc","reportUrl":"https://emiryazicii.github.io/Symund-B32G26/23//#testresult/606a92246325f2bc","status":"passed","time":{"start":1711142504382,"stop":1711142520076,"duration":15694}},{"uid":"d4c6bf4a20d70bff","reportUrl":"https://emiryazicii.github.io/Symund-B32G26/22//#testresult/d4c6bf4a20d70bff","status":"passed","time":{"start":1711141669577,"stop":1711141681803,"duration":12226}},{"uid":"1e929fa9b5a76a7","reportUrl":"https://emiryazicii.github.io/Symund-B32G26/21//#testresult/1e929fa9b5a76a7","status":"skipped","statusDetails":"Could not start a new session. Response code 500. Message: session not created: Chrome failed to start: exited normally.\n  (session not created: DevToolsActivePort file doesn't exist)\n  (The process started from chrome location /usr/bin/google-chrome is no longer running, so ChromeDriver is assuming that Chrome has crashed.) \nHost info: host: 'fv-az1535-961', ip: '10.1.0.119'\nBuild info: version: '4.18.1', revision: 'b1d3319b48'\nSystem info: os.name: 'Linux', os.arch: 'amd64', os.version: '6.5.0-1016-azure', java.version: '11.0.22'\nDriver info: org.openqa.selenium.chrome.ChromeDriver\nCommand: [null, newSession {capabilities=[Capabilities {browserName: chrome, goog:chromeOptions: {args: [], binary: /usr/bin/google-chrome, extensions: []}}]}]","time":{"start":1711140974836,"stop":1711140975245,"duration":409}},{"uid":"b10ac49f34965f3e","reportUrl":"https://emiryazicii.github.io/Symund-B32G26/20//#testresult/b10ac49f34965f3e","status":"passed","time":{"start":1711038213248,"stop":1711038225381,"duration":12133}},{"uid":"b631ac038c94abb2","reportUrl":"https://emiryazicii.github.io/Symund-B32G26/20//#testresult/b631ac038c94abb2","status":"passed","time":{"start":1711036191967,"stop":1711036204656,"duration":12689}},{"uid":"b8324fe806ca5253","reportUrl":"https://emiryazicii.github.io/Symund-B32G26/19//#testresult/b8324fe806ca5253","status":"passed","time":{"start":1711006853029,"stop":1711006865034,"duration":12005}},{"uid":"894c8729deec326a","reportUrl":"https://emiryazicii.github.io/Symund-B32G26/18//#testresult/894c8729deec326a","status":"passed","time":{"start":1711005171077,"stop":1711005183104,"duration":12027}},{"uid":"91f9475c504c8ee5","reportUrl":"https://emiryazicii.github.io/Symund-B32G26/16//#testresult/91f9475c504c8ee5","status":"passed","time":{"start":1711003782070,"stop":1711003796360,"duration":14290}},{"uid":"82cc57acaac3ac8a","reportUrl":"https://emiryazicii.github.io/Symund-B32G26/16//#testresult/82cc57acaac3ac8a","status":"passed","time":{"start":1711002865857,"stop":1711002880822,"duration":14965}},{"uid":"e574a3c08a970e4e","reportUrl":"https://emiryazicii.github.io/Symund-B32G26/15//#testresult/e574a3c08a970e4e","status":"skipped","statusDetails":"Could not start a new session. Response code 500. Message: session not created: Chrome failed to start: exited normally.\n  (session not created: DevToolsActivePort file doesn't exist)\n  (The process started from chrome location /usr/bin/google-chrome is no longer running, so ChromeDriver is assuming that Chrome has crashed.) \nHost info: host: 'fv-az1106-902', ip: '10.1.0.28'\nBuild info: version: '4.18.1', revision: 'b1d3319b48'\nSystem info: os.name: 'Linux', os.arch: 'amd64', os.version: '6.5.0-1016-azure', java.version: '11.0.22'\nDriver info: org.openqa.selenium.chrome.ChromeDriver\nCommand: [null, newSession {capabilities=[Capabilities {browserName: chrome, goog:chromeOptions: {args: [], binary: /usr/bin/google-chrome, extensions: []}}]}]","time":{"start":1711002053371,"stop":1711002053789,"duration":418}}]},"e8ab7a0c76785dfe6a54dc68fd186f6a":{"statistic":{"failed":0,"broken":2,"skipped":2,"passed":10,"unknown":0,"total":14},"items":[{"uid":"8cef16a0bcfc40b9","reportUrl":"https://emiryazicii.github.io/Symund-B32G26/25//#testresult/8cef16a0bcfc40b9","status":"passed","time":{"start":1711233524733,"stop":1711233538596,"duration":13863}},{"uid":"ed94ed4178fe56e8","reportUrl":"https://emiryazicii.github.io/Symund-B32G26/24//#testresult/ed94ed4178fe56e8","status":"passed","time":{"start":1711232984305,"stop":1711232998967,"duration":14662}},{"uid":"55be3d789789720c","reportUrl":"https://emiryazicii.github.io/Symund-B32G26/23//#testresult/55be3d789789720c","status":"passed","time":{"start":1711171976565,"stop":1711171998289,"duration":21724}},{"uid":"48e901c7830f963c","reportUrl":"https://emiryazicii.github.io/Symund-B32G26/23//#testresult/48e901c7830f963c","status":"passed","time":{"start":1711143747924,"stop":1711143762418,"duration":14494}},{"uid":"27e4bb8f8a5025c4","reportUrl":"https://emiryazicii.github.io/Symund-B32G26/23//#testresult/27e4bb8f8a5025c4","status":"passed","time":{"start":1711142626706,"stop":1711142645582,"duration":18876}},{"uid":"31e81cb7f58434c5","reportUrl":"https://emiryazicii.github.io/Symund-B32G26/22//#testresult/31e81cb7f58434c5","status":"passed","time":{"start":1711141771427,"stop":1711141784890,"duration":13463}},{"uid":"7cd15c5fa8a417e2","reportUrl":"https://emiryazicii.github.io/Symund-B32G26/21//#testresult/7cd15c5fa8a417e2","status":"skipped","statusDetails":"Could not start a new session. Response code 500. Message: session not created: Chrome failed to start: exited normally.\n  (session not created: DevToolsActivePort file doesn't exist)\n  (The process started from chrome location /usr/bin/google-chrome is no longer running, so ChromeDriver is assuming that Chrome has crashed.) \nHost info: host: 'fv-az1535-961', ip: '10.1.0.119'\nBuild info: version: '4.18.1', revision: 'b1d3319b48'\nSystem info: os.name: 'Linux', os.arch: 'amd64', os.version: '6.5.0-1016-azure', java.version: '11.0.22'\nDriver info: org.openqa.selenium.chrome.ChromeDriver\nCommand: [null, newSession {capabilities=[Capabilities {browserName: chrome, goog:chromeOptions: {args: [], binary: /usr/bin/google-chrome, extensions: []}}]}]","time":{"start":1711140978086,"stop":1711140978495,"duration":409}},{"uid":"5c820534e23abbd1","reportUrl":"https://emiryazicii.github.io/Symund-B32G26/20//#testresult/5c820534e23abbd1","status":"passed","time":{"start":1711038320429,"stop":1711038333907,"duration":13478}},{"uid":"f6c2eca85256772d","reportUrl":"https://emiryazicii.github.io/Symund-B32G26/20//#testresult/f6c2eca85256772d","status":"broken","statusDetails":"no such element: Unable to locate element: {\"method\":\"xpath\",\"selector\":\"//span[@title='Operational Excellence']/..\"}\n  (Session info: chrome=122.0.6261.128)\nFor documentation on this error, please visit: https://www.selenium.dev/documentation/webdriver/troubleshooting/errors#no-such-element-exception\nBuild info: version: '4.18.1', revision: 'b1d3319b48'\nSystem info: os.name: 'Linux', os.arch: 'amd64', os.version: '6.5.0-1016-azure', java.version: '11.0.22'\nDriver info: org.openqa.selenium.chrome.ChromeDriver\nCommand: [9f27a9ba0fa58e1d53e40e107b4967be, findElement {value=//span[@title='Operational Excellence']/.., using=xpath}]\nCapabilities {acceptInsecureCerts: false, browserName: chrome, browserVersion: 122.0.6261.128, chrome: {chromedriverVersion: 122.0.6261.128 (f18a44fedeb..., userDataDir: /tmp/.org.chromium.Chromium...}, fedcm:accounts: true, goog:chromeOptions: {debuggerAddress: localhost:38023}, networkConnectionEnabled: false, pageLoadStrategy: normal, platformName: linux, proxy: Proxy(), se:cdp: ws://localhost:38023/devtoo..., se:cdpVersion: 122.0.6261.128, setWindowRect: true, strictFileInteractability: false, timeouts: {implicit: 0, pageLoad: 300000, script: 30000}, unhandledPromptBehavior: dismiss and notify, webauthn:extension:credBlob: true, webauthn:extension:largeBlob: true, webauthn:extension:minPinLength: true, webauthn:extension:prf: true, webauthn:virtualAuthenticators: true}\nSession ID: 9f27a9ba0fa58e1d53e40e107b4967be","time":{"start":1711036303272,"stop":1711036324947,"duration":21675}},{"uid":"c747b6fa934a4975","reportUrl":"https://emiryazicii.github.io/Symund-B32G26/19//#testresult/c747b6fa934a4975","status":"passed","time":{"start":1711006951349,"stop":1711006963515,"duration":12166}},{"uid":"fc11e7b06c3593b5","reportUrl":"https://emiryazicii.github.io/Symund-B32G26/18//#testresult/fc11e7b06c3593b5","status":"passed","time":{"start":1711005271610,"stop":1711005284955,"duration":13345}},{"uid":"215ffe9d0605db5e","reportUrl":"https://emiryazicii.github.io/Symund-B32G26/16//#testresult/215ffe9d0605db5e","status":"passed","time":{"start":1711003899762,"stop":1711003911399,"duration":11637}},{"uid":"8635d1341269a9e4","reportUrl":"https://emiryazicii.github.io/Symund-B32G26/16//#testresult/8635d1341269a9e4","status":"broken","statusDetails":"element click intercepted: Element <a data-v-6069ba79=\"\" data-v-9f64425c=\"\" href=\"#\" aria-expanded=\"false\" aria-controls=\"app-navigation-vue\" class=\"app-navigation-toggle\"></a> is not clickable at point (43, 72). Other element would receive the click: <div data-v-21ada253=\"\" class=\"board-bullet icon-calendar-dark\"></div>\n  (Session info: chrome=122.0.6261.128)\nBuild info: version: '4.18.1', revision: 'b1d3319b48'\nSystem info: os.name: 'Linux', os.arch: 'amd64', os.version: '6.5.0-1016-azure', java.version: '11.0.22'\nDriver info: org.openqa.selenium.chrome.ChromeDriver\nCommand: [b2a98e195b01f15c5faa8da8ff569b5c, clickElement {id=f.130DD3DBE75F23CC4CE4570171A58679.d.FD6FC4BD2999251D2173DBDE59ABC872.e.118}]\nCapabilities {acceptInsecureCerts: false, browserName: chrome, browserVersion: 122.0.6261.128, chrome: {chromedriverVersion: 122.0.6261.128 (f18a44fedeb..., userDataDir: /tmp/.org.chromium.Chromium...}, fedcm:accounts: true, goog:chromeOptions: {debuggerAddress: localhost:41961}, networkConnectionEnabled: false, pageLoadStrategy: normal, platformName: linux, proxy: Proxy(), se:cdp: ws://localhost:41961/devtoo..., se:cdpVersion: 122.0.6261.128, setWindowRect: true, strictFileInteractability: false, timeouts: {implicit: 0, pageLoad: 300000, script: 30000}, unhandledPromptBehavior: dismiss and notify, webauthn:extension:credBlob: true, webauthn:extension:largeBlob: true, webauthn:extension:minPinLength: true, webauthn:extension:prf: true, webauthn:virtualAuthenticators: true}\nElement: [[ChromeDriver: chrome on linux (b2a98e195b01f15c5faa8da8ff569b5c)] -> css selector: a[class='app-navigation-toggle']]\nSession ID: b2a98e195b01f15c5faa8da8ff569b5c","time":{"start":1711002978978,"stop":1711002991397,"duration":12419}},{"uid":"179ae3b912b28cdb","reportUrl":"https://emiryazicii.github.io/Symund-B32G26/15//#testresult/179ae3b912b28cdb","status":"skipped","statusDetails":"Could not start a new session. Response code 500. Message: session not created: Chrome failed to start: exited normally.\n  (session not created: DevToolsActivePort file doesn't exist)\n  (The process started from chrome location /usr/bin/google-chrome is no longer running, so ChromeDriver is assuming that Chrome has crashed.) \nHost info: host: 'fv-az1106-902', ip: '10.1.0.28'\nBuild info: version: '4.18.1', revision: 'b1d3319b48'\nSystem info: os.name: 'Linux', os.arch: 'amd64', os.version: '6.5.0-1016-azure', java.version: '11.0.22'\nDriver info: org.openqa.selenium.chrome.ChromeDriver\nCommand: [null, newSession {capabilities=[Capabilities {browserName: chrome, goog:chromeOptions: {args: [], binary: /usr/bin/google-chrome, extensions: []}}]}]","time":{"start":1711002056712,"stop":1711002057118,"duration":406}}]},"ae7f92b73b372e22c0c75bc8ffc32d0":{"statistic":{"failed":1,"broken":0,"skipped":0,"passed":0,"unknown":0,"total":1},"items":[{"uid":"e8ed83f59e4cf7d5","reportUrl":"https://emiryazicii.github.io/Symund-B32G26/24//#testresult/e8ed83f59e4cf7d5","status":"failed","statusDetails":"java.lang.AssertionError","time":{"start":1711232792297,"stop":1711232805349,"duration":13052}}]},"13db46cc686e6ba6944773107f5522f":{"statistic":{"failed":1,"broken":0,"skipped":0,"passed":0,"unknown":0,"total":1},"items":[{"uid":"5c7e0d84d5778119","reportUrl":"https://emiryazicii.github.io/Symund-B32G26/24//#testresult/5c7e0d84d5778119","status":"failed","statusDetails":"java.lang.AssertionError","time":{"start":1711232805414,"stop":1711232815572,"duration":10158}}]},"2276897084a78d9a8419d50edc896490":{"statistic":{"failed":0,"broken":0,"skipped":0,"passed":1,"unknown":0,"total":1},"items":[{"uid":"7775388fd24e9612","reportUrl":"https://emiryazicii.github.io/Symund-B32G26/25//#testresult/7775388fd24e9612","status":"passed","time":{"start":1711233761482,"stop":1711233775506,"duration":14024}}]},"f00436a5779b3968efc9adbae28c374e":{"statistic":{"failed":0,"broken":0,"skipped":2,"passed":12,"unknown":0,"total":14},"items":[{"uid":"d686c3d7a9bfdad3","reportUrl":"https://emiryazicii.github.io/Symund-B32G26/25//#testresult/d686c3d7a9bfdad3","status":"passed","time":{"start":1711233900974,"stop":1711233907185,"duration":6211}},{"uid":"1357a17e76d7b3cd","reportUrl":"https://emiryazicii.github.io/Symund-B32G26/24//#testresult/1357a17e76d7b3cd","status":"passed","time":{"start":1711233268181,"stop":1711233274381,"duration":6200}},{"uid":"3dc76624186d408c","reportUrl":"https://emiryazicii.github.io/Symund-B32G26/23//#testresult/3dc76624186d408c","status":"passed","time":{"start":1711172255260,"stop":1711172260878,"duration":5618}},{"uid":"fd59a0a7f00151dc","reportUrl":"https://emiryazicii.github.io/Symund-B32G26/23//#testresult/fd59a0a7f00151dc","status":"passed","time":{"start":1711144017606,"stop":1711144023648,"duration":6042}},{"uid":"cf3e3cf52c749918","reportUrl":"https://emiryazicii.github.io/Symund-B32G26/23//#testresult/cf3e3cf52c749918","status":"passed","time":{"start":1711142959576,"stop":1711142965445,"duration":5869}},{"uid":"f68480149b91295","reportUrl":"https://emiryazicii.github.io/Symund-B32G26/22//#testresult/f68480149b91295","status":"passed","time":{"start":1711142017689,"stop":1711142022814,"duration":5125}},{"uid":"b0ffedc61f8431cd","reportUrl":"https://emiryazicii.github.io/Symund-B32G26/21//#testresult/b0ffedc61f8431cd","status":"skipped","statusDetails":"Could not start a new session. Response code 500. Message: session not created: Chrome failed to start: exited normally.\n  (session not created: DevToolsActivePort file doesn't exist)\n  (The process started from chrome location /usr/bin/google-chrome is no longer running, so ChromeDriver is assuming that Chrome has crashed.) \nHost info: host: 'fv-az1535-961', ip: '10.1.0.119'\nBuild info: version: '4.18.1', revision: 'b1d3319b48'\nSystem info: os.name: 'Linux', os.arch: 'amd64', os.version: '6.5.0-1016-azure', java.version: '11.0.22'\nDriver info: org.openqa.selenium.chrome.ChromeDriver\nCommand: [null, newSession {capabilities=[Capabilities {browserName: chrome, goog:chromeOptions: {args: [], binary: /usr/bin/google-chrome, extensions: []}}]}]","time":{"start":1711140986753,"stop":1711140987135,"duration":382}},{"uid":"d0170c00c5206d3e","reportUrl":"https://emiryazicii.github.io/Symund-B32G26/20//#testresult/d0170c00c5206d3e","status":"passed","time":{"start":1711038530900,"stop":1711038536980,"duration":6080}},{"uid":"5d1983ea465c1053","reportUrl":"https://emiryazicii.github.io/Symund-B32G26/20//#testresult/5d1983ea465c1053","status":"passed","time":{"start":1711036526623,"stop":1711036531811,"duration":5188}},{"uid":"13fa49627d820d2b","reportUrl":"https://emiryazicii.github.io/Symund-B32G26/19//#testresult/13fa49627d820d2b","status":"passed","time":{"start":1711007139409,"stop":1711007144721,"duration":5312}},{"uid":"96a36229db43755d","reportUrl":"https://emiryazicii.github.io/Symund-B32G26/18//#testresult/96a36229db43755d","status":"passed","time":{"start":1711005528677,"stop":1711005534251,"duration":5574}},{"uid":"1ae33eecedd5988f","reportUrl":"https://emiryazicii.github.io/Symund-B32G26/16//#testresult/1ae33eecedd5988f","status":"passed","time":{"start":1711003823522,"stop":1711003829492,"duration":5970}},{"uid":"48b7a97e4a12ace3","reportUrl":"https://emiryazicii.github.io/Symund-B32G26/16//#testresult/48b7a97e4a12ace3","status":"passed","time":{"start":1711002907481,"stop":1711002913574,"duration":6093}},{"uid":"b0eb74209a9187d7","reportUrl":"https://emiryazicii.github.io/Symund-B32G26/15//#testresult/b0eb74209a9187d7","status":"skipped","statusDetails":"Could not start a new session. Response code 500. Message: session not created: Chrome failed to start: exited normally.\n  (session not created: DevToolsActivePort file doesn't exist)\n  (The process started from chrome location /usr/bin/google-chrome is no longer running, so ChromeDriver is assuming that Chrome has crashed.) \nHost info: host: 'fv-az1106-902', ip: '10.1.0.28'\nBuild info: version: '4.18.1', revision: 'b1d3319b48'\nSystem info: os.name: 'Linux', os.arch: 'amd64', os.version: '6.5.0-1016-azure', java.version: '11.0.22'\nDriver info: org.openqa.selenium.chrome.ChromeDriver\nCommand: [null, newSession {capabilities=[Capabilities {browserName: chrome, goog:chromeOptions: {args: [], binary: /usr/bin/google-chrome, extensions: []}}]}]","time":{"start":1711002055879,"stop":1711002056287,"duration":408}}]},"3a3793a301cbe10a4de4ec8a898b0a5f":{"statistic":{"failed":0,"broken":0,"skipped":0,"passed":1,"unknown":0,"total":1},"items":[{"uid":"93c7443a56e4a84b","reportUrl":"https://emiryazicii.github.io/Symund-B32G26/25//#testresult/93c7443a56e4a84b","status":"passed","time":{"start":1711233746965,"stop":1711233761478,"duration":14513}}]},"27738fdfd7b862abcd5f316e5d586f82":{"statistic":{"failed":0,"broken":0,"skipped":2,"passed":12,"unknown":0,"total":14},"items":[{"uid":"83053a01712cae60","reportUrl":"https://emiryazicii.github.io/Symund-B32G26/25//#testresult/83053a01712cae60","status":"passed","time":{"start":1711233875747,"stop":1711233885276,"duration":9529}},{"uid":"acbdd2c58244358","reportUrl":"https://emiryazicii.github.io/Symund-B32G26/24//#testresult/acbdd2c58244358","status":"passed","time":{"start":1711233244669,"stop":1711233252652,"duration":7983}},{"uid":"5ed147249bd06da6","reportUrl":"https://emiryazicii.github.io/Symund-B32G26/23//#testresult/5ed147249bd06da6","status":"passed","time":{"start":1711172232946,"stop":1711172240481,"duration":7535}},{"uid":"97b62d4867d9dfea","reportUrl":"https://emiryazicii.github.io/Symund-B32G26/23//#testresult/97b62d4867d9dfea","status":"passed","time":{"start":1711143994999,"stop":1711144002538,"duration":7539}},{"uid":"ce7ad52a11cc3778","reportUrl":"https://emiryazicii.github.io/Symund-B32G26/23//#testresult/ce7ad52a11cc3778","status":"passed","time":{"start":1711142936527,"stop":1711142944145,"duration":7618}},{"uid":"aab9eededd4e8d1d","reportUrl":"https://emiryazicii.github.io/Symund-B32G26/22//#testresult/aab9eededd4e8d1d","status":"passed","time":{"start":1711141997021,"stop":1711142003857,"duration":6836}},{"uid":"f34fde224196a9b5","reportUrl":"https://emiryazicii.github.io/Symund-B32G26/21//#testresult/f34fde224196a9b5","status":"skipped","statusDetails":"Could not start a new session. Response code 500. Message: session not created: Chrome failed to start: exited normally.\n  (session not created: DevToolsActivePort file doesn't exist)\n  (The process started from chrome location /usr/bin/google-chrome is no longer running, so ChromeDriver is assuming that Chrome has crashed.) \nHost info: host: 'fv-az1535-961', ip: '10.1.0.119'\nBuild info: version: '4.18.1', revision: 'b1d3319b48'\nSystem info: os.name: 'Linux', os.arch: 'amd64', os.version: '6.5.0-1016-azure', java.version: '11.0.22'\nDriver info: org.openqa.selenium.chrome.ChromeDriver\nCommand: [null, newSession {capabilities=[Capabilities {browserName: chrome, goog:chromeOptions: {args: [], binary: /usr/bin/google-chrome, extensions: []}}]}]","time":{"start":1711140985596,"stop":1711140985979,"duration":383}},{"uid":"733e2a7eea2ed0a8","reportUrl":"https://emiryazicii.github.io/Symund-B32G26/20//#testresult/733e2a7eea2ed0a8","status":"passed","time":{"start":1711038505135,"stop":1711038512342,"duration":7207}},{"uid":"12e5617dfbf4f16d","reportUrl":"https://emiryazicii.github.io/Symund-B32G26/20//#testresult/12e5617dfbf4f16d","status":"passed","time":{"start":1711036505319,"stop":1711036511759,"duration":6440}},{"uid":"97d492d886a047e6","reportUrl":"https://emiryazicii.github.io/Symund-B32G26/19//#testresult/97d492d886a047e6","status":"passed","time":{"start":1711007118130,"stop":1711007124266,"duration":6136}},{"uid":"ee8ef552c6593266","reportUrl":"https://emiryazicii.github.io/Symund-B32G26/18//#testresult/ee8ef552c6593266","status":"passed","time":{"start":1711005508706,"stop":1711005515251,"duration":6545}},{"uid":"fa1767fe36c3c7a1","reportUrl":"https://emiryazicii.github.io/Symund-B32G26/16//#testresult/fa1767fe36c3c7a1","status":"passed","time":{"start":1711003796943,"stop":1711003805249,"duration":8306}},{"uid":"6560f630b78094d7","reportUrl":"https://emiryazicii.github.io/Symund-B32G26/16//#testresult/6560f630b78094d7","status":"passed","time":{"start":1711002881286,"stop":1711002889701,"duration":8415}},{"uid":"d2f19f397c4a239f","reportUrl":"https://emiryazicii.github.io/Symund-B32G26/15//#testresult/d2f19f397c4a239f","status":"skipped","statusDetails":"Could not start a new session. Response code 500. Message: session not created: Chrome failed to start: exited normally.\n  (session not created: DevToolsActivePort file doesn't exist)\n  (The process started from chrome location /usr/bin/google-chrome is no longer running, so ChromeDriver is assuming that Chrome has crashed.) \nHost info: host: 'fv-az1106-902', ip: '10.1.0.28'\nBuild info: version: '4.18.1', revision: 'b1d3319b48'\nSystem info: os.name: 'Linux', os.arch: 'amd64', os.version: '6.5.0-1016-azure', java.version: '11.0.22'\nDriver info: org.openqa.selenium.chrome.ChromeDriver\nCommand: [null, newSession {capabilities=[Capabilities {browserName: chrome, goog:chromeOptions: {args: [], binary: /usr/bin/google-chrome, extensions: []}}]}]","time":{"start":1711002054642,"stop":1711002055050,"duration":408}}]},"3e4bf347c28b2af75674553f79405d4d":{"statistic":{"failed":0,"broken":0,"skipped":0,"passed":1,"unknown":0,"total":1},"items":[{"uid":"ceb1a14581a91552","reportUrl":"https://emiryazicii.github.io/Symund-B32G26/25//#testresult/ceb1a14581a91552","status":"passed","time":{"start":1711233713116,"stop":1711233730652,"duration":17536}}]},"5e0045e2a21ea534318630c7d166cab2":{"statistic":{"failed":0,"broken":0,"skipped":0,"passed":1,"unknown":0,"total":1},"items":[{"uid":"f15c06c8aa42c31","reportUrl":"https://emiryazicii.github.io/Symund-B32G26/24//#testresult/f15c06c8aa42c31","status":"passed","time":{"start":1711232827711,"stop":1711232859095,"duration":31384}}]},"47fad40575f8b19ae0a715ecae876a98":{"statistic":{"failed":0,"broken":4,"skipped":2,"passed":8,"unknown":0,"total":14},"items":[{"uid":"597e6964f90db439","reportUrl":"https://emiryazicii.github.io/Symund-B32G26/25//#testresult/597e6964f90db439","status":"passed","time":{"start":1711233624799,"stop":1711233640110,"duration":15311}},{"uid":"ab40ee938d3dc06c","reportUrl":"https://emiryazicii.github.io/Symund-B32G26/24//#testresult/ab40ee938d3dc06c","status":"passed","time":{"start":1711233097457,"stop":1711233112391,"duration":14934}},{"uid":"8d40a8b7cb4aeb52","reportUrl":"https://emiryazicii.github.io/Symund-B32G26/23//#testresult/8d40a8b7cb4aeb52","status":"passed","time":{"start":1711172085077,"stop":1711172100721,"duration":15644}},{"uid":"d7bb0426034288ae","reportUrl":"https://emiryazicii.github.io/Symund-B32G26/23//#testresult/d7bb0426034288ae","status":"passed","time":{"start":1711143849467,"stop":1711143863573,"duration":14106}},{"uid":"614314e01a18c15f","reportUrl":"https://emiryazicii.github.io/Symund-B32G26/23//#testresult/614314e01a18c15f","status":"broken","statusDetails":"no such element: Unable to locate element: {\"method\":\"xpath\",\"selector\":\"//span[contains(text(),'Assign to me')]\"}\n  (Session info: chrome=122.0.6261.128)\nFor documentation on this error, please visit: https://www.selenium.dev/documentation/webdriver/troubleshooting/errors#no-such-element-exception\nBuild info: version: '4.18.1', revision: 'b1d3319b48'\nSystem info: os.name: 'Linux', os.arch: 'amd64', os.version: '6.5.0-1016-azure', java.version: '11.0.22'\nDriver info: org.openqa.selenium.chrome.ChromeDriver\nCommand: [4605c5359d9e6e95a6da9a3e790eb6f9, findElement {value=//span[contains(text(),'Assign to me')], using=xpath}]\nCapabilities {acceptInsecureCerts: false, browserName: chrome, browserVersion: 122.0.6261.128, chrome: {chromedriverVersion: 122.0.6261.128 (f18a44fedeb..., userDataDir: /tmp/.org.chromium.Chromium...}, fedcm:accounts: true, goog:chromeOptions: {debuggerAddress: localhost:40591}, networkConnectionEnabled: false, pageLoadStrategy: normal, platformName: linux, proxy: Proxy(), se:cdp: ws://localhost:40591/devtoo..., se:cdpVersion: 122.0.6261.128, setWindowRect: true, strictFileInteractability: false, timeouts: {implicit: 0, pageLoad: 300000, script: 30000}, unhandledPromptBehavior: dismiss and notify, webauthn:extension:credBlob: true, webauthn:extension:largeBlob: true, webauthn:extension:minPinLength: true, webauthn:extension:prf: true, webauthn:virtualAuthenticators: true}\nSession ID: 4605c5359d9e6e95a6da9a3e790eb6f9","time":{"start":1711142744172,"stop":1711142767491,"duration":23319}},{"uid":"413d9007b643ffb9","reportUrl":"https://emiryazicii.github.io/Symund-B32G26/22//#testresult/413d9007b643ffb9","status":"passed","time":{"start":1711141864931,"stop":1711141878437,"duration":13506}},{"uid":"bcc71a0bdcfb7d67","reportUrl":"https://emiryazicii.github.io/Symund-B32G26/21//#testresult/bcc71a0bdcfb7d67","status":"skipped","statusDetails":"Could not start a new session. Response code 500. Message: session not created: Chrome failed to start: exited normally.\n  (session not created: DevToolsActivePort file doesn't exist)\n  (The process started from chrome location /usr/bin/google-chrome is no longer running, so ChromeDriver is assuming that Chrome has crashed.) \nHost info: host: 'fv-az1535-961', ip: '10.1.0.119'\nBuild info: version: '4.18.1', revision: 'b1d3319b48'\nSystem info: os.name: 'Linux', os.arch: 'amd64', os.version: '6.5.0-1016-azure', java.version: '11.0.22'\nDriver info: org.openqa.selenium.chrome.ChromeDriver\nCommand: [null, newSession {capabilities=[Capabilities {browserName: chrome, goog:chromeOptions: {args: [], binary: /usr/bin/google-chrome, extensions: []}}]}]","time":{"start":1711140980907,"stop":1711140981296,"duration":389}},{"uid":"e0c24ae338272f6a","reportUrl":"https://emiryazicii.github.io/Symund-B32G26/20//#testresult/e0c24ae338272f6a","status":"passed","time":{"start":1711038421830,"stop":1711038436267,"duration":14437}},{"uid":"183c0b0ae5079e4a","reportUrl":"https://emiryazicii.github.io/Symund-B32G26/20//#testresult/183c0b0ae5079e4a","status":"passed","time":{"start":1711036415826,"stop":1711036430164,"duration":14338}},{"uid":"cb786a37ab3b6cac","reportUrl":"https://emiryazicii.github.io/Symund-B32G26/19//#testresult/cb786a37ab3b6cac","status":"passed","time":{"start":1711007041260,"stop":1711007054445,"duration":13185}},{"uid":"e049869c264b2ae8","reportUrl":"https://emiryazicii.github.io/Symund-B32G26/18//#testresult/e049869c264b2ae8","status":"broken","statusDetails":"no such element: Unable to locate element: {\"method\":\"xpath\",\"selector\":\"//span[contains(text(),'Assign to me')]\"}\n  (Session info: chrome=122.0.6261.128)\nFor documentation on this error, please visit: https://www.selenium.dev/documentation/webdriver/troubleshooting/errors#no-such-element-exception\nBuild info: version: '4.18.1', revision: 'b1d3319b48'\nSystem info: os.name: 'Linux', os.arch: 'amd64', os.version: '6.5.0-1016-azure', java.version: '11.0.22'\nDriver info: org.openqa.selenium.chrome.ChromeDriver\nCommand: [0064dd4e1017d55e4fe765691c100827, findElement {using=xpath, value=//span[contains(text(),'Assign to me')]}]\nCapabilities {acceptInsecureCerts: false, browserName: chrome, browserVersion: 122.0.6261.128, chrome: {chromedriverVersion: 122.0.6261.128 (f18a44fedeb..., userDataDir: /tmp/.org.chromium.Chromium...}, fedcm:accounts: true, goog:chromeOptions: {debuggerAddress: localhost:34657}, networkConnectionEnabled: false, pageLoadStrategy: normal, platformName: linux, proxy: Proxy(), se:cdp: ws://localhost:34657/devtoo..., se:cdpVersion: 122.0.6261.128, setWindowRect: true, strictFileInteractability: false, timeouts: {implicit: 0, pageLoad: 300000, script: 30000}, unhandledPromptBehavior: dismiss and notify, webauthn:extension:credBlob: true, webauthn:extension:largeBlob: true, webauthn:extension:minPinLength: true, webauthn:extension:prf: true, webauthn:virtualAuthenticators: true}\nSession ID: 0064dd4e1017d55e4fe765691c100827","time":{"start":1711005391337,"stop":1711005414911,"duration":23574}},{"uid":"3dca13e60350a2cd","reportUrl":"https://emiryazicii.github.io/Symund-B32G26/16//#testresult/3dca13e60350a2cd","status":"broken","statusDetails":"no such element: Unable to locate element: {\"method\":\"xpath\",\"selector\":\"//span[contains(text(),'Assign to me')]\"}\n  (Session info: chrome=122.0.6261.128)\nFor documentation on this error, please visit: https://www.selenium.dev/documentation/webdriver/troubleshooting/errors#no-such-element-exception\nBuild info: version: '4.18.1', revision: 'b1d3319b48'\nSystem info: os.name: 'Linux', os.arch: 'amd64', os.version: '6.5.0-1016-azure', java.version: '11.0.22'\nDriver info: org.openqa.selenium.chrome.ChromeDriver\nCommand: [2dbd59bcef2784e1d554e49a8e308555, findElement {using=xpath, value=//span[contains(text(),'Assign to me')]}]\nCapabilities {acceptInsecureCerts: false, browserName: chrome, browserVersion: 122.0.6261.128, chrome: {chromedriverVersion: 122.0.6261.128 (f18a44fedeb..., userDataDir: /tmp/.org.chromium.Chromium...}, fedcm:accounts: true, goog:chromeOptions: {debuggerAddress: localhost:40277}, networkConnectionEnabled: false, pageLoadStrategy: normal, platformName: linux, proxy: Proxy(), se:cdp: ws://localhost:40277/devtoo..., se:cdpVersion: 122.0.6261.128, setWindowRect: true, strictFileInteractability: false, timeouts: {implicit: 0, pageLoad: 300000, script: 30000}, unhandledPromptBehavior: dismiss and notify, webauthn:extension:credBlob: true, webauthn:extension:largeBlob: true, webauthn:extension:minPinLength: true, webauthn:extension:prf: true, webauthn:virtualAuthenticators: true}\nSession ID: 2dbd59bcef2784e1d554e49a8e308555","time":{"start":1711003995576,"stop":1711004017973,"duration":22397}},{"uid":"4367c45ae80dc00c","reportUrl":"https://emiryazicii.github.io/Symund-B32G26/16//#testresult/4367c45ae80dc00c","status":"broken","statusDetails":"no such element: Unable to locate element: {\"method\":\"xpath\",\"selector\":\"//span[contains(text(),'Assign to me')]\"}\n  (Session info: chrome=122.0.6261.128)\nFor documentation on this error, please visit: https://www.selenium.dev/documentation/webdriver/troubleshooting/errors#no-such-element-exception\nBuild info: version: '4.18.1', revision: 'b1d3319b48'\nSystem info: os.name: 'Linux', os.arch: 'amd64', os.version: '6.5.0-1016-azure', java.version: '11.0.22'\nDriver info: org.openqa.selenium.chrome.ChromeDriver\nCommand: [9bc053e523850ac2697e1e3750c761f3, findElement {using=xpath, value=//span[contains(text(),'Assign to me')]}]\nCapabilities {acceptInsecureCerts: false, browserName: chrome, browserVersion: 122.0.6261.128, chrome: {chromedriverVersion: 122.0.6261.128 (f18a44fedeb..., userDataDir: /tmp/.org.chromium.Chromium...}, fedcm:accounts: true, goog:chromeOptions: {debuggerAddress: localhost:45769}, networkConnectionEnabled: false, pageLoadStrategy: normal, platformName: linux, proxy: Proxy(), se:cdp: ws://localhost:45769/devtoo..., se:cdpVersion: 122.0.6261.128, setWindowRect: true, strictFileInteractability: false, timeouts: {implicit: 0, pageLoad: 300000, script: 30000}, unhandledPromptBehavior: dismiss and notify, webauthn:extension:credBlob: true, webauthn:extension:largeBlob: true, webauthn:extension:minPinLength: true, webauthn:extension:prf: true, webauthn:virtualAuthenticators: true}\nSession ID: 9bc053e523850ac2697e1e3750c761f3","time":{"start":1711003077790,"stop":1711003100703,"duration":22913}},{"uid":"e6bb9663c8d66765","reportUrl":"https://emiryazicii.github.io/Symund-B32G26/15//#testresult/e6bb9663c8d66765","status":"skipped","statusDetails":"Could not start a new session. Response code 500. Message: session not created: Chrome failed to start: exited normally.\n  (session not created: DevToolsActivePort file doesn't exist)\n  (The process started from chrome location /usr/bin/google-chrome is no longer running, so ChromeDriver is assuming that Chrome has crashed.) \nHost info: host: 'fv-az1106-902', ip: '10.1.0.28'\nBuild info: version: '4.18.1', revision: 'b1d3319b48'\nSystem info: os.name: 'Linux', os.arch: 'amd64', os.version: '6.5.0-1016-azure', java.version: '11.0.22'\nDriver info: org.openqa.selenium.chrome.ChromeDriver\nCommand: [null, newSession {capabilities=[Capabilities {browserName: chrome, goog:chromeOptions: {args: [], binary: /usr/bin/google-chrome, extensions: []}}]}]","time":{"start":1711002059480,"stop":1711002059857,"duration":377}}]},"43ad4b79d3745cddc8436d616670c19a":{"statistic":{"failed":0,"broken":0,"skipped":1,"passed":6,"unknown":0,"total":7},"items":[{"uid":"cfa4735ffa010cb1","reportUrl":"https://emiryazicii.github.io/Symund-B32G26/25//#testresult/cfa4735ffa010cb1","status":"passed","time":{"start":1711233834728,"stop":1711233848902,"duration":14174}},{"uid":"1cf3252e97212a35","reportUrl":"https://emiryazicii.github.io/Symund-B32G26/24//#testresult/1cf3252e97212a35","status":"passed","time":{"start":1711233203842,"stop":1711233217864,"duration":14022}},{"uid":"9ffb9ce54b33fc23","reportUrl":"https://emiryazicii.github.io/Symund-B32G26/23//#testresult/9ffb9ce54b33fc23","status":"passed","time":{"start":1711172194118,"stop":1711172206858,"duration":12740}},{"uid":"95e3da016592a9b","reportUrl":"https://emiryazicii.github.io/Symund-B32G26/23//#testresult/95e3da016592a9b","status":"passed","time":{"start":1711143954441,"stop":1711143967513,"duration":13072}},{"uid":"697b28d006102367","reportUrl":"https://emiryazicii.github.io/Symund-B32G26/23//#testresult/697b28d006102367","status":"passed","time":{"start":1711142893777,"stop":1711142907204,"duration":13427}},{"uid":"4bb3c0066b57a315","reportUrl":"https://emiryazicii.github.io/Symund-B32G26/22//#testresult/4bb3c0066b57a315","status":"passed","time":{"start":1711141960480,"stop":1711141972491,"duration":12011}},{"uid":"45fef6eb6495dbdb","reportUrl":"https://emiryazicii.github.io/Symund-B32G26/21//#testresult/45fef6eb6495dbdb","status":"skipped","statusDetails":"Could not start a new session. Response code 500. Message: session not created: Chrome failed to start: exited normally.\n  (session not created: DevToolsActivePort file doesn't exist)\n  (The process started from chrome location /usr/bin/google-chrome is no longer running, so ChromeDriver is assuming that Chrome has crashed.) \nHost info: host: 'fv-az1535-961', ip: '10.1.0.119'\nBuild info: version: '4.18.1', revision: 'b1d3319b48'\nSystem info: os.name: 'Linux', os.arch: 'amd64', os.version: '6.5.0-1016-azure', java.version: '11.0.22'\nDriver info: org.openqa.selenium.chrome.ChromeDriver\nCommand: [null, newSession {capabilities=[Capabilities {browserName: chrome, goog:chromeOptions: {args: [], binary: /usr/bin/google-chrome, extensions: []}}]}]","time":{"start":1711140983652,"stop":1711140984036,"duration":384}}]},"6e94879ed30714c532104a4d81c1997f":{"statistic":{"failed":0,"broken":0,"skipped":0,"passed":1,"unknown":0,"total":1},"items":[{"uid":"d336196bfd2de5c0","reportUrl":"https://emiryazicii.github.io/Symund-B32G26/25//#testresult/d336196bfd2de5c0","status":"passed","time":{"start":1711233730656,"stop":1711233746961,"duration":16305}}]},"91aa71c75ebf2988e2be2c2d3d5f562":{"statistic":{"failed":0,"broken":0,"skipped":2,"passed":12,"unknown":0,"total":14},"items":[{"uid":"76f0dc909d5a7d58","reportUrl":"https://emiryazicii.github.io/Symund-B32G26/25//#testresult/76f0dc909d5a7d58","status":"passed","time":{"start":1711233885280,"stop":1711233890872,"duration":5592}},{"uid":"19e5147f3b804585","reportUrl":"https://emiryazicii.github.io/Symund-B32G26/24//#testresult/19e5147f3b804585","status":"passed","time":{"start":1711233252655,"stop":1711233258661,"duration":6006}},{"uid":"c5f85d9dc067a971","reportUrl":"https://emiryazicii.github.io/Symund-B32G26/23//#testresult/c5f85d9dc067a971","status":"passed","time":{"start":1711172240485,"stop":1711172246266,"duration":5781}},{"uid":"addcda0118e7f977","reportUrl":"https://emiryazicii.github.io/Symund-B32G26/23//#testresult/addcda0118e7f977","status":"passed","time":{"start":1711144002541,"stop":1711144008450,"duration":5909}},{"uid":"497eead9ceae26a0","reportUrl":"https://emiryazicii.github.io/Symund-B32G26/23//#testresult/497eead9ceae26a0","status":"passed","time":{"start":1711142944148,"stop":1711142950160,"duration":6012}},{"uid":"47bbae12fe5ba1ec","reportUrl":"https://emiryazicii.github.io/Symund-B32G26/22//#testresult/47bbae12fe5ba1ec","status":"passed","time":{"start":1711142003860,"stop":1711142009194,"duration":5334}},{"uid":"3150bdc4afaee20f","reportUrl":"https://emiryazicii.github.io/Symund-B32G26/21//#testresult/3150bdc4afaee20f","status":"skipped","statusDetails":"Could not start a new session. Response code 500. Message: session not created: Chrome failed to start: exited normally.\n  (session not created: DevToolsActivePort file doesn't exist)\n  (The process started from chrome location /usr/bin/google-chrome is no longer running, so ChromeDriver is assuming that Chrome has crashed.) \nHost info: host: 'fv-az1535-961', ip: '10.1.0.119'\nBuild info: version: '4.18.1', revision: 'b1d3319b48'\nSystem info: os.name: 'Linux', os.arch: 'amd64', os.version: '6.5.0-1016-azure', java.version: '11.0.22'\nDriver info: org.openqa.selenium.chrome.ChromeDriver\nCommand: [null, newSession {capabilities=[Capabilities {browserName: chrome, goog:chromeOptions: {args: [], binary: /usr/bin/google-chrome, extensions: []}}]}]","time":{"start":1711140985982,"stop":1711140986368,"duration":386}},{"uid":"2b024191d93bf0df","reportUrl":"https://emiryazicii.github.io/Symund-B32G26/20//#testresult/2b024191d93bf0df","status":"passed","time":{"start":1711038512346,"stop":1711038519955,"duration":7609}},{"uid":"541065883c3eac8d","reportUrl":"https://emiryazicii.github.io/Symund-B32G26/20//#testresult/541065883c3eac8d","status":"passed","time":{"start":1711036511763,"stop":1711036517567,"duration":5804}},{"uid":"c0dc61db97649e95","reportUrl":"https://emiryazicii.github.io/Symund-B32G26/19//#testresult/c0dc61db97649e95","status":"passed","time":{"start":1711007124269,"stop":1711007131221,"duration":6952}},{"uid":"2c5c22190c6238ed","reportUrl":"https://emiryazicii.github.io/Symund-B32G26/18//#testresult/2c5c22190c6238ed","status":"passed","time":{"start":1711005515255,"stop":1711005520621,"duration":5366}},{"uid":"99a52fa9fb61b850","reportUrl":"https://emiryazicii.github.io/Symund-B32G26/16//#testresult/99a52fa9fb61b850","status":"passed","time":{"start":1711003805255,"stop":1711003812954,"duration":7699}},{"uid":"2c3bfac8226e661f","reportUrl":"https://emiryazicii.github.io/Symund-B32G26/16//#testresult/2c3bfac8226e661f","status":"passed","time":{"start":1711002889707,"stop":1711002897671,"duration":7964}},{"uid":"984d4b23be7ed7f1","reportUrl":"https://emiryazicii.github.io/Symund-B32G26/15//#testresult/984d4b23be7ed7f1","status":"skipped","statusDetails":"Could not start a new session. Response code 500. Message: session not created: Chrome failed to start: exited normally.\n  (session not created: DevToolsActivePort file doesn't exist)\n  (The process started from chrome location /usr/bin/google-chrome is no longer running, so ChromeDriver is assuming that Chrome has crashed.) \nHost info: host: 'fv-az1106-902', ip: '10.1.0.28'\nBuild info: version: '4.18.1', revision: 'b1d3319b48'\nSystem info: os.name: 'Linux', os.arch: 'amd64', os.version: '6.5.0-1016-azure', java.version: '11.0.22'\nDriver info: org.openqa.selenium.chrome.ChromeDriver\nCommand: [null, newSession {capabilities=[Capabilities {browserName: chrome, goog:chromeOptions: {args: [], binary: /usr/bin/google-chrome, extensions: []}}]}]","time":{"start":1711002055057,"stop":1711002055464,"duration":407}}]},"b01bbc1f63e5ed72f5d44d34a78a76e4":{"statistic":{"failed":0,"broken":0,"skipped":0,"passed":1,"unknown":0,"total":1},"items":[{"uid":"19ebcab65bb47e92","reportUrl":"https://emiryazicii.github.io/Symund-B32G26/24//#testresult/19ebcab65bb47e92","status":"passed","time":{"start":1711232815586,"stop":1711232827699,"duration":12113}}]},"66235351bb4b0a7f529590ff7fec9a87":{"statistic":{"failed":0,"broken":0,"skipped":2,"passed":12,"unknown":0,"total":14},"items":[{"uid":"17d1d7f34cc56145","reportUrl":"https://emiryazicii.github.io/Symund-B32G26/25//#testresult/17d1d7f34cc56145","status":"passed","time":{"start":1711233468315,"stop":1711233482090,"duration":13775}},{"uid":"d22188444a459773","reportUrl":"https://emiryazicii.github.io/Symund-B32G26/24//#testresult/d22188444a459773","status":"passed","time":{"start":1711232926680,"stop":1711232940735,"duration":14055}},{"uid":"67af589407900b17","reportUrl":"https://emiryazicii.github.io/Symund-B32G26/23//#testresult/67af589407900b17","status":"passed","time":{"start":1711171914978,"stop":1711171932325,"duration":17347}},{"uid":"4e74b307b61ceaca","reportUrl":"https://emiryazicii.github.io/Symund-B32G26/23//#testresult/4e74b307b61ceaca","status":"passed","time":{"start":1711143690528,"stop":1711143705017,"duration":14489}},{"uid":"23d1484cc56916f5","reportUrl":"https://emiryazicii.github.io/Symund-B32G26/23//#testresult/23d1484cc56916f5","status":"passed","time":{"start":1711142567455,"stop":1711142584937,"duration":17482}},{"uid":"e2f10bf65e4eae71","reportUrl":"https://emiryazicii.github.io/Symund-B32G26/22//#testresult/e2f10bf65e4eae71","status":"passed","time":{"start":1711141718521,"stop":1711141731368,"duration":12847}},{"uid":"2a641fc73d7e1981","reportUrl":"https://emiryazicii.github.io/Symund-B32G26/21//#testresult/2a641fc73d7e1981","status":"skipped","statusDetails":"Could not start a new session. Response code 500. Message: session not created: Chrome failed to start: exited normally.\n  (session not created: DevToolsActivePort file doesn't exist)\n  (The process started from chrome location /usr/bin/google-chrome is no longer running, so ChromeDriver is assuming that Chrome has crashed.) \nHost info: host: 'fv-az1535-961', ip: '10.1.0.119'\nBuild info: version: '4.18.1', revision: 'b1d3319b48'\nSystem info: os.name: 'Linux', os.arch: 'amd64', os.version: '6.5.0-1016-azure', java.version: '11.0.22'\nDriver info: org.openqa.selenium.chrome.ChromeDriver\nCommand: [null, newSession {capabilities=[Capabilities {browserName: chrome, goog:chromeOptions: {args: [], binary: /usr/bin/google-chrome, extensions: []}}]}]","time":{"start":1711140976489,"stop":1711140976880,"duration":391}},{"uid":"9e3799107350fc17","reportUrl":"https://emiryazicii.github.io/Symund-B32G26/20//#testresult/9e3799107350fc17","status":"passed","time":{"start":1711038263889,"stop":1711038280606,"duration":16717}},{"uid":"76895ae43f6d81fb","reportUrl":"https://emiryazicii.github.io/Symund-B32G26/20//#testresult/76895ae43f6d81fb","status":"passed","time":{"start":1711036251888,"stop":1711036264616,"duration":12728}},{"uid":"52d257e95ff2c8a0","reportUrl":"https://emiryazicii.github.io/Symund-B32G26/19//#testresult/52d257e95ff2c8a0","status":"passed","time":{"start":1711006901063,"stop":1711006913663,"duration":12600}},{"uid":"d7b276245401990","reportUrl":"https://emiryazicii.github.io/Symund-B32G26/18//#testresult/d7b276245401990","status":"passed","time":{"start":1711005220885,"stop":1711005233618,"duration":12733}},{"uid":"c27aeecbe6d527e2","reportUrl":"https://emiryazicii.github.io/Symund-B32G26/16//#testresult/c27aeecbe6d527e2","status":"passed","time":{"start":1711003849176,"stop":1711003862870,"duration":13694}},{"uid":"79e8132e4116d568","reportUrl":"https://emiryazicii.github.io/Symund-B32G26/16//#testresult/79e8132e4116d568","status":"passed","time":{"start":1711002925410,"stop":1711002941110,"duration":15700}},{"uid":"18c06445d96707e1","reportUrl":"https://emiryazicii.github.io/Symund-B32G26/15//#testresult/18c06445d96707e1","status":"skipped","statusDetails":"Could not start a new session. Response code 500. Message: session not created: Chrome failed to start: exited normally.\n  (session not created: DevToolsActivePort file doesn't exist)\n  (The process started from chrome location /usr/bin/google-chrome is no longer running, so ChromeDriver is assuming that Chrome has crashed.) \nHost info: host: 'fv-az1106-902', ip: '10.1.0.28'\nBuild info: version: '4.18.1', revision: 'b1d3319b48'\nSystem info: os.name: 'Linux', os.arch: 'amd64', os.version: '6.5.0-1016-azure', java.version: '11.0.22'\nDriver info: org.openqa.selenium.chrome.ChromeDriver\nCommand: [null, newSession {capabilities=[Capabilities {browserName: chrome, goog:chromeOptions: {args: [], binary: /usr/bin/google-chrome, extensions: []}}]}]","time":{"start":1711002055059,"stop":1711002055461,"duration":402}}]},"c42d43e0be7ae16f22bf837ddd84a911":{"statistic":{"failed":0,"broken":0,"skipped":2,"passed":12,"unknown":0,"total":14},"items":[{"uid":"88f682757773508e","reportUrl":"https://emiryazicii.github.io/Symund-B32G26/25//#testresult/88f682757773508e","status":"passed","time":{"start":1711233496264,"stop":1711233511071,"duration":14807}},{"uid":"a3ab71dd1ed37771","reportUrl":"https://emiryazicii.github.io/Symund-B32G26/24//#testresult/a3ab71dd1ed37771","status":"passed","time":{"start":1711232955896,"stop":1711232970199,"duration":14303}},{"uid":"cca98e322594fd83","reportUrl":"https://emiryazicii.github.io/Symund-B32G26/23//#testresult/cca98e322594fd83","status":"passed","time":{"start":1711171948753,"stop":1711171962599,"duration":13846}},{"uid":"4942ed0292e9a9af","reportUrl":"https://emiryazicii.github.io/Symund-B32G26/23//#testresult/4942ed0292e9a9af","status":"passed","time":{"start":1711143719094,"stop":1711143733677,"duration":14583}},{"uid":"35d776aec36c5a81","reportUrl":"https://emiryazicii.github.io/Symund-B32G26/23//#testresult/35d776aec36c5a81","status":"passed","time":{"start":1711142598130,"stop":1711142612980,"duration":14850}},{"uid":"816b945792ced5c5","reportUrl":"https://emiryazicii.github.io/Symund-B32G26/22//#testresult/816b945792ced5c5","status":"passed","time":{"start":1711141744976,"stop":1711141757797,"duration":12821}},{"uid":"6c45494b0fbddcb1","reportUrl":"https://emiryazicii.github.io/Symund-B32G26/21//#testresult/6c45494b0fbddcb1","status":"skipped","statusDetails":"Could not start a new session. Response code 500. Message: session not created: Chrome failed to start: exited normally.\n  (session not created: DevToolsActivePort file doesn't exist)\n  (The process started from chrome location /usr/bin/google-chrome is no longer running, so ChromeDriver is assuming that Chrome has crashed.) \nHost info: host: 'fv-az1535-961', ip: '10.1.0.119'\nBuild info: version: '4.18.1', revision: 'b1d3319b48'\nSystem info: os.name: 'Linux', os.arch: 'amd64', os.version: '6.5.0-1016-azure', java.version: '11.0.22'\nDriver info: org.openqa.selenium.chrome.ChromeDriver\nCommand: [null, newSession {capabilities=[Capabilities {browserName: chrome, goog:chromeOptions: {args: [], binary: /usr/bin/google-chrome, extensions: []}}]}]","time":{"start":1711140977287,"stop":1711140977679,"duration":392}},{"uid":"98790a7251742860","reportUrl":"https://emiryazicii.github.io/Symund-B32G26/20//#testresult/98790a7251742860","status":"passed","time":{"start":1711038294256,"stop":1711038307421,"duration":13165}},{"uid":"f6754252662c1c7d","reportUrl":"https://emiryazicii.github.io/Symund-B32G26/20//#testresult/f6754252662c1c7d","status":"passed","time":{"start":1711036277893,"stop":1711036290642,"duration":12749}},{"uid":"7fdeb02799c8fc2c","reportUrl":"https://emiryazicii.github.io/Symund-B32G26/19//#testresult/7fdeb02799c8fc2c","status":"passed","time":{"start":1711006926675,"stop":1711006938872,"duration":12197}},{"uid":"f81ca7bcfde88f33","reportUrl":"https://emiryazicii.github.io/Symund-B32G26/18//#testresult/f81ca7bcfde88f33","status":"passed","time":{"start":1711005246623,"stop":1711005259198,"duration":12575}},{"uid":"c8da5edd15158718","reportUrl":"https://emiryazicii.github.io/Symund-B32G26/16//#testresult/c8da5edd15158718","status":"passed","time":{"start":1711003875106,"stop":1711003887252,"duration":12146}},{"uid":"f8f9a85adfdf61d3","reportUrl":"https://emiryazicii.github.io/Symund-B32G26/16//#testresult/f8f9a85adfdf61d3","status":"passed","time":{"start":1711002954706,"stop":1711002966407,"duration":11701}},{"uid":"74cf4dc16817555a","reportUrl":"https://emiryazicii.github.io/Symund-B32G26/15//#testresult/74cf4dc16817555a","status":"skipped","statusDetails":"Could not start a new session. Response code 500. Message: session not created: Chrome failed to start: exited normally.\n  (session not created: DevToolsActivePort file doesn't exist)\n  (The process started from chrome location /usr/bin/google-chrome is no longer running, so ChromeDriver is assuming that Chrome has crashed.) \nHost info: host: 'fv-az1106-902', ip: '10.1.0.28'\nBuild info: version: '4.18.1', revision: 'b1d3319b48'\nSystem info: os.name: 'Linux', os.arch: 'amd64', os.version: '6.5.0-1016-azure', java.version: '11.0.22'\nDriver info: org.openqa.selenium.chrome.ChromeDriver\nCommand: [null, newSession {capabilities=[Capabilities {browserName: chrome, goog:chromeOptions: {args: [], binary: /usr/bin/google-chrome, extensions: []}}]}]","time":{"start":1711002055878,"stop":1711002056288,"duration":410}}]},"f1999991f233ca43d3e463b0ee35e065":{"statistic":{"failed":0,"broken":0,"skipped":0,"passed":1,"unknown":0,"total":1},"items":[{"uid":"6173ea8c3199fc7e","reportUrl":"https://emiryazicii.github.io/Symund-B32G26/25//#testresult/6173ea8c3199fc7e","status":"passed","time":{"start":1711233684966,"stop":1711233697486,"duration":12520}}]},"81e30cb636aade2dea9973c7306ae33":{"statistic":{"failed":0,"broken":0,"skipped":2,"passed":12,"unknown":0,"total":14},"items":[{"uid":"61464223887286a5","reportUrl":"https://emiryazicii.github.io/Symund-B32G26/25//#testresult/61464223887286a5","status":"passed","time":{"start":1711233865174,"stop":1711233870538,"duration":5364}},{"uid":"54a7353b91a53e6c","reportUrl":"https://emiryazicii.github.io/Symund-B32G26/24//#testresult/54a7353b91a53e6c","status":"passed","time":{"start":1711233233354,"stop":1711233238923,"duration":5569}},{"uid":"6a87ebc89def59bc","reportUrl":"https://emiryazicii.github.io/Symund-B32G26/23//#testresult/6a87ebc89def59bc","status":"passed","time":{"start":1711172221192,"stop":1711172227181,"duration":5989}},{"uid":"8b3119cbfab2f823","reportUrl":"https://emiryazicii.github.io/Symund-B32G26/23//#testresult/8b3119cbfab2f823","status":"passed","time":{"start":1711143982966,"stop":1711143988594,"duration":5628}},{"uid":"1ab2486e2e96142f","reportUrl":"https://emiryazicii.github.io/Symund-B32G26/23//#testresult/1ab2486e2e96142f","status":"passed","time":{"start":1711142923529,"stop":1711142929801,"duration":6272}},{"uid":"60be4e931f06db8b","reportUrl":"https://emiryazicii.github.io/Symund-B32G26/22//#testresult/60be4e931f06db8b","status":"passed","time":{"start":1711141986210,"stop":1711141991433,"duration":5223}},{"uid":"148d968b11c49183","reportUrl":"https://emiryazicii.github.io/Symund-B32G26/21//#testresult/148d968b11c49183","status":"skipped","statusDetails":"Could not start a new session. Response code 500. Message: session not created: Chrome failed to start: exited normally.\n  (session not created: DevToolsActivePort file doesn't exist)\n  (The process started from chrome location /usr/bin/google-chrome is no longer running, so ChromeDriver is assuming that Chrome has crashed.) \nHost info: host: 'fv-az1535-961', ip: '10.1.0.119'\nBuild info: version: '4.18.1', revision: 'b1d3319b48'\nSystem info: os.name: 'Linux', os.arch: 'amd64', os.version: '6.5.0-1016-azure', java.version: '11.0.22'\nDriver info: org.openqa.selenium.chrome.ChromeDriver\nCommand: [null, newSession {capabilities=[Capabilities {browserName: chrome, goog:chromeOptions: {args: [], binary: /usr/bin/google-chrome, extensions: []}}]}]","time":{"start":1711140984826,"stop":1711140985208,"duration":382}},{"uid":"78a03e7818982de2","reportUrl":"https://emiryazicii.github.io/Symund-B32G26/20//#testresult/78a03e7818982de2","status":"passed","time":{"start":1711038494099,"stop":1711038499072,"duration":4973}},{"uid":"4275a842edc3505c","reportUrl":"https://emiryazicii.github.io/Symund-B32G26/20//#testresult/4275a842edc3505c","status":"passed","time":{"start":1711036493973,"stop":1711036499501,"duration":5528}},{"uid":"34a903e2dcd4a505","reportUrl":"https://emiryazicii.github.io/Symund-B32G26/19//#testresult/34a903e2dcd4a505","status":"passed","time":{"start":1711007106986,"stop":1711007112468,"duration":5482}},{"uid":"8d2b1975d1106896","reportUrl":"https://emiryazicii.github.io/Symund-B32G26/18//#testresult/8d2b1975d1106896","status":"passed","time":{"start":1711005497411,"stop":1711005503496,"duration":6085}},{"uid":"1322fc8332b7a40c","reportUrl":"https://emiryazicii.github.io/Symund-B32G26/16//#testresult/1322fc8332b7a40c","status":"passed","time":{"start":1711003783834,"stop":1711003790148,"duration":6314}},{"uid":"eb39c6d9a970d89","reportUrl":"https://emiryazicii.github.io/Symund-B32G26/16//#testresult/eb39c6d9a970d89","status":"passed","time":{"start":1711002867524,"stop":1711002874098,"duration":6574}},{"uid":"91deedc30a64ac03","reportUrl":"https://emiryazicii.github.io/Symund-B32G26/15//#testresult/91deedc30a64ac03","status":"skipped","statusDetails":"Could not start a new session. Response code 500. Message: session not created: Chrome failed to start: exited normally.\n  (session not created: DevToolsActivePort file doesn't exist)\n  (The process started from chrome location /usr/bin/google-chrome is no longer running, so ChromeDriver is assuming that Chrome has crashed.) \nHost info: host: 'fv-az1106-902', ip: '10.1.0.28'\nBuild info: version: '4.18.1', revision: 'b1d3319b48'\nSystem info: os.name: 'Linux', os.arch: 'amd64', os.version: '6.5.0-1016-azure', java.version: '11.0.22'\nDriver info: org.openqa.selenium.chrome.ChromeDriver\nCommand: [null, newSession {capabilities=[Capabilities {browserName: chrome, goog:chromeOptions: {args: [], binary: /usr/bin/google-chrome, extensions: []}}]}]","time":{"start":1711002053800,"stop":1711002054202,"duration":402}}]},"1b055d550c9f1eaa9472e466d31f18c6":{"statistic":{"failed":0,"broken":2,"skipped":2,"passed":10,"unknown":0,"total":14},"items":[{"uid":"f372d4ef1928615d","reportUrl":"https://emiryazicii.github.io/Symund-B32G26/25//#testresult/f372d4ef1928615d","status":"passed","time":{"start":1711233455353,"stop":1711233468307,"duration":12954}},{"uid":"585db9f28ce5958d","reportUrl":"https://emiryazicii.github.io/Symund-B32G26/24//#testresult/585db9f28ce5958d","status":"passed","time":{"start":1711232913436,"stop":1711232926674,"duration":13238}},{"uid":"dfad84b1016eeb3f","reportUrl":"https://emiryazicii.github.io/Symund-B32G26/23//#testresult/dfad84b1016eeb3f","status":"passed","time":{"start":1711171898173,"stop":1711171914970,"duration":16797}},{"uid":"a403b3e3dc837d47","reportUrl":"https://emiryazicii.github.io/Symund-B32G26/23//#testresult/a403b3e3dc837d47","status":"passed","time":{"start":1711143677440,"stop":1711143690519,"duration":13079}},{"uid":"8ecb61bff274f499","reportUrl":"https://emiryazicii.github.io/Symund-B32G26/23//#testresult/8ecb61bff274f499","status":"passed","time":{"start":1711142552112,"stop":1711142567446,"duration":15334}},{"uid":"2629ee24b95dbae1","reportUrl":"https://emiryazicii.github.io/Symund-B32G26/22//#testresult/2629ee24b95dbae1","status":"passed","time":{"start":1711141706224,"stop":1711141718513,"duration":12289}},{"uid":"86d5a7b81d3430c3","reportUrl":"https://emiryazicii.github.io/Symund-B32G26/21//#testresult/86d5a7b81d3430c3","status":"skipped","statusDetails":"Could not start a new session. Response code 500. Message: session not created: Chrome failed to start: exited normally.\n  (session not created: DevToolsActivePort file doesn't exist)\n  (The process started from chrome location /usr/bin/google-chrome is no longer running, so ChromeDriver is assuming that Chrome has crashed.) \nHost info: host: 'fv-az1535-961', ip: '10.1.0.119'\nBuild info: version: '4.18.1', revision: 'b1d3319b48'\nSystem info: os.name: 'Linux', os.arch: 'amd64', os.version: '6.5.0-1016-azure', java.version: '11.0.22'\nDriver info: org.openqa.selenium.chrome.ChromeDriver\nCommand: [null, newSession {capabilities=[Capabilities {browserName: chrome, goog:chromeOptions: {args: [], binary: /usr/bin/google-chrome, extensions: []}}]}]","time":{"start":1711140976089,"stop":1711140976482,"duration":393}},{"uid":"ebef92dc00ad9495","reportUrl":"https://emiryazicii.github.io/Symund-B32G26/20//#testresult/ebef92dc00ad9495","status":"passed","time":{"start":1711038250875,"stop":1711038263882,"duration":13007}},{"uid":"1c1eb58aa7513988","reportUrl":"https://emiryazicii.github.io/Symund-B32G26/20//#testresult/1c1eb58aa7513988","status":"broken","statusDetails":"element not interactable\n  (Session info: chrome=122.0.6261.128)\nBuild info: version: '4.18.1', revision: 'b1d3319b48'\nSystem info: os.name: 'Linux', os.arch: 'amd64', os.version: '6.5.0-1016-azure', java.version: '11.0.22'\nDriver info: org.openqa.selenium.chrome.ChromeDriver\nCommand: [0b41e233da56925f7bed90fb58aeb169, clickElement {id=f.AAE6117814EDC6E46257D05604D033C2.d.744F9C132D961CCC0C34ACE22CD02729.e.104}]\nCapabilities {acceptInsecureCerts: false, browserName: chrome, browserVersion: 122.0.6261.128, chrome: {chromedriverVersion: 122.0.6261.128 (f18a44fedeb..., userDataDir: /tmp/.org.chromium.Chromium...}, fedcm:accounts: true, goog:chromeOptions: {debuggerAddress: localhost:41031}, networkConnectionEnabled: false, pageLoadStrategy: normal, platformName: linux, proxy: Proxy(), se:cdp: ws://localhost:41031/devtoo..., se:cdpVersion: 122.0.6261.128, setWindowRect: true, strictFileInteractability: false, timeouts: {implicit: 0, pageLoad: 300000, script: 30000}, unhandledPromptBehavior: dismiss and notify, webauthn:extension:credBlob: true, webauthn:extension:largeBlob: true, webauthn:extension:minPinLength: true, webauthn:extension:prf: true, webauthn:virtualAuthenticators: true}\nElement: [[ChromeDriver: chrome on linux (0b41e233da56925f7bed90fb58aeb169)] -> css selector: span[title='Add board']]\nSession ID: 0b41e233da56925f7bed90fb58aeb169","time":{"start":1711036229261,"stop":1711036251879,"duration":22618}},{"uid":"e51a1f4610f1fdd4","reportUrl":"https://emiryazicii.github.io/Symund-B32G26/19//#testresult/e51a1f4610f1fdd4","status":"passed","time":{"start":1711006889004,"stop":1711006901055,"duration":12051}},{"uid":"aabec5c25ae64c81","reportUrl":"https://emiryazicii.github.io/Symund-B32G26/18//#testresult/aabec5c25ae64c81","status":"passed","time":{"start":1711005208554,"stop":1711005220877,"duration":12323}},{"uid":"b3ecbeba54d7abac","reportUrl":"https://emiryazicii.github.io/Symund-B32G26/16//#testresult/b3ecbeba54d7abac","status":"broken","statusDetails":"no such element: Unable to locate element: {\"method\":\"css selector\",\"selector\":\"input[placeholder='Board name']\"}\n  (Session info: chrome=122.0.6261.128)\nFor documentation on this error, please visit: https://www.selenium.dev/documentation/webdriver/troubleshooting/errors#no-such-element-exception\nBuild info: version: '4.18.1', revision: 'b1d3319b48'\nSystem info: os.name: 'Linux', os.arch: 'amd64', os.version: '6.5.0-1016-azure', java.version: '11.0.22'\nDriver info: org.openqa.selenium.chrome.ChromeDriver\nCommand: [9f5e46bac98a149e05d47f5aefafde12, findElement {using=css selector, value=input[placeholder='Board name']}]\nCapabilities {acceptInsecureCerts: false, browserName: chrome, browserVersion: 122.0.6261.128, chrome: {chromedriverVersion: 122.0.6261.128 (f18a44fedeb..., userDataDir: /tmp/.org.chromium.Chromium...}, fedcm:accounts: true, goog:chromeOptions: {debuggerAddress: localhost:42007}, networkConnectionEnabled: false, pageLoadStrategy: normal, platformName: linux, proxy: Proxy(), se:cdp: ws://localhost:42007/devtoo..., se:cdpVersion: 122.0.6261.128, setWindowRect: true, strictFileInteractability: false, timeouts: {implicit: 0, pageLoad: 300000, script: 30000}, unhandledPromptBehavior: dismiss and notify, webauthn:extension:credBlob: true, webauthn:extension:largeBlob: true, webauthn:extension:minPinLength: true, webauthn:extension:prf: true, webauthn:virtualAuthenticators: true}\nSession ID: 9f5e46bac98a149e05d47f5aefafde12","time":{"start":1711003824353,"stop":1711003849163,"duration":24810}},{"uid":"59f2ddf9edee7081","reportUrl":"https://emiryazicii.github.io/Symund-B32G26/16//#testresult/59f2ddf9edee7081","status":"passed","time":{"start":1711002911269,"stop":1711002925406,"duration":14137}},{"uid":"ee9c9f651ad33b0d","reportUrl":"https://emiryazicii.github.io/Symund-B32G26/15//#testresult/ee9c9f651ad33b0d","status":"skipped","statusDetails":"Could not start a new session. Response code 500. Message: session not created: Chrome failed to start: exited normally.\n  (session not created: DevToolsActivePort file doesn't exist)\n  (The process started from chrome location /usr/bin/google-chrome is no longer running, so ChromeDriver is assuming that Chrome has crashed.) \nHost info: host: 'fv-az1106-902', ip: '10.1.0.28'\nBuild info: version: '4.18.1', revision: 'b1d3319b48'\nSystem info: os.name: 'Linux', os.arch: 'amd64', os.version: '6.5.0-1016-azure', java.version: '11.0.22'\nDriver info: org.openqa.selenium.chrome.ChromeDriver\nCommand: [null, newSession {capabilities=[Capabilities {browserName: chrome, goog:chromeOptions: {args: [], binary: /usr/bin/google-chrome, extensions: []}}]}]","time":{"start":1711002054642,"stop":1711002055048,"duration":406}}]},"ffdd91d0af05f74cd728bd97f47733f6":{"statistic":{"failed":0,"broken":0,"skipped":2,"passed":12,"unknown":0,"total":14},"items":[{"uid":"7d29f543ad874edb","reportUrl":"https://emiryazicii.github.io/Symund-B32G26/25//#testresult/7d29f543ad874edb","status":"passed","time":{"start":1711233858549,"stop":1711233865171,"duration":6622}},{"uid":"1b4667e1679b4485","reportUrl":"https://emiryazicii.github.io/Symund-B32G26/24//#testresult/1b4667e1679b4485","status":"passed","time":{"start":1711233227470,"stop":1711233233351,"duration":5881}},{"uid":"3550ecb361510c7b","reportUrl":"https://emiryazicii.github.io/Symund-B32G26/23//#testresult/3550ecb361510c7b","status":"passed","time":{"start":1711172215436,"stop":1711172221189,"duration":5753}},{"uid":"43f3199677cbf8aa","reportUrl":"https://emiryazicii.github.io/Symund-B32G26/23//#testresult/43f3199677cbf8aa","status":"passed","time":{"start":1711143977030,"stop":1711143982962,"duration":5932}},{"uid":"9d72c7d36e3a3b88","reportUrl":"https://emiryazicii.github.io/Symund-B32G26/23//#testresult/9d72c7d36e3a3b88","status":"passed","time":{"start":1711142917483,"stop":1711142923526,"duration":6043}},{"uid":"e500d5a5da3291ff","reportUrl":"https://emiryazicii.github.io/Symund-B32G26/22//#testresult/e500d5a5da3291ff","status":"passed","time":{"start":1711141981043,"stop":1711141986207,"duration":5164}},{"uid":"373d6b3fd97f3ef7","reportUrl":"https://emiryazicii.github.io/Symund-B32G26/21//#testresult/373d6b3fd97f3ef7","status":"skipped","statusDetails":"Could not start a new session. Response code 500. Message: session not created: Chrome failed to start: exited normally.\n  (session not created: DevToolsActivePort file doesn't exist)\n  (The process started from chrome location /usr/bin/google-chrome is no longer running, so ChromeDriver is assuming that Chrome has crashed.) \nHost info: host: 'fv-az1535-961', ip: '10.1.0.119'\nBuild info: version: '4.18.1', revision: 'b1d3319b48'\nSystem info: os.name: 'Linux', os.arch: 'amd64', os.version: '6.5.0-1016-azure', java.version: '11.0.22'\nDriver info: org.openqa.selenium.chrome.ChromeDriver\nCommand: [null, newSession {capabilities=[Capabilities {browserName: chrome, goog:chromeOptions: {args: [], binary: /usr/bin/google-chrome, extensions: []}}]}]","time":{"start":1711140984434,"stop":1711140984822,"duration":388}},{"uid":"2d7984b556e55bb5","reportUrl":"https://emiryazicii.github.io/Symund-B32G26/20//#testresult/2d7984b556e55bb5","status":"passed","time":{"start":1711038488145,"stop":1711038494095,"duration":5950}},{"uid":"38c2404558453774","reportUrl":"https://emiryazicii.github.io/Symund-B32G26/20//#testresult/38c2404558453774","status":"passed","time":{"start":1711036488266,"stop":1711036493969,"duration":5703}},{"uid":"3e63f487dbcce789","reportUrl":"https://emiryazicii.github.io/Symund-B32G26/19//#testresult/3e63f487dbcce789","status":"passed","time":{"start":1711007101220,"stop":1711007106983,"duration":5763}},{"uid":"b3bb44dccc6d99f8","reportUrl":"https://emiryazicii.github.io/Symund-B32G26/18//#testresult/b3bb44dccc6d99f8","status":"passed","time":{"start":1711005491838,"stop":1711005497407,"duration":5569}},{"uid":"a69032162db84d8d","reportUrl":"https://emiryazicii.github.io/Symund-B32G26/16//#testresult/a69032162db84d8d","status":"passed","time":{"start":1711003776416,"stop":1711003783827,"duration":7411}},{"uid":"6fff6b65bf6e80a0","reportUrl":"https://emiryazicii.github.io/Symund-B32G26/16//#testresult/6fff6b65bf6e80a0","status":"passed","time":{"start":1711002860039,"stop":1711002867517,"duration":7478}},{"uid":"324c2cd5407e34ec","reportUrl":"https://emiryazicii.github.io/Symund-B32G26/15//#testresult/324c2cd5407e34ec","status":"skipped","statusDetails":"Could not start a new session. Response code 500. Message: session not created: Chrome failed to start: exited normally.\n  (session not created: DevToolsActivePort file doesn't exist)\n  (The process started from chrome location /usr/bin/google-chrome is no longer running, so ChromeDriver is assuming that Chrome has crashed.) \nHost info: host: 'fv-az1106-902', ip: '10.1.0.28'\nBuild info: version: '4.18.1', revision: 'b1d3319b48'\nSystem info: os.name: 'Linux', os.arch: 'amd64', os.version: '6.5.0-1016-azure', java.version: '11.0.22'\nDriver info: org.openqa.selenium.chrome.ChromeDriver\nCommand: [null, newSession {capabilities=[Capabilities {browserName: chrome, goog:chromeOptions: {args: [], binary: /usr/bin/google-chrome, extensions: []}}]}]","time":{"start":1711002053363,"stop":1711002053791,"duration":428}}]},"f667d6f898703c3e4977527af735b427":{"statistic":{"failed":0,"broken":0,"skipped":2,"passed":12,"unknown":0,"total":14},"items":[{"uid":"f3f09bcd2d9b6cee","reportUrl":"https://emiryazicii.github.io/Symund-B32G26/25//#testresult/f3f09bcd2d9b6cee","status":"passed","time":{"start":1711233511078,"stop":1711233524727,"duration":13649}},{"uid":"abdc623d657ed7e1","reportUrl":"https://emiryazicii.github.io/Symund-B32G26/24//#testresult/abdc623d657ed7e1","status":"passed","time":{"start":1711232970204,"stop":1711232984298,"duration":14094}},{"uid":"84146a50a8634951","reportUrl":"https://emiryazicii.github.io/Symund-B32G26/23//#testresult/84146a50a8634951","status":"passed","time":{"start":1711171962608,"stop":1711171976558,"duration":13950}},{"uid":"c32309498e7a7efc","reportUrl":"https://emiryazicii.github.io/Symund-B32G26/23//#testresult/c32309498e7a7efc","status":"passed","time":{"start":1711143733684,"stop":1711143747917,"duration":14233}},{"uid":"65d6bd5d2f7bc90d","reportUrl":"https://emiryazicii.github.io/Symund-B32G26/23//#testresult/65d6bd5d2f7bc90d","status":"passed","time":{"start":1711142612989,"stop":1711142626699,"duration":13710}},{"uid":"7534c2d900e9bd60","reportUrl":"https://emiryazicii.github.io/Symund-B32G26/22//#testresult/7534c2d900e9bd60","status":"passed","time":{"start":1711141757805,"stop":1711141771420,"duration":13615}},{"uid":"5c6ebab94b4524ce","reportUrl":"https://emiryazicii.github.io/Symund-B32G26/21//#testresult/5c6ebab94b4524ce","status":"skipped","statusDetails":"Could not start a new session. Response code 500. Message: session not created: Chrome failed to start: exited normally.\n  (session not created: DevToolsActivePort file doesn't exist)\n  (The process started from chrome location /usr/bin/google-chrome is no longer running, so ChromeDriver is assuming that Chrome has crashed.) \nHost info: host: 'fv-az1535-961', ip: '10.1.0.119'\nBuild info: version: '4.18.1', revision: 'b1d3319b48'\nSystem info: os.name: 'Linux', os.arch: 'amd64', os.version: '6.5.0-1016-azure', java.version: '11.0.22'\nDriver info: org.openqa.selenium.chrome.ChromeDriver\nCommand: [null, newSession {capabilities=[Capabilities {browserName: chrome, goog:chromeOptions: {args: [], binary: /usr/bin/google-chrome, extensions: []}}]}]","time":{"start":1711140977689,"stop":1711140978078,"duration":389}},{"uid":"58281d77c0462630","reportUrl":"https://emiryazicii.github.io/Symund-B32G26/20//#testresult/58281d77c0462630","status":"passed","time":{"start":1711038307430,"stop":1711038320424,"duration":12994}},{"uid":"11f7346c204f58c1","reportUrl":"https://emiryazicii.github.io/Symund-B32G26/20//#testresult/11f7346c204f58c1","status":"passed","time":{"start":1711036290650,"stop":1711036303265,"duration":12615}},{"uid":"9e941d389a23c06c","reportUrl":"https://emiryazicii.github.io/Symund-B32G26/19//#testresult/9e941d389a23c06c","status":"passed","time":{"start":1711006938880,"stop":1711006951342,"duration":12462}},{"uid":"8939c5407a25ecc2","reportUrl":"https://emiryazicii.github.io/Symund-B32G26/18//#testresult/8939c5407a25ecc2","status":"passed","time":{"start":1711005259206,"stop":1711005271604,"duration":12398}},{"uid":"aca6886fe72ecba4","reportUrl":"https://emiryazicii.github.io/Symund-B32G26/16//#testresult/aca6886fe72ecba4","status":"passed","time":{"start":1711003887256,"stop":1711003899757,"duration":12501}},{"uid":"44d9e76678ffb051","reportUrl":"https://emiryazicii.github.io/Symund-B32G26/16//#testresult/44d9e76678ffb051","status":"passed","time":{"start":1711002966412,"stop":1711002978973,"duration":12561}},{"uid":"c94911866c37680f","reportUrl":"https://emiryazicii.github.io/Symund-B32G26/15//#testresult/c94911866c37680f","status":"skipped","statusDetails":"Could not start a new session. Response code 500. Message: session not created: Chrome failed to start: exited normally.\n  (session not created: DevToolsActivePort file doesn't exist)\n  (The process started from chrome location /usr/bin/google-chrome is no longer running, so ChromeDriver is assuming that Chrome has crashed.) \nHost info: host: 'fv-az1106-902', ip: '10.1.0.28'\nBuild info: version: '4.18.1', revision: 'b1d3319b48'\nSystem info: os.name: 'Linux', os.arch: 'amd64', os.version: '6.5.0-1016-azure', java.version: '11.0.22'\nDriver info: org.openqa.selenium.chrome.ChromeDriver\nCommand: [null, newSession {capabilities=[Capabilities {browserName: chrome, goog:chromeOptions: {args: [], binary: /usr/bin/google-chrome, extensions: []}}]}]","time":{"start":1711002056298,"stop":1711002056707,"duration":409}}]},"35c707394b02d6a30dccd168ca24cd96":{"statistic":{"failed":0,"broken":5,"skipped":2,"passed":7,"unknown":0,"total":14},"items":[{"uid":"e351ea903256d7d1","reportUrl":"https://emiryazicii.github.io/Symund-B32G26/25//#testresult/e351ea903256d7d1","status":"passed","time":{"start":1711233669959,"stop":1711233684959,"duration":15000}},{"uid":"96874f16ea57d784","reportUrl":"https://emiryazicii.github.io/Symund-B32G26/24//#testresult/96874f16ea57d784","status":"passed","time":{"start":1711233142484,"stop":1711233157483,"duration":14999}},{"uid":"7bbf40ebcc0202b8","reportUrl":"https://emiryazicii.github.io/Symund-B32G26/23//#testresult/7bbf40ebcc0202b8","status":"passed","time":{"start":1711172129755,"stop":1711172148116,"duration":18361}},{"uid":"c27b498cd65e2d63","reportUrl":"https://emiryazicii.github.io/Symund-B32G26/23//#testresult/c27b498cd65e2d63","status":"passed","time":{"start":1711143893441,"stop":1711143908760,"duration":15319}},{"uid":"aa75eda7d8a6b499","reportUrl":"https://emiryazicii.github.io/Symund-B32G26/23//#testresult/aa75eda7d8a6b499","status":"broken","statusDetails":"no such element: Unable to locate element: {\"method\":\"xpath\",\"selector\":\"//span[contains(text(),'Assign to me')]\"}\n  (Session info: chrome=122.0.6261.128)\nFor documentation on this error, please visit: https://www.selenium.dev/documentation/webdriver/troubleshooting/errors#no-such-element-exception\nBuild info: version: '4.18.1', revision: 'b1d3319b48'\nSystem info: os.name: 'Linux', os.arch: 'amd64', os.version: '6.5.0-1016-azure', java.version: '11.0.22'\nDriver info: org.openqa.selenium.chrome.ChromeDriver\nCommand: [4e1f210cd26cf10da0f8346301526a28, findElement {value=//span[contains(text(),'Assign to me')], using=xpath}]\nCapabilities {acceptInsecureCerts: false, browserName: chrome, browserVersion: 122.0.6261.128, chrome: {chromedriverVersion: 122.0.6261.128 (f18a44fedeb..., userDataDir: /tmp/.org.chromium.Chromium...}, fedcm:accounts: true, goog:chromeOptions: {debuggerAddress: localhost:41067}, networkConnectionEnabled: false, pageLoadStrategy: normal, platformName: linux, proxy: Proxy(), se:cdp: ws://localhost:41067/devtoo..., se:cdpVersion: 122.0.6261.128, setWindowRect: true, strictFileInteractability: false, timeouts: {implicit: 0, pageLoad: 300000, script: 30000}, unhandledPromptBehavior: dismiss and notify, webauthn:extension:credBlob: true, webauthn:extension:largeBlob: true, webauthn:extension:minPinLength: true, webauthn:extension:prf: true, webauthn:virtualAuthenticators: true}\nSession ID: 4e1f210cd26cf10da0f8346301526a28","time":{"start":1711142819289,"stop":1711142845933,"duration":26644}},{"uid":"abf46b05dec7b79a","reportUrl":"https://emiryazicii.github.io/Symund-B32G26/22//#testresult/abf46b05dec7b79a","status":"passed","time":{"start":1711141904585,"stop":1711141917838,"duration":13253}},{"uid":"2b834e1c0bc776ba","reportUrl":"https://emiryazicii.github.io/Symund-B32G26/21//#testresult/2b834e1c0bc776ba","status":"skipped","statusDetails":"Could not start a new session. Response code 500. Message: session not created: Chrome failed to start: exited normally.\n  (session not created: DevToolsActivePort file doesn't exist)\n  (The process started from chrome location /usr/bin/google-chrome is no longer running, so ChromeDriver is assuming that Chrome has crashed.) \nHost info: host: 'fv-az1535-961', ip: '10.1.0.119'\nBuild info: version: '4.18.1', revision: 'b1d3319b48'\nSystem info: os.name: 'Linux', os.arch: 'amd64', os.version: '6.5.0-1016-azure', java.version: '11.0.22'\nDriver info: org.openqa.selenium.chrome.ChromeDriver\nCommand: [null, newSession {capabilities=[Capabilities {browserName: chrome, goog:chromeOptions: {args: [], binary: /usr/bin/google-chrome, extensions: []}}]}]","time":{"start":1711140982084,"stop":1711140982472,"duration":388}},{"uid":"89e844aafd7b61fb","reportUrl":"https://emiryazicii.github.io/Symund-B32G26/20//#testresult/89e844aafd7b61fb","status":"passed","time":{"start":1711038465187,"stop":1711038479859,"duration":14672}},{"uid":"57cd7ea550da50ce","reportUrl":"https://emiryazicii.github.io/Symund-B32G26/20//#testresult/57cd7ea550da50ce","status":"broken","statusDetails":"no such element: Unable to locate element: {\"method\":\"xpath\",\"selector\":\"//span[@title='Operational Excellence']/..\"}\n  (Session info: chrome=122.0.6261.128)\nFor documentation on this error, please visit: https://www.selenium.dev/documentation/webdriver/troubleshooting/errors#no-such-element-exception\nBuild info: version: '4.18.1', revision: 'b1d3319b48'\nSystem info: os.name: 'Linux', os.arch: 'amd64', os.version: '6.5.0-1016-azure', java.version: '11.0.22'\nDriver info: org.openqa.selenium.chrome.ChromeDriver\nCommand: [bbaec9208a12ef07d60d7f61afdf5ff4, findElement {value=//span[@title='Operational Excellence']/.., using=xpath}]\nCapabilities {acceptInsecureCerts: false, browserName: chrome, browserVersion: 122.0.6261.128, chrome: {chromedriverVersion: 122.0.6261.128 (f18a44fedeb..., userDataDir: /tmp/.org.chromium.Chromium...}, fedcm:accounts: true, goog:chromeOptions: {debuggerAddress: localhost:40353}, networkConnectionEnabled: false, pageLoadStrategy: normal, platformName: linux, proxy: Proxy(), se:cdp: ws://localhost:40353/devtoo..., se:cdpVersion: 122.0.6261.128, setWindowRect: true, strictFileInteractability: false, timeouts: {implicit: 0, pageLoad: 300000, script: 30000}, unhandledPromptBehavior: dismiss and notify, webauthn:extension:credBlob: true, webauthn:extension:largeBlob: true, webauthn:extension:minPinLength: true, webauthn:extension:prf: true, webauthn:virtualAuthenticators: true}\nSession ID: bbaec9208a12ef07d60d7f61afdf5ff4","time":{"start":1711036458015,"stop":1711036480154,"duration":22139}},{"uid":"3337bed9f4ae2acd","reportUrl":"https://emiryazicii.github.io/Symund-B32G26/19//#testresult/3337bed9f4ae2acd","status":"passed","time":{"start":1711007080848,"stop":1711007093425,"duration":12577}},{"uid":"5fdae9bb5b0fa899","reportUrl":"https://emiryazicii.github.io/Symund-B32G26/18//#testresult/5fdae9bb5b0fa899","status":"broken","statusDetails":"no such element: Unable to locate element: {\"method\":\"xpath\",\"selector\":\"//span[@title='Operational Excellence']/..\"}\n  (Session info: chrome=122.0.6261.128)\nFor documentation on this error, please visit: https://www.selenium.dev/documentation/webdriver/troubleshooting/errors#no-such-element-exception\nBuild info: version: '4.18.1', revision: 'b1d3319b48'\nSystem info: os.name: 'Linux', os.arch: 'amd64', os.version: '6.5.0-1016-azure', java.version: '11.0.22'\nDriver info: org.openqa.selenium.chrome.ChromeDriver\nCommand: [0550920fffa8815871838b7fe7569ace, findElement {using=xpath, value=//span[@title='Operational Excellence']/..}]\nCapabilities {acceptInsecureCerts: false, browserName: chrome, browserVersion: 122.0.6261.128, chrome: {chromedriverVersion: 122.0.6261.128 (f18a44fedeb..., userDataDir: /tmp/.org.chromium.Chromium...}, fedcm:accounts: true, goog:chromeOptions: {debuggerAddress: localhost:40631}, networkConnectionEnabled: false, pageLoadStrategy: normal, platformName: linux, proxy: Proxy(), se:cdp: ws://localhost:40631/devtoo..., se:cdpVersion: 122.0.6261.128, setWindowRect: true, strictFileInteractability: false, timeouts: {implicit: 0, pageLoad: 300000, script: 30000}, unhandledPromptBehavior: dismiss and notify, webauthn:extension:credBlob: true, webauthn:extension:largeBlob: true, webauthn:extension:minPinLength: true, webauthn:extension:prf: true, webauthn:virtualAuthenticators: true}\nSession ID: 0550920fffa8815871838b7fe7569ace","time":{"start":1711005461449,"stop":1711005483536,"duration":22087}},{"uid":"525bed3c5e002fa0","reportUrl":"https://emiryazicii.github.io/Symund-B32G26/16//#testresult/525bed3c5e002fa0","status":"broken","statusDetails":"no such element: Unable to locate element: {\"method\":\"xpath\",\"selector\":\"//span[contains(text(),'Assign to me')]\"}\n  (Session info: chrome=122.0.6261.128)\nFor documentation on this error, please visit: https://www.selenium.dev/documentation/webdriver/troubleshooting/errors#no-such-element-exception\nBuild info: version: '4.18.1', revision: 'b1d3319b48'\nSystem info: os.name: 'Linux', os.arch: 'amd64', os.version: '6.5.0-1016-azure', java.version: '11.0.22'\nDriver info: org.openqa.selenium.chrome.ChromeDriver\nCommand: [d76b99fa985f5ac822b35ae464d077fc, findElement {using=xpath, value=//span[contains(text(),'Assign to me')]}]\nCapabilities {acceptInsecureCerts: false, browserName: chrome, browserVersion: 122.0.6261.128, chrome: {chromedriverVersion: 122.0.6261.128 (f18a44fedeb..., userDataDir: /tmp/.org.chromium.Chromium...}, fedcm:accounts: true, goog:chromeOptions: {debuggerAddress: localhost:37725}, networkConnectionEnabled: false, pageLoadStrategy: normal, platformName: linux, proxy: Proxy(), se:cdp: ws://localhost:37725/devtoo..., se:cdpVersion: 122.0.6261.128, setWindowRect: true, strictFileInteractability: false, timeouts: {implicit: 0, pageLoad: 300000, script: 30000}, unhandledPromptBehavior: dismiss and notify, webauthn:extension:credBlob: true, webauthn:extension:largeBlob: true, webauthn:extension:minPinLength: true, webauthn:extension:prf: true, webauthn:virtualAuthenticators: true}\nSession ID: d76b99fa985f5ac822b35ae464d077fc","time":{"start":1711004061714,"stop":1711004084137,"duration":22423}},{"uid":"8087d6eead12612f","reportUrl":"https://emiryazicii.github.io/Symund-B32G26/16//#testresult/8087d6eead12612f","status":"broken","statusDetails":"no such element: Unable to locate element: {\"method\":\"xpath\",\"selector\":\"//span[contains(text(),'Assign to me')]\"}\n  (Session info: chrome=122.0.6261.128)\nFor documentation on this error, please visit: https://www.selenium.dev/documentation/webdriver/troubleshooting/errors#no-such-element-exception\nBuild info: version: '4.18.1', revision: 'b1d3319b48'\nSystem info: os.name: 'Linux', os.arch: 'amd64', os.version: '6.5.0-1016-azure', java.version: '11.0.22'\nDriver info: org.openqa.selenium.chrome.ChromeDriver\nCommand: [37ae5a78be2291ec88e024c3dfaeec68, findElement {using=xpath, value=//span[contains(text(),'Assign to me')]}]\nCapabilities {acceptInsecureCerts: false, browserName: chrome, browserVersion: 122.0.6261.128, chrome: {chromedriverVersion: 122.0.6261.128 (f18a44fedeb..., userDataDir: /tmp/.org.chromium.Chromium...}, fedcm:accounts: true, goog:chromeOptions: {debuggerAddress: localhost:37071}, networkConnectionEnabled: false, pageLoadStrategy: normal, platformName: linux, proxy: Proxy(), se:cdp: ws://localhost:37071/devtoo..., se:cdpVersion: 122.0.6261.128, setWindowRect: true, strictFileInteractability: false, timeouts: {implicit: 0, pageLoad: 300000, script: 30000}, unhandledPromptBehavior: dismiss and notify, webauthn:extension:credBlob: true, webauthn:extension:largeBlob: true, webauthn:extension:minPinLength: true, webauthn:extension:prf: true, webauthn:virtualAuthenticators: true}\nSession ID: 37ae5a78be2291ec88e024c3dfaeec68","time":{"start":1711003145951,"stop":1711003167826,"duration":21875}},{"uid":"cdbf728c7c2ddfab","reportUrl":"https://emiryazicii.github.io/Symund-B32G26/15//#testresult/cdbf728c7c2ddfab","status":"skipped","statusDetails":"Could not start a new session. Response code 500. Message: session not created: Chrome failed to start: exited normally.\n  (session not created: DevToolsActivePort file doesn't exist)\n  (The process started from chrome location /usr/bin/google-chrome is no longer running, so ChromeDriver is assuming that Chrome has crashed.) \nHost info: host: 'fv-az1106-902', ip: '10.1.0.28'\nBuild info: version: '4.18.1', revision: 'b1d3319b48'\nSystem info: os.name: 'Linux', os.arch: 'amd64', os.version: '6.5.0-1016-azure', java.version: '11.0.22'\nDriver info: org.openqa.selenium.chrome.ChromeDriver\nCommand: [null, newSession {capabilities=[Capabilities {browserName: chrome, goog:chromeOptions: {args: [], binary: /usr/bin/google-chrome, extensions: []}}]}]","time":{"start":1711002060626,"stop":1711002061004,"duration":378}}]},"69340114aa4c53aa2e00d1acfc8072fd":{"statistic":{"failed":0,"broken":0,"skipped":2,"passed":12,"unknown":0,"total":14},"items":[{"uid":"2000ec11b06fa72e","reportUrl":"https://emiryazicii.github.io/Symund-B32G26/25//#testresult/2000ec11b06fa72e","status":"passed","time":{"start":1711233441308,"stop":1711233455341,"duration":14033}},{"uid":"c7e27de870dffeae","reportUrl":"https://emiryazicii.github.io/Symund-B32G26/24//#testresult/c7e27de870dffeae","status":"passed","time":{"start":1711232899616,"stop":1711232913426,"duration":13810}},{"uid":"40f34574f9563c87","reportUrl":"https://emiryazicii.github.io/Symund-B32G26/23//#testresult/40f34574f9563c87","status":"passed","time":{"start":1711171885404,"stop":1711171898163,"duration":12759}},{"uid":"810d720e8ecef449","reportUrl":"https://emiryazicii.github.io/Symund-B32G26/23//#testresult/810d720e8ecef449","status":"passed","time":{"start":1711143663325,"stop":1711143677429,"duration":14104}},{"uid":"2b592bd65da8030e","reportUrl":"https://emiryazicii.github.io/Symund-B32G26/23//#testresult/2b592bd65da8030e","status":"passed","time":{"start":1711142536148,"stop":1711142552102,"duration":15954}},{"uid":"71b9cc1f2ebadc07","reportUrl":"https://emiryazicii.github.io/Symund-B32G26/22//#testresult/71b9cc1f2ebadc07","status":"passed","time":{"start":1711141694082,"stop":1711141706215,"duration":12133}},{"uid":"4aeb298fd61d0cb6","reportUrl":"https://emiryazicii.github.io/Symund-B32G26/21//#testresult/4aeb298fd61d0cb6","status":"skipped","statusDetails":"Could not start a new session. Response code 500. Message: session not created: Chrome failed to start: exited normally.\n  (session not created: DevToolsActivePort file doesn't exist)\n  (The process started from chrome location /usr/bin/google-chrome is no longer running, so ChromeDriver is assuming that Chrome has crashed.) \nHost info: host: 'fv-az1535-961', ip: '10.1.0.119'\nBuild info: version: '4.18.1', revision: 'b1d3319b48'\nSystem info: os.name: 'Linux', os.arch: 'amd64', os.version: '6.5.0-1016-azure', java.version: '11.0.22'\nDriver info: org.openqa.selenium.chrome.ChromeDriver\nCommand: [null, newSession {capabilities=[Capabilities {browserName: chrome, goog:chromeOptions: {args: [], binary: /usr/bin/google-chrome, extensions: []}}]}]","time":{"start":1711140975686,"stop":1711140976078,"duration":392}},{"uid":"752cef6cc56dad94","reportUrl":"https://emiryazicii.github.io/Symund-B32G26/20//#testresult/752cef6cc56dad94","status":"passed","time":{"start":1711038238017,"stop":1711038250866,"duration":12849}},{"uid":"5eb34801116ee9a7","reportUrl":"https://emiryazicii.github.io/Symund-B32G26/20//#testresult/5eb34801116ee9a7","status":"passed","time":{"start":1711036216850,"stop":1711036229251,"duration":12401}},{"uid":"51380124b811d7db","reportUrl":"https://emiryazicii.github.io/Symund-B32G26/19//#testresult/51380124b811d7db","status":"passed","time":{"start":1711006876609,"stop":1711006888997,"duration":12388}},{"uid":"abb47204b89ab558","reportUrl":"https://emiryazicii.github.io/Symund-B32G26/18//#testresult/abb47204b89ab558","status":"passed","time":{"start":1711005195897,"stop":1711005208544,"duration":12647}},{"uid":"e8294764fd303667","reportUrl":"https://emiryazicii.github.io/Symund-B32G26/16//#testresult/e8294764fd303667","status":"passed","time":{"start":1711003810194,"stop":1711003824349,"duration":14155}},{"uid":"5b7e9f81d315a69c","reportUrl":"https://emiryazicii.github.io/Symund-B32G26/16//#testresult/5b7e9f81d315a69c","status":"passed","time":{"start":1711002895709,"stop":1711002911263,"duration":15554}},{"uid":"da1548396dcfc9d2","reportUrl":"https://emiryazicii.github.io/Symund-B32G26/15//#testresult/da1548396dcfc9d2","status":"skipped","statusDetails":"Could not start a new session. Response code 500. Message: session not created: Chrome failed to start: exited normally.\n  (session not created: DevToolsActivePort file doesn't exist)\n  (The process started from chrome location /usr/bin/google-chrome is no longer running, so ChromeDriver is assuming that Chrome has crashed.) \nHost info: host: 'fv-az1106-902', ip: '10.1.0.28'\nBuild info: version: '4.18.1', revision: 'b1d3319b48'\nSystem info: os.name: 'Linux', os.arch: 'amd64', os.version: '6.5.0-1016-azure', java.version: '11.0.22'\nDriver info: org.openqa.selenium.chrome.ChromeDriver\nCommand: [null, newSession {capabilities=[Capabilities {browserName: chrome, goog:chromeOptions: {args: [], binary: /usr/bin/google-chrome, extensions: []}}]}]","time":{"start":1711002054217,"stop":1711002054630,"duration":413}}]},"1233c8e2cf73146c1a5e7d12c3986aee":{"statistic":{"failed":0,"broken":0,"skipped":0,"passed":1,"unknown":0,"total":1},"items":[{"uid":"7777251f9f332194","reportUrl":"https://emiryazicii.github.io/Symund-B32G26/10//#testresult/7777251f9f332194","status":"passed","time":{"start":1710794655679,"stop":1710794665254,"duration":9575}}]},"649f140e467c956dd01ee5466154d384":{"statistic":{"failed":0,"broken":0,"skipped":1,"passed":6,"unknown":0,"total":7},"items":[{"uid":"5298f3a7384b3184","reportUrl":"https://emiryazicii.github.io/Symund-B32G26/25//#testresult/5298f3a7384b3184","status":"passed","time":{"start":1711233820898,"stop":1711233834724,"duration":13826}},{"uid":"65551b59647d3014","reportUrl":"https://emiryazicii.github.io/Symund-B32G26/24//#testresult/65551b59647d3014","status":"passed","time":{"start":1711233189208,"stop":1711233203839,"duration":14631}},{"uid":"d40319fb18f29ec8","reportUrl":"https://emiryazicii.github.io/Symund-B32G26/23//#testresult/d40319fb18f29ec8","status":"passed","time":{"start":1711172180696,"stop":1711172194114,"duration":13418}},{"uid":"bb2e2ed9efa3af40","reportUrl":"https://emiryazicii.github.io/Symund-B32G26/23//#testresult/bb2e2ed9efa3af40","status":"passed","time":{"start":1711143939988,"stop":1711143954437,"duration":14449}},{"uid":"37696856f265356d","reportUrl":"https://emiryazicii.github.io/Symund-B32G26/23//#testresult/37696856f265356d","status":"passed","time":{"start":1711142879602,"stop":1711142893773,"duration":14171}},{"uid":"10c95fa9f5c71f72","reportUrl":"https://emiryazicii.github.io/Symund-B32G26/22//#testresult/10c95fa9f5c71f72","status":"passed","time":{"start":1711141947899,"stop":1711141960475,"duration":12576}},{"uid":"f41e589fb8503c68","reportUrl":"https://emiryazicii.github.io/Symund-B32G26/21//#testresult/f41e589fb8503c68","status":"skipped","statusDetails":"Could not start a new session. Response code 500. Message: session not created: Chrome failed to start: exited normally.\n  (session not created: DevToolsActivePort file doesn't exist)\n  (The process started from chrome location /usr/bin/google-chrome is no longer running, so ChromeDriver is assuming that Chrome has crashed.) \nHost info: host: 'fv-az1535-961', ip: '10.1.0.119'\nBuild info: version: '4.18.1', revision: 'b1d3319b48'\nSystem info: os.name: 'Linux', os.arch: 'amd64', os.version: '6.5.0-1016-azure', java.version: '11.0.22'\nDriver info: org.openqa.selenium.chrome.ChromeDriver\nCommand: [null, newSession {capabilities=[Capabilities {browserName: chrome, goog:chromeOptions: {args: [], binary: /usr/bin/google-chrome, extensions: []}}]}]","time":{"start":1711140983262,"stop":1711140983648,"duration":386}}]},"9491fe8eb56f66c3f5c4ab13353a1170":{"statistic":{"failed":0,"broken":4,"skipped":2,"passed":8,"unknown":0,"total":14},"items":[{"uid":"8df14fee3b34c599","reportUrl":"https://emiryazicii.github.io/Symund-B32G26/25//#testresult/8df14fee3b34c599","status":"passed","time":{"start":1711233640114,"stop":1711233655264,"duration":15150}},{"uid":"723274022d1245d8","reportUrl":"https://emiryazicii.github.io/Symund-B32G26/24//#testresult/723274022d1245d8","status":"passed","time":{"start":1711233112396,"stop":1711233127531,"duration":15135}},{"uid":"91c54190eec4201c","reportUrl":"https://emiryazicii.github.io/Symund-B32G26/23//#testresult/91c54190eec4201c","status":"passed","time":{"start":1711172100727,"stop":1711172115169,"duration":14442}},{"uid":"d127c839f67f6355","reportUrl":"https://emiryazicii.github.io/Symund-B32G26/23//#testresult/d127c839f67f6355","status":"passed","time":{"start":1711143863578,"stop":1711143878022,"duration":14444}},{"uid":"325f2ae442e74e1a","reportUrl":"https://emiryazicii.github.io/Symund-B32G26/23//#testresult/325f2ae442e74e1a","status":"broken","statusDetails":"no such element: Unable to locate element: {\"method\":\"xpath\",\"selector\":\"//span[contains(text(),'Assign to me')]\"}\n  (Session info: chrome=122.0.6261.128)\nFor documentation on this error, please visit: https://www.selenium.dev/documentation/webdriver/troubleshooting/errors#no-such-element-exception\nBuild info: version: '4.18.1', revision: 'b1d3319b48'\nSystem info: os.name: 'Linux', os.arch: 'amd64', os.version: '6.5.0-1016-azure', java.version: '11.0.22'\nDriver info: org.openqa.selenium.chrome.ChromeDriver\nCommand: [14b7a08855104c9be22b45c07590ac79, findElement {value=//span[contains(text(),'Assign to me')], using=xpath}]\nCapabilities {acceptInsecureCerts: false, browserName: chrome, browserVersion: 122.0.6261.128, chrome: {chromedriverVersion: 122.0.6261.128 (f18a44fedeb..., userDataDir: /tmp/.org.chromium.Chromium...}, fedcm:accounts: true, goog:chromeOptions: {debuggerAddress: localhost:42835}, networkConnectionEnabled: false, pageLoadStrategy: normal, platformName: linux, proxy: Proxy(), se:cdp: ws://localhost:42835/devtoo..., se:cdpVersion: 122.0.6261.128, setWindowRect: true, strictFileInteractability: false, timeouts: {implicit: 0, pageLoad: 300000, script: 30000}, unhandledPromptBehavior: dismiss and notify, webauthn:extension:credBlob: true, webauthn:extension:largeBlob: true, webauthn:extension:minPinLength: true, webauthn:extension:prf: true, webauthn:virtualAuthenticators: true}\nSession ID: 14b7a08855104c9be22b45c07590ac79","time":{"start":1711142767497,"stop":1711142792921,"duration":25424}},{"uid":"2a3e936809f9c2a4","reportUrl":"https://emiryazicii.github.io/Symund-B32G26/22//#testresult/2a3e936809f9c2a4","status":"passed","time":{"start":1711141878442,"stop":1711141891614,"duration":13172}},{"uid":"faf1ba1e838c4f40","reportUrl":"https://emiryazicii.github.io/Symund-B32G26/21//#testresult/faf1ba1e838c4f40","status":"skipped","statusDetails":"Could not start a new session. Response code 500. Message: session not created: Chrome failed to start: exited normally.\n  (session not created: DevToolsActivePort file doesn't exist)\n  (The process started from chrome location /usr/bin/google-chrome is no longer running, so ChromeDriver is assuming that Chrome has crashed.) \nHost info: host: 'fv-az1535-961', ip: '10.1.0.119'\nBuild info: version: '4.18.1', revision: 'b1d3319b48'\nSystem info: os.name: 'Linux', os.arch: 'amd64', os.version: '6.5.0-1016-azure', java.version: '11.0.22'\nDriver info: org.openqa.selenium.chrome.ChromeDriver\nCommand: [null, newSession {capabilities=[Capabilities {browserName: chrome, goog:chromeOptions: {args: [], binary: /usr/bin/google-chrome, extensions: []}}]}]","time":{"start":1711140981302,"stop":1711140981686,"duration":384}},{"uid":"35c6288a480f4139","reportUrl":"https://emiryazicii.github.io/Symund-B32G26/20//#testresult/35c6288a480f4139","status":"passed","time":{"start":1711038436272,"stop":1711038450164,"duration":13892}},{"uid":"74c7408c39c6cacb","reportUrl":"https://emiryazicii.github.io/Symund-B32G26/20//#testresult/74c7408c39c6cacb","status":"passed","time":{"start":1711036430169,"stop":1711036443930,"duration":13761}},{"uid":"6e7781c617126c81","reportUrl":"https://emiryazicii.github.io/Symund-B32G26/19//#testresult/6e7781c617126c81","status":"passed","time":{"start":1711007054451,"stop":1711007067092,"duration":12641}},{"uid":"73acf5008fee374d","reportUrl":"https://emiryazicii.github.io/Symund-B32G26/18//#testresult/73acf5008fee374d","status":"broken","statusDetails":"no such element: Unable to locate element: {\"method\":\"xpath\",\"selector\":\"//span[contains(text(),'Assign to me')]\"}\n  (Session info: chrome=122.0.6261.128)\nFor documentation on this error, please visit: https://www.selenium.dev/documentation/webdriver/troubleshooting/errors#no-such-element-exception\nBuild info: version: '4.18.1', revision: 'b1d3319b48'\nSystem info: os.name: 'Linux', os.arch: 'amd64', os.version: '6.5.0-1016-azure', java.version: '11.0.22'\nDriver info: org.openqa.selenium.chrome.ChromeDriver\nCommand: [5c418d895bc8bf83f28872e40dbd8dae, findElement {using=xpath, value=//span[contains(text(),'Assign to me')]}]\nCapabilities {acceptInsecureCerts: false, browserName: chrome, browserVersion: 122.0.6261.128, chrome: {chromedriverVersion: 122.0.6261.128 (f18a44fedeb..., userDataDir: /tmp/.org.chromium.Chromium...}, fedcm:accounts: true, goog:chromeOptions: {debuggerAddress: localhost:42283}, networkConnectionEnabled: false, pageLoadStrategy: normal, platformName: linux, proxy: Proxy(), se:cdp: ws://localhost:42283/devtoo..., se:cdpVersion: 122.0.6261.128, setWindowRect: true, strictFileInteractability: false, timeouts: {implicit: 0, pageLoad: 300000, script: 30000}, unhandledPromptBehavior: dismiss and notify, webauthn:extension:credBlob: true, webauthn:extension:largeBlob: true, webauthn:extension:minPinLength: true, webauthn:extension:prf: true, webauthn:virtualAuthenticators: true}\nSession ID: 5c418d895bc8bf83f28872e40dbd8dae","time":{"start":1711005414915,"stop":1711005438942,"duration":24027}},{"uid":"be2b3f0a7cdda7d4","reportUrl":"https://emiryazicii.github.io/Symund-B32G26/16//#testresult/be2b3f0a7cdda7d4","status":"broken","statusDetails":"no such element: Unable to locate element: {\"method\":\"xpath\",\"selector\":\"//span[contains(text(),'Assign to me')]\"}\n  (Session info: chrome=122.0.6261.128)\nFor documentation on this error, please visit: https://www.selenium.dev/documentation/webdriver/troubleshooting/errors#no-such-element-exception\nBuild info: version: '4.18.1', revision: 'b1d3319b48'\nSystem info: os.name: 'Linux', os.arch: 'amd64', os.version: '6.5.0-1016-azure', java.version: '11.0.22'\nDriver info: org.openqa.selenium.chrome.ChromeDriver\nCommand: [9ae50f47fa54fc02897b766182764b69, findElement {using=xpath, value=//span[contains(text(),'Assign to me')]}]\nCapabilities {acceptInsecureCerts: false, browserName: chrome, browserVersion: 122.0.6261.128, chrome: {chromedriverVersion: 122.0.6261.128 (f18a44fedeb..., userDataDir: /tmp/.org.chromium.Chromium...}, fedcm:accounts: true, goog:chromeOptions: {debuggerAddress: localhost:37591}, networkConnectionEnabled: false, pageLoadStrategy: normal, platformName: linux, proxy: Proxy(), se:cdp: ws://localhost:37591/devtoo..., se:cdpVersion: 122.0.6261.128, setWindowRect: true, strictFileInteractability: false, timeouts: {implicit: 0, pageLoad: 300000, script: 30000}, unhandledPromptBehavior: dismiss and notify, webauthn:extension:credBlob: true, webauthn:extension:largeBlob: true, webauthn:extension:minPinLength: true, webauthn:extension:prf: true, webauthn:virtualAuthenticators: true}\nSession ID: 9ae50f47fa54fc02897b766182764b69","time":{"start":1711004017978,"stop":1711004040168,"duration":22190}},{"uid":"9f7646cb2aa82328","reportUrl":"https://emiryazicii.github.io/Symund-B32G26/16//#testresult/9f7646cb2aa82328","status":"broken","statusDetails":"no such element: Unable to locate element: {\"method\":\"xpath\",\"selector\":\"//span[contains(text(),'Assign to me')]\"}\n  (Session info: chrome=122.0.6261.128)\nFor documentation on this error, please visit: https://www.selenium.dev/documentation/webdriver/troubleshooting/errors#no-such-element-exception\nBuild info: version: '4.18.1', revision: 'b1d3319b48'\nSystem info: os.name: 'Linux', os.arch: 'amd64', os.version: '6.5.0-1016-azure', java.version: '11.0.22'\nDriver info: org.openqa.selenium.chrome.ChromeDriver\nCommand: [19769ab14120e8b74e849c638a2a6098, findElement {using=xpath, value=//span[contains(text(),'Assign to me')]}]\nCapabilities {acceptInsecureCerts: false, browserName: chrome, browserVersion: 122.0.6261.128, chrome: {chromedriverVersion: 122.0.6261.128 (f18a44fedeb..., userDataDir: /tmp/.org.chromium.Chromium...}, fedcm:accounts: true, goog:chromeOptions: {debuggerAddress: localhost:46761}, networkConnectionEnabled: false, pageLoadStrategy: normal, platformName: linux, proxy: Proxy(), se:cdp: ws://localhost:46761/devtoo..., se:cdpVersion: 122.0.6261.128, setWindowRect: true, strictFileInteractability: false, timeouts: {implicit: 0, pageLoad: 300000, script: 30000}, unhandledPromptBehavior: dismiss and notify, webauthn:extension:credBlob: true, webauthn:extension:largeBlob: true, webauthn:extension:minPinLength: true, webauthn:extension:prf: true, webauthn:virtualAuthenticators: true}\nSession ID: 19769ab14120e8b74e849c638a2a6098","time":{"start":1711003100708,"stop":1711003123872,"duration":23164}},{"uid":"a1e73f4ca02d306d","reportUrl":"https://emiryazicii.github.io/Symund-B32G26/15//#testresult/a1e73f4ca02d306d","status":"skipped","statusDetails":"Could not start a new session. Response code 500. Message: session not created: Chrome failed to start: exited normally.\n  (session not created: DevToolsActivePort file doesn't exist)\n  (The process started from chrome location /usr/bin/google-chrome is no longer running, so ChromeDriver is assuming that Chrome has crashed.) \nHost info: host: 'fv-az1106-902', ip: '10.1.0.28'\nBuild info: version: '4.18.1', revision: 'b1d3319b48'\nSystem info: os.name: 'Linux', os.arch: 'amd64', os.version: '6.5.0-1016-azure', java.version: '11.0.22'\nDriver info: org.openqa.selenium.chrome.ChromeDriver\nCommand: [null, newSession {capabilities=[Capabilities {browserName: chrome, goog:chromeOptions: {args: [], binary: /usr/bin/google-chrome, extensions: []}}]}]","time":{"start":1711002059861,"stop":1711002060242,"duration":381}}]},"59d00d82e644630c309a84fccbd99346":{"statistic":{"failed":6,"broken":0,"skipped":1,"passed":0,"unknown":0,"total":7},"items":[{"uid":"b55d361394e566fa","reportUrl":"https://emiryazicii.github.io/Symund-B32G26/25//#testresult/b55d361394e566fa","status":"failed","statusDetails":"java.lang.AssertionError","time":{"start":1711233789629,"stop":1711233805025,"duration":15396}},{"uid":"19b8775339e1f0f2","reportUrl":"https://emiryazicii.github.io/Symund-B32G26/24//#testresult/19b8775339e1f0f2","status":"failed","statusDetails":"java.lang.AssertionError","time":{"start":1711233157490,"stop":1711233173860,"duration":16370}},{"uid":"951f4af88a818aa6","reportUrl":"https://emiryazicii.github.io/Symund-B32G26/23//#testresult/951f4af88a818aa6","status":"failed","statusDetails":"java.lang.AssertionError","time":{"start":1711172148125,"stop":1711172164985,"duration":16860}},{"uid":"ae95031daeb22133","reportUrl":"https://emiryazicii.github.io/Symund-B32G26/23//#testresult/ae95031daeb22133","status":"failed","statusDetails":"java.lang.AssertionError","time":{"start":1711143908770,"stop":1711143924014,"duration":15244}},{"uid":"81ab63da56acc1c5","reportUrl":"https://emiryazicii.github.io/Symund-B32G26/23//#testresult/81ab63da56acc1c5","status":"failed","statusDetails":"java.lang.AssertionError","time":{"start":1711142845943,"stop":1711142863183,"duration":17240}},{"uid":"fdfb2209054eba4d","reportUrl":"https://emiryazicii.github.io/Symund-B32G26/22//#testresult/fdfb2209054eba4d","status":"failed","statusDetails":"java.lang.AssertionError","time":{"start":1711141917847,"stop":1711141933171,"duration":15324}},{"uid":"f6f1342f88ab57a3","reportUrl":"https://emiryazicii.github.io/Symund-B32G26/21//#testresult/f6f1342f88ab57a3","status":"skipped","statusDetails":"Could not start a new session. Response code 500. Message: session not created: Chrome failed to start: exited normally.\n  (session not created: DevToolsActivePort file doesn't exist)\n  (The process started from chrome location /usr/bin/google-chrome is no longer running, so ChromeDriver is assuming that Chrome has crashed.) \nHost info: host: 'fv-az1535-961', ip: '10.1.0.119'\nBuild info: version: '4.18.1', revision: 'b1d3319b48'\nSystem info: os.name: 'Linux', os.arch: 'amd64', os.version: '6.5.0-1016-azure', java.version: '11.0.22'\nDriver info: org.openqa.selenium.chrome.ChromeDriver\nCommand: [null, newSession {capabilities=[Capabilities {browserName: chrome, goog:chromeOptions: {args: [], binary: /usr/bin/google-chrome, extensions: []}}]}]","time":{"start":1711140982481,"stop":1711140982869,"duration":388}}]},"601a27300e3a5049933156d4835535c3":{"statistic":{"failed":0,"broken":0,"skipped":2,"passed":12,"unknown":0,"total":14},"items":[{"uid":"9a60df6f536a0789","reportUrl":"https://emiryazicii.github.io/Symund-B32G26/25//#testresult/9a60df6f536a0789","status":"passed","time":{"start":1711233848907,"stop":1711233858545,"duration":9638}},{"uid":"56b176a69089c14c","reportUrl":"https://emiryazicii.github.io/Symund-B32G26/24//#testresult/56b176a69089c14c","status":"passed","time":{"start":1711233217869,"stop":1711233227467,"duration":9598}},{"uid":"a56c0c911e3accf","reportUrl":"https://emiryazicii.github.io/Symund-B32G26/23//#testresult/a56c0c911e3accf","status":"passed","time":{"start":1711172206863,"stop":1711172215433,"duration":8570}},{"uid":"114837070d00f23","reportUrl":"https://emiryazicii.github.io/Symund-B32G26/23//#testresult/114837070d00f23","status":"passed","time":{"start":1711143967519,"stop":1711143977025,"duration":9506}},{"uid":"ac5a8dc4a9795a52","reportUrl":"https://emiryazicii.github.io/Symund-B32G26/23//#testresult/ac5a8dc4a9795a52","status":"passed","time":{"start":1711142907210,"stop":1711142917478,"duration":10268}},{"uid":"ef67b1d3e5ecb738","reportUrl":"https://emiryazicii.github.io/Symund-B32G26/22//#testresult/ef67b1d3e5ecb738","status":"passed","time":{"start":1711141972498,"stop":1711141981040,"duration":8542}},{"uid":"f3a33631dd1ad8fe","reportUrl":"https://emiryazicii.github.io/Symund-B32G26/21//#testresult/f3a33631dd1ad8fe","status":"skipped","statusDetails":"Could not start a new session. Response code 500. Message: session not created: Chrome failed to start: exited normally.\n  (session not created: DevToolsActivePort file doesn't exist)\n  (The process started from chrome location /usr/bin/google-chrome is no longer running, so ChromeDriver is assuming that Chrome has crashed.) \nHost info: host: 'fv-az1535-961', ip: '10.1.0.119'\nBuild info: version: '4.18.1', revision: 'b1d3319b48'\nSystem info: os.name: 'Linux', os.arch: 'amd64', os.version: '6.5.0-1016-azure', java.version: '11.0.22'\nDriver info: org.openqa.selenium.chrome.ChromeDriver\nCommand: [null, newSession {capabilities=[Capabilities {browserName: chrome, goog:chromeOptions: {args: [], binary: /usr/bin/google-chrome, extensions: []}}]}]","time":{"start":1711140984042,"stop":1711140984429,"duration":387}},{"uid":"a9b472eff0de8e0f","reportUrl":"https://emiryazicii.github.io/Symund-B32G26/20//#testresult/a9b472eff0de8e0f","status":"passed","time":{"start":1711038479867,"stop":1711038488141,"duration":8274}},{"uid":"d5175ea26642646a","reportUrl":"https://emiryazicii.github.io/Symund-B32G26/20//#testresult/d5175ea26642646a","status":"passed","time":{"start":1711036480160,"stop":1711036488262,"duration":8102}},{"uid":"554eb390ceea0ccd","reportUrl":"https://emiryazicii.github.io/Symund-B32G26/19//#testresult/554eb390ceea0ccd","status":"passed","time":{"start":1711007093431,"stop":1711007101217,"duration":7786}},{"uid":"e9d8ea8f7175b284","reportUrl":"https://emiryazicii.github.io/Symund-B32G26/18//#testresult/e9d8ea8f7175b284","status":"passed","time":{"start":1711005483541,"stop":1711005491833,"duration":8292}},{"uid":"5d1da6317873d39c","reportUrl":"https://emiryazicii.github.io/Symund-B32G26/16//#testresult/5d1da6317873d39c","status":"passed","time":{"start":1711003765433,"stop":1711003776332,"duration":10899}},{"uid":"e8947e191cbac829","reportUrl":"https://emiryazicii.github.io/Symund-B32G26/16//#testresult/e8947e191cbac829","status":"passed","time":{"start":1711002848989,"stop":1711002859944,"duration":10955}},{"uid":"32f0aa7e366c04bd","reportUrl":"https://emiryazicii.github.io/Symund-B32G26/15//#testresult/32f0aa7e366c04bd","status":"skipped","statusDetails":"Could not start a new session. Response code 500. Message: session not created: Chrome failed to start: exited normally.\n  (session not created: DevToolsActivePort file doesn't exist)\n  (The process started from chrome location /usr/bin/google-chrome is no longer running, so ChromeDriver is assuming that Chrome has crashed.) \nHost info: host: 'fv-az1106-902', ip: '10.1.0.28'\nBuild info: version: '4.18.1', revision: 'b1d3319b48'\nSystem info: os.name: 'Linux', os.arch: 'amd64', os.version: '6.5.0-1016-azure', java.version: '11.0.22'\nDriver info: org.openqa.selenium.chrome.ChromeDriver\nCommand: [null, newSession {capabilities=[Capabilities {browserName: chrome, goog:chromeOptions: {args: [], binary: /usr/bin/google-chrome, extensions: []}}]}]","time":{"start":1711002052382,"stop":1711002053351,"duration":969}}]},"24c9d1f40c0435fa3aca20a36a71190b":{"statistic":{"failed":0,"broken":0,"skipped":2,"passed":12,"unknown":0,"total":14},"items":[{"uid":"90ca3e2ef2ebf5ec","reportUrl":"https://emiryazicii.github.io/Symund-B32G26/25//#testresult/90ca3e2ef2ebf5ec","status":"passed","time":{"start":1711233552721,"stop":1711233567039,"duration":14318}},{"uid":"592d5afc514f12db","reportUrl":"https://emiryazicii.github.io/Symund-B32G26/24//#testresult/592d5afc514f12db","status":"passed","time":{"start":1711233014971,"stop":1711233029883,"duration":14912}},{"uid":"85586d396900274b","reportUrl":"https://emiryazicii.github.io/Symund-B32G26/23//#testresult/85586d396900274b","status":"passed","time":{"start":1711172013219,"stop":1711172027644,"duration":14425}},{"uid":"ca60efc1419510f5","reportUrl":"https://emiryazicii.github.io/Symund-B32G26/23//#testresult/ca60efc1419510f5","status":"passed","time":{"start":1711143776958,"stop":1711143791152,"duration":14194}},{"uid":"d5961dc993ccd275","reportUrl":"https://emiryazicii.github.io/Symund-B32G26/23//#testresult/d5961dc993ccd275","status":"passed","time":{"start":1711142659034,"stop":1711142674616,"duration":15582}},{"uid":"de8abedf7ffe52de","reportUrl":"https://emiryazicii.github.io/Symund-B32G26/22//#testresult/de8abedf7ffe52de","status":"passed","time":{"start":1711141797690,"stop":1711141811639,"duration":13949}},{"uid":"ab76db72bdd96c5d","reportUrl":"https://emiryazicii.github.io/Symund-B32G26/21//#testresult/ab76db72bdd96c5d","status":"skipped","statusDetails":"Could not start a new session. Response code 500. Message: session not created: Chrome failed to start: exited normally.\n  (session not created: DevToolsActivePort file doesn't exist)\n  (The process started from chrome location /usr/bin/google-chrome is no longer running, so ChromeDriver is assuming that Chrome has crashed.) \nHost info: host: 'fv-az1535-961', ip: '10.1.0.119'\nBuild info: version: '4.18.1', revision: 'b1d3319b48'\nSystem info: os.name: 'Linux', os.arch: 'amd64', os.version: '6.5.0-1016-azure', java.version: '11.0.22'\nDriver info: org.openqa.selenium.chrome.ChromeDriver\nCommand: [null, newSession {capabilities=[Capabilities {browserName: chrome, goog:chromeOptions: {args: [], binary: /usr/bin/google-chrome, extensions: []}}]}]","time":{"start":1711140978894,"stop":1711140979302,"duration":408}},{"uid":"f1c25a18ba66f19d","reportUrl":"https://emiryazicii.github.io/Symund-B32G26/20//#testresult/f1c25a18ba66f19d","status":"passed","time":{"start":1711038347939,"stop":1711038361337,"duration":13398}},{"uid":"1c7498e3ad8e7be7","reportUrl":"https://emiryazicii.github.io/Symund-B32G26/20//#testresult/1c7498e3ad8e7be7","status":"passed","time":{"start":1711036338722,"stop":1711036351846,"duration":13124}},{"uid":"5914d7eeee2888bd","reportUrl":"https://emiryazicii.github.io/Symund-B32G26/19//#testresult/5914d7eeee2888bd","status":"passed","time":{"start":1711006976432,"stop":1711006988935,"duration":12503}},{"uid":"7f4b008a9917d668","reportUrl":"https://emiryazicii.github.io/Symund-B32G26/18//#testresult/7f4b008a9917d668","status":"passed","time":{"start":1711005298452,"stop":1711005312295,"duration":13843}},{"uid":"6e0794ba5c39e8fb","reportUrl":"https://emiryazicii.github.io/Symund-B32G26/16//#testresult/6e0794ba5c39e8fb","status":"passed","time":{"start":1711003923656,"stop":1711003935662,"duration":12006}},{"uid":"333d42d0e9a37828","reportUrl":"https://emiryazicii.github.io/Symund-B32G26/16//#testresult/333d42d0e9a37828","status":"passed","time":{"start":1711003004687,"stop":1711003016939,"duration":12252}},{"uid":"bda8eedb66caed4a","reportUrl":"https://emiryazicii.github.io/Symund-B32G26/15//#testresult/bda8eedb66caed4a","status":"skipped","statusDetails":"Could not start a new session. Response code 500. Message: session not created: Chrome failed to start: exited normally.\n  (session not created: DevToolsActivePort file doesn't exist)\n  (The process started from chrome location /usr/bin/google-chrome is no longer running, so ChromeDriver is assuming that Chrome has crashed.) \nHost info: host: 'fv-az1106-902', ip: '10.1.0.28'\nBuild info: version: '4.18.1', revision: 'b1d3319b48'\nSystem info: os.name: 'Linux', os.arch: 'amd64', os.version: '6.5.0-1016-azure', java.version: '11.0.22'\nDriver info: org.openqa.selenium.chrome.ChromeDriver\nCommand: [null, newSession {capabilities=[Capabilities {browserName: chrome, goog:chromeOptions: {args: [], binary: /usr/bin/google-chrome, extensions: []}}]}]","time":{"start":1711002057521,"stop":1711002057939,"duration":418}}]},"a6168de4e0662f025e7277776a89ab07":{"statistic":{"failed":0,"broken":1,"skipped":2,"passed":11,"unknown":0,"total":14},"items":[{"uid":"932ad029b0a307fd","reportUrl":"https://emiryazicii.github.io/Symund-B32G26/25//#testresult/932ad029b0a307fd","status":"passed","time":{"start":1711233581516,"stop":1711233596283,"duration":14767}},{"uid":"6c0fc7a79b89939d","reportUrl":"https://emiryazicii.github.io/Symund-B32G26/24//#testresult/6c0fc7a79b89939d","status":"passed","time":{"start":1711233044713,"stop":1711233060271,"duration":15558}},{"uid":"3fd679f4c0f678f2","reportUrl":"https://emiryazicii.github.io/Symund-B32G26/23//#testresult/3fd679f4c0f678f2","status":"passed","time":{"start":1711172041611,"stop":1711172055411,"duration":13800}},{"uid":"f75dd7c2e9cb8ff5","reportUrl":"https://emiryazicii.github.io/Symund-B32G26/23//#testresult/f75dd7c2e9cb8ff5","status":"passed","time":{"start":1711143805487,"stop":1711143820115,"duration":14628}},{"uid":"1f4274653252c8ba","reportUrl":"https://emiryazicii.github.io/Symund-B32G26/23//#testresult/1f4274653252c8ba","status":"passed","time":{"start":1711142690360,"stop":1711142704303,"duration":13943}},{"uid":"96e307a2b3e72c93","reportUrl":"https://emiryazicii.github.io/Symund-B32G26/22//#testresult/96e307a2b3e72c93","status":"passed","time":{"start":1711141824565,"stop":1711141837754,"duration":13189}},{"uid":"e39a2c8d54121fbb","reportUrl":"https://emiryazicii.github.io/Symund-B32G26/21//#testresult/e39a2c8d54121fbb","status":"skipped","statusDetails":"Could not start a new session. Response code 500. Message: session not created: Chrome failed to start: exited normally.\n  (session not created: DevToolsActivePort file doesn't exist)\n  (The process started from chrome location /usr/bin/google-chrome is no longer running, so ChromeDriver is assuming that Chrome has crashed.) \nHost info: host: 'fv-az1535-961', ip: '10.1.0.119'\nBuild info: version: '4.18.1', revision: 'b1d3319b48'\nSystem info: os.name: 'Linux', os.arch: 'amd64', os.version: '6.5.0-1016-azure', java.version: '11.0.22'\nDriver info: org.openqa.selenium.chrome.ChromeDriver\nCommand: [null, newSession {capabilities=[Capabilities {browserName: chrome, goog:chromeOptions: {args: [], binary: /usr/bin/google-chrome, extensions: []}}]}]","time":{"start":1711140979702,"stop":1711140980092,"duration":390}},{"uid":"4e0c541d7e2b3fcb","reportUrl":"https://emiryazicii.github.io/Symund-B32G26/20//#testresult/4e0c541d7e2b3fcb","status":"passed","time":{"start":1711038376200,"stop":1711038391042,"duration":14842}},{"uid":"671fb2b168963066","reportUrl":"https://emiryazicii.github.io/Symund-B32G26/20//#testresult/671fb2b168963066","status":"passed","time":{"start":1711036365205,"stop":1711036378706,"duration":13501}},{"uid":"f377217d1eb3767e","reportUrl":"https://emiryazicii.github.io/Symund-B32G26/19//#testresult/f377217d1eb3767e","status":"passed","time":{"start":1711007001478,"stop":1711007014836,"duration":13358}},{"uid":"8f0f00cd7714fb99","reportUrl":"https://emiryazicii.github.io/Symund-B32G26/18//#testresult/8f0f00cd7714fb99","status":"broken","statusDetails":"no such element: Unable to locate element: {\"method\":\"xpath\",\"selector\":\"//h3[contains(text(),'Budget Breakdown')]/../button\"}\n  (Session info: chrome=122.0.6261.128)\nFor documentation on this error, please visit: https://www.selenium.dev/documentation/webdriver/troubleshooting/errors#no-such-element-exception\nBuild info: version: '4.18.1', revision: 'b1d3319b48'\nSystem info: os.name: 'Linux', os.arch: 'amd64', os.version: '6.5.0-1016-azure', java.version: '11.0.22'\nDriver info: org.openqa.selenium.chrome.ChromeDriver\nCommand: [81e5f2a53d75b86940f2b1cf5dd51d78, findElement {using=xpath, value=//h3[contains(text(),'Budget Breakdown')]/../button}]\nCapabilities {acceptInsecureCerts: false, browserName: chrome, browserVersion: 122.0.6261.128, chrome: {chromedriverVersion: 122.0.6261.128 (f18a44fedeb..., userDataDir: /tmp/.org.chromium.Chromium...}, fedcm:accounts: true, goog:chromeOptions: {debuggerAddress: localhost:45835}, networkConnectionEnabled: false, pageLoadStrategy: normal, platformName: linux, proxy: Proxy(), se:cdp: ws://localhost:45835/devtoo..., se:cdpVersion: 122.0.6261.128, setWindowRect: true, strictFileInteractability: false, timeouts: {implicit: 0, pageLoad: 300000, script: 30000}, unhandledPromptBehavior: dismiss and notify, webauthn:extension:credBlob: true, webauthn:extension:largeBlob: true, webauthn:extension:minPinLength: true, webauthn:extension:prf: true, webauthn:virtualAuthenticators: true}\nSession ID: 81e5f2a53d75b86940f2b1cf5dd51d78","time":{"start":1711005325184,"stop":1711005347241,"duration":22057}},{"uid":"613d87360d4167c1","reportUrl":"https://emiryazicii.github.io/Symund-B32G26/16//#testresult/613d87360d4167c1","status":"passed","time":{"start":1711003947611,"stop":1711003960189,"duration":12578}},{"uid":"6167c2d9c877cf30","reportUrl":"https://emiryazicii.github.io/Symund-B32G26/16//#testresult/6167c2d9c877cf30","status":"passed","time":{"start":1711003029431,"stop":1711003042261,"duration":12830}},{"uid":"16365f9243ca41f4","reportUrl":"https://emiryazicii.github.io/Symund-B32G26/15//#testresult/16365f9243ca41f4","status":"skipped","statusDetails":"Could not start a new session. Response code 500. Message: session not created: Chrome failed to start: exited normally.\n  (session not created: DevToolsActivePort file doesn't exist)\n  (The process started from chrome location /usr/bin/google-chrome is no longer running, so ChromeDriver is assuming that Chrome has crashed.) \nHost info: host: 'fv-az1106-902', ip: '10.1.0.28'\nBuild info: version: '4.18.1', revision: 'b1d3319b48'\nSystem info: os.name: 'Linux', os.arch: 'amd64', os.version: '6.5.0-1016-azure', java.version: '11.0.22'\nDriver info: org.openqa.selenium.chrome.ChromeDriver\nCommand: [null, newSession {capabilities=[Capabilities {browserName: chrome, goog:chromeOptions: {args: [], binary: /usr/bin/google-chrome, extensions: []}}]}]","time":{"start":1711002058331,"stop":1711002058711,"duration":380}}]},"c5a280dd0f80f4eba67279bb286fb6cd":{"statistic":{"failed":0,"broken":0,"skipped":0,"passed":1,"unknown":0,"total":1},"items":[{"uid":"f1e5779f30193261","reportUrl":"https://emiryazicii.github.io/Symund-B32G26/25//#testresult/f1e5779f30193261","status":"passed","time":{"start":1711233697492,"stop":1711233713113,"duration":15621}}]},"37f5a0390ddda9a9e4008ebe3a0da5c2":{"statistic":{"failed":0,"broken":0,"skipped":2,"passed":12,"unknown":0,"total":14},"items":[{"uid":"c81f0db3c0cac478","reportUrl":"https://emiryazicii.github.io/Symund-B32G26/25//#testresult/c81f0db3c0cac478","status":"passed","time":{"start":1711233890875,"stop":1711233900971,"duration":10096}},{"uid":"a3599b9bf7f8f6a4","reportUrl":"https://emiryazicii.github.io/Symund-B32G26/24//#testresult/a3599b9bf7f8f6a4","status":"passed","time":{"start":1711233258665,"stop":1711233268178,"duration":9513}},{"uid":"522ea74f2ae81366","reportUrl":"https://emiryazicii.github.io/Symund-B32G26/23//#testresult/522ea74f2ae81366","status":"passed","time":{"start":1711172246269,"stop":1711172255257,"duration":8988}},{"uid":"b99f7fc8448246e4","reportUrl":"https://emiryazicii.github.io/Symund-B32G26/23//#testresult/b99f7fc8448246e4","status":"passed","time":{"start":1711144008453,"stop":1711144017602,"duration":9149}},{"uid":"b36f784be66eaea2","reportUrl":"https://emiryazicii.github.io/Symund-B32G26/23//#testresult/b36f784be66eaea2","status":"passed","time":{"start":1711142950163,"stop":1711142959573,"duration":9410}},{"uid":"c46dc3cc8cff5ef2","reportUrl":"https://emiryazicii.github.io/Symund-B32G26/22//#testresult/c46dc3cc8cff5ef2","status":"passed","time":{"start":1711142009197,"stop":1711142017686,"duration":8489}},{"uid":"4a60a84754b436be","reportUrl":"https://emiryazicii.github.io/Symund-B32G26/21//#testresult/4a60a84754b436be","status":"skipped","statusDetails":"Could not start a new session. Response code 500. Message: session not created: Chrome failed to start: exited normally.\n  (session not created: DevToolsActivePort file doesn't exist)\n  (The process started from chrome location /usr/bin/google-chrome is no longer running, so ChromeDriver is assuming that Chrome has crashed.) \nHost info: host: 'fv-az1535-961', ip: '10.1.0.119'\nBuild info: version: '4.18.1', revision: 'b1d3319b48'\nSystem info: os.name: 'Linux', os.arch: 'amd64', os.version: '6.5.0-1016-azure', java.version: '11.0.22'\nDriver info: org.openqa.selenium.chrome.ChromeDriver\nCommand: [null, newSession {capabilities=[Capabilities {browserName: chrome, goog:chromeOptions: {args: [], binary: /usr/bin/google-chrome, extensions: []}}]}]","time":{"start":1711140986371,"stop":1711140986749,"duration":378}},{"uid":"9937e894d721db6f","reportUrl":"https://emiryazicii.github.io/Symund-B32G26/20//#testresult/9937e894d721db6f","status":"passed","time":{"start":1711038519959,"stop":1711038530896,"duration":10937}},{"uid":"366675f14566144d","reportUrl":"https://emiryazicii.github.io/Symund-B32G26/20//#testresult/366675f14566144d","status":"passed","time":{"start":1711036517572,"stop":1711036526620,"duration":9048}},{"uid":"5ed9ac1bed4f232","reportUrl":"https://emiryazicii.github.io/Symund-B32G26/19//#testresult/5ed9ac1bed4f232","status":"passed","time":{"start":1711007131224,"stop":1711007139405,"duration":8181}},{"uid":"39838cb1e4519b8e","reportUrl":"https://emiryazicii.github.io/Symund-B32G26/18//#testresult/39838cb1e4519b8e","status":"passed","time":{"start":1711005520625,"stop":1711005528674,"duration":8049}},{"uid":"c3cbd2a0ecbbf625","reportUrl":"https://emiryazicii.github.io/Symund-B32G26/16//#testresult/c3cbd2a0ecbbf625","status":"passed","time":{"start":1711003812958,"stop":1711003823513,"duration":10555}},{"uid":"bc24a43ed198c488","reportUrl":"https://emiryazicii.github.io/Symund-B32G26/16//#testresult/bc24a43ed198c488","status":"passed","time":{"start":1711002897676,"stop":1711002907474,"duration":9798}},{"uid":"4b134ad4675a1993","reportUrl":"https://emiryazicii.github.io/Symund-B32G26/15//#testresult/4b134ad4675a1993","status":"skipped","statusDetails":"Could not start a new session. Response code 500. Message: session not created: Chrome failed to start: exited normally.\n  (session not created: DevToolsActivePort file doesn't exist)\n  (The process started from chrome location /usr/bin/google-chrome is no longer running, so ChromeDriver is assuming that Chrome has crashed.) \nHost info: host: 'fv-az1106-902', ip: '10.1.0.28'\nBuild info: version: '4.18.1', revision: 'b1d3319b48'\nSystem info: os.name: 'Linux', os.arch: 'amd64', os.version: '6.5.0-1016-azure', java.version: '11.0.22'\nDriver info: org.openqa.selenium.chrome.ChromeDriver\nCommand: [null, newSession {capabilities=[Capabilities {browserName: chrome, goog:chromeOptions: {args: [], binary: /usr/bin/google-chrome, extensions: []}}]}]","time":{"start":1711002055473,"stop":1711002055873,"duration":400}}]},"db8f6c93031718051e0b5513849c24b8":{"statistic":{"failed":0,"broken":2,"skipped":2,"passed":10,"unknown":0,"total":14},"items":[{"uid":"1b89ff658e5fa03b","reportUrl":"https://emiryazicii.github.io/Symund-B32G26/25//#testresult/1b89ff658e5fa03b","status":"passed","time":{"start":1711233596291,"stop":1711233610487,"duration":14196}},{"uid":"46f4529afe62d262","reportUrl":"https://emiryazicii.github.io/Symund-B32G26/24//#testresult/46f4529afe62d262","status":"passed","time":{"start":1711233060276,"stop":1711233078653,"duration":18377}},{"uid":"3eeb16e6a4620130","reportUrl":"https://emiryazicii.github.io/Symund-B32G26/23//#testresult/3eeb16e6a4620130","status":"passed","time":{"start":1711172055416,"stop":1711172069855,"duration":14439}},{"uid":"4ea8d52f57f05d2c","reportUrl":"https://emiryazicii.github.io/Symund-B32G26/23//#testresult/4ea8d52f57f05d2c","status":"passed","time":{"start":1711143820120,"stop":1711143834654,"duration":14534}},{"uid":"2e41abd4ad0c3833","reportUrl":"https://emiryazicii.github.io/Symund-B32G26/23//#testresult/2e41abd4ad0c3833","status":"passed","time":{"start":1711142704308,"stop":1711142717697,"duration":13389}},{"uid":"93f74141a021d8f0","reportUrl":"https://emiryazicii.github.io/Symund-B32G26/22//#testresult/93f74141a021d8f0","status":"passed","time":{"start":1711141837760,"stop":1711141851798,"duration":14038}},{"uid":"9f8fc8585310243f","reportUrl":"https://emiryazicii.github.io/Symund-B32G26/21//#testresult/9f8fc8585310243f","status":"skipped","statusDetails":"Could not start a new session. Response code 500. Message: session not created: Chrome failed to start: exited normally.\n  (session not created: DevToolsActivePort file doesn't exist)\n  (The process started from chrome location /usr/bin/google-chrome is no longer running, so ChromeDriver is assuming that Chrome has crashed.) \nHost info: host: 'fv-az1535-961', ip: '10.1.0.119'\nBuild info: version: '4.18.1', revision: 'b1d3319b48'\nSystem info: os.name: 'Linux', os.arch: 'amd64', os.version: '6.5.0-1016-azure', java.version: '11.0.22'\nDriver info: org.openqa.selenium.chrome.ChromeDriver\nCommand: [null, newSession {capabilities=[Capabilities {browserName: chrome, goog:chromeOptions: {args: [], binary: /usr/bin/google-chrome, extensions: []}}]}]","time":{"start":1711140980099,"stop":1711140980487,"duration":388}},{"uid":"ece586588d65ce0b","reportUrl":"https://emiryazicii.github.io/Symund-B32G26/20//#testresult/ece586588d65ce0b","status":"passed","time":{"start":1711038391047,"stop":1711038408168,"duration":17121}},{"uid":"b35a9685afa6479b","reportUrl":"https://emiryazicii.github.io/Symund-B32G26/20//#testresult/b35a9685afa6479b","status":"broken","statusDetails":"no such element: Unable to locate element: {\"method\":\"xpath\",\"selector\":\"//span[@title='Operational Excellence']/..\"}\n  (Session info: chrome=122.0.6261.128)\nFor documentation on this error, please visit: https://www.selenium.dev/documentation/webdriver/troubleshooting/errors#no-such-element-exception\nBuild info: version: '4.18.1', revision: 'b1d3319b48'\nSystem info: os.name: 'Linux', os.arch: 'amd64', os.version: '6.5.0-1016-azure', java.version: '11.0.22'\nDriver info: org.openqa.selenium.chrome.ChromeDriver\nCommand: [92fb80e7e7e380c567b1225abfe2454e, findElement {value=//span[@title='Operational Excellence']/.., using=xpath}]\nCapabilities {acceptInsecureCerts: false, browserName: chrome, browserVersion: 122.0.6261.128, chrome: {chromedriverVersion: 122.0.6261.128 (f18a44fedeb..., userDataDir: /tmp/.org.chromium.Chromium...}, fedcm:accounts: true, goog:chromeOptions: {debuggerAddress: localhost:36369}, networkConnectionEnabled: false, pageLoadStrategy: normal, platformName: linux, proxy: Proxy(), se:cdp: ws://localhost:36369/devtoo..., se:cdpVersion: 122.0.6261.128, setWindowRect: true, strictFileInteractability: false, timeouts: {implicit: 0, pageLoad: 300000, script: 30000}, unhandledPromptBehavior: dismiss and notify, webauthn:extension:credBlob: true, webauthn:extension:largeBlob: true, webauthn:extension:minPinLength: true, webauthn:extension:prf: true, webauthn:virtualAuthenticators: true}\nSession ID: 92fb80e7e7e380c567b1225abfe2454e","time":{"start":1711036378712,"stop":1711036401748,"duration":23036}},{"uid":"fcb4be6b72a1ba9e","reportUrl":"https://emiryazicii.github.io/Symund-B32G26/19//#testresult/fcb4be6b72a1ba9e","status":"passed","time":{"start":1711007014842,"stop":1711007027624,"duration":12782}},{"uid":"cb1d02a0b4e425ba","reportUrl":"https://emiryazicii.github.io/Symund-B32G26/18//#testresult/cb1d02a0b4e425ba","status":"broken","statusDetails":"no such element: Unable to locate element: {\"method\":\"xpath\",\"selector\":\"//span[@title='Operational Excellence']/..\"}\n  (Session info: chrome=122.0.6261.128)\nFor documentation on this error, please visit: https://www.selenium.dev/documentation/webdriver/troubleshooting/errors#no-such-element-exception\nBuild info: version: '4.18.1', revision: 'b1d3319b48'\nSystem info: os.name: 'Linux', os.arch: 'amd64', os.version: '6.5.0-1016-azure', java.version: '11.0.22'\nDriver info: org.openqa.selenium.chrome.ChromeDriver\nCommand: [f1599b4cd9c6e8a44fd091f1663120a2, findElement {using=xpath, value=//span[@title='Operational Excellence']/..}]\nCapabilities {acceptInsecureCerts: false, browserName: chrome, browserVersion: 122.0.6261.128, chrome: {chromedriverVersion: 122.0.6261.128 (f18a44fedeb..., userDataDir: /tmp/.org.chromium.Chromium...}, fedcm:accounts: true, goog:chromeOptions: {debuggerAddress: localhost:36705}, networkConnectionEnabled: false, pageLoadStrategy: normal, platformName: linux, proxy: Proxy(), se:cdp: ws://localhost:36705/devtoo..., se:cdpVersion: 122.0.6261.128, setWindowRect: true, strictFileInteractability: false, timeouts: {implicit: 0, pageLoad: 300000, script: 30000}, unhandledPromptBehavior: dismiss and notify, webauthn:extension:credBlob: true, webauthn:extension:largeBlob: true, webauthn:extension:minPinLength: true, webauthn:extension:prf: true, webauthn:virtualAuthenticators: true}\nSession ID: f1599b4cd9c6e8a44fd091f1663120a2","time":{"start":1711005347251,"stop":1711005369212,"duration":21961}},{"uid":"b8db64da6a24c5c2","reportUrl":"https://emiryazicii.github.io/Symund-B32G26/16//#testresult/b8db64da6a24c5c2","status":"passed","time":{"start":1711003960192,"stop":1711003972879,"duration":12687}},{"uid":"1b21093699df0c1c","reportUrl":"https://emiryazicii.github.io/Symund-B32G26/16//#testresult/1b21093699df0c1c","status":"passed","time":{"start":1711003042266,"stop":1711003055081,"duration":12815}},{"uid":"de5c895e5615daf","reportUrl":"https://emiryazicii.github.io/Symund-B32G26/15//#testresult/de5c895e5615daf","status":"skipped","statusDetails":"Could not start a new session. Response code 500. Message: session not created: Chrome failed to start: exited normally.\n  (session not created: DevToolsActivePort file doesn't exist)\n  (The process started from chrome location /usr/bin/google-chrome is no longer running, so ChromeDriver is assuming that Chrome has crashed.) \nHost info: host: 'fv-az1106-902', ip: '10.1.0.28'\nBuild info: version: '4.18.1', revision: 'b1d3319b48'\nSystem info: os.name: 'Linux', os.arch: 'amd64', os.version: '6.5.0-1016-azure', java.version: '11.0.22'\nDriver info: org.openqa.selenium.chrome.ChromeDriver\nCommand: [null, newSession {capabilities=[Capabilities {browserName: chrome, goog:chromeOptions: {args: [], binary: /usr/bin/google-chrome, extensions: []}}]}]","time":{"start":1711002058715,"stop":1711002059098,"duration":383}}]},"b0a88e1a0467e045549542cfe7c693e7":{"statistic":{"failed":0,"broken":0,"skipped":2,"passed":3,"unknown":0,"total":5},"items":[{"uid":"3ce7300f5989a49","reportUrl":"https://emiryazicii.github.io/Symund-B32G26/17//#testresult/3ce7300f5989a49","status":"passed","time":{"start":1711004590670,"stop":1711004602746,"duration":12076}},{"uid":"845233a471a1d263","reportUrl":"https://emiryazicii.github.io/Symund-B32G26/14//#testresult/845233a471a1d263","status":"passed","time":{"start":1710807782136,"stop":1710807793982,"duration":11846}},{"uid":"12c1066572856c32","reportUrl":"https://emiryazicii.github.io/Symund-B32G26/13//#testresult/12c1066572856c32","status":"passed","time":{"start":1710805869518,"stop":1710805881528,"duration":12010}},{"uid":"cf06645293827716","reportUrl":"https://emiryazicii.github.io/Symund-B32G26/12//#testresult/cf06645293827716","status":"skipped","statusDetails":"Could not start a new session. Response code 500. Message: session not created: Chrome failed to start: exited normally.\n  (session not created: DevToolsActivePort file doesn't exist)\n  (The process started from chrome location /usr/bin/google-chrome is no longer running, so ChromeDriver is assuming that Chrome has crashed.) \nHost info: host: 'fv-az1535-609', ip: '10.1.0.77'\nBuild info: version: '4.18.1', revision: 'b1d3319b48'\nSystem info: os.name: 'Linux', os.arch: 'amd64', os.version: '6.5.0-1016-azure', java.version: '11.0.22'\nDriver info: org.openqa.selenium.chrome.ChromeDriver\nCommand: [null, newSession {capabilities=[Capabilities {browserName: chrome, goog:chromeOptions: {args: [], binary: /usr/bin/google-chrome, extensions: []}}]}]","time":{"start":1710805293521,"stop":1710805294494,"duration":973}},{"uid":"898222c6d0eb4c34","reportUrl":"https://emiryazicii.github.io/Symund-B32G26/11//#testresult/898222c6d0eb4c34","status":"skipped","statusDetails":"Could not start a new session. Response code 500. Message: session not created: Chrome failed to start: exited normally.\n  (session not created: DevToolsActivePort file doesn't exist)\n  (The process started from chrome location /usr/bin/google-chrome is no longer running, so ChromeDriver is assuming that Chrome has crashed.) \nHost info: host: 'fv-az847-907', ip: '10.1.0.58'\nBuild info: version: '4.18.1', revision: 'b1d3319b48'\nSystem info: os.name: 'Linux', os.arch: 'amd64', os.version: '6.5.0-1016-azure', java.version: '11.0.22'\nDriver info: org.openqa.selenium.chrome.ChromeDriver\nCommand: [null, newSession {capabilities=[Capabilities {browserName: chrome, goog:chromeOptions: {args: [], binary: /usr/bin/google-chrome, extensions: []}}]}]","time":{"start":1710804914454,"stop":1710804915514,"duration":1060}}]},"3c38651dbf4c81845471b0aad04c1bc1":{"statistic":{"failed":0,"broken":0,"skipped":2,"passed":12,"unknown":0,"total":14},"items":[{"uid":"7e92c104a502dda6","reportUrl":"https://emiryazicii.github.io/Symund-B32G26/25//#testresult/7e92c104a502dda6","status":"passed","time":{"start":1711233394358,"stop":1711233414660,"duration":20302}},{"uid":"d4f74fbd97f13e90","reportUrl":"https://emiryazicii.github.io/Symund-B32G26/24//#testresult/d4f74fbd97f13e90","status":"passed","time":{"start":1711232859123,"stop":1711232872783,"duration":13660}},{"uid":"ceebdd2246b377e5","reportUrl":"https://emiryazicii.github.io/Symund-B32G26/23//#testresult/ceebdd2246b377e5","status":"passed","time":{"start":1711171834410,"stop":1711171852309,"duration":17899}},{"uid":"62e7be86402b343d","reportUrl":"https://emiryazicii.github.io/Symund-B32G26/23//#testresult/62e7be86402b343d","status":"passed","time":{"start":1711143618645,"stop":1711143634263,"duration":15618}},{"uid":"84695d054e3812d","reportUrl":"https://emiryazicii.github.io/Symund-B32G26/23//#testresult/84695d054e3812d","status":"passed","time":{"start":1711142485737,"stop":1711142504322,"duration":18585}},{"uid":"dbea23387c0a56fb","reportUrl":"https://emiryazicii.github.io/Symund-B32G26/22//#testresult/dbea23387c0a56fb","status":"passed","time":{"start":1711141653261,"stop":1711141669524,"duration":16263}},{"uid":"998cae627a6f1a0","reportUrl":"https://emiryazicii.github.io/Symund-B32G26/21//#testresult/998cae627a6f1a0","status":"skipped","statusDetails":"Could not start a new session. Response code 500. Message: session not created: Chrome failed to start: exited normally.\n  (session not created: DevToolsActivePort file doesn't exist)\n  (The process started from chrome location /usr/bin/google-chrome is no longer running, so ChromeDriver is assuming that Chrome has crashed.) \nHost info: host: 'fv-az1535-961', ip: '10.1.0.119'\nBuild info: version: '4.18.1', revision: 'b1d3319b48'\nSystem info: os.name: 'Linux', os.arch: 'amd64', os.version: '6.5.0-1016-azure', java.version: '11.0.22'\nDriver info: org.openqa.selenium.chrome.ChromeDriver\nCommand: [null, newSession {capabilities=[Capabilities {browserName: chrome, goog:chromeOptions: {args: [], binary: /usr/bin/google-chrome, extensions: []}}]}]","time":{"start":1711140973616,"stop":1711140974769,"duration":1153}},{"uid":"455266c0d6a73354","reportUrl":"https://emiryazicii.github.io/Symund-B32G26/20//#testresult/455266c0d6a73354","status":"passed","time":{"start":1711038196338,"stop":1711038213167,"duration":16829}},{"uid":"84416010de46b9ba","reportUrl":"https://emiryazicii.github.io/Symund-B32G26/20//#testresult/84416010de46b9ba","status":"passed","time":{"start":1711036170041,"stop":1711036191908,"duration":21867}},{"uid":"da1223a27e629053","reportUrl":"https://emiryazicii.github.io/Symund-B32G26/19//#testresult/da1223a27e629053","status":"passed","time":{"start":1711006839639,"stop":1711006852965,"duration":13326}},{"uid":"d0741b6b086159ce","reportUrl":"https://emiryazicii.github.io/Symund-B32G26/18//#testresult/d0741b6b086159ce","status":"passed","time":{"start":1711005158261,"stop":1711005171015,"duration":12754}},{"uid":"e85706bfdf9f529d","reportUrl":"https://emiryazicii.github.io/Symund-B32G26/16//#testresult/e85706bfdf9f529d","status":"passed","time":{"start":1711003765430,"stop":1711003782061,"duration":16631}},{"uid":"1c5363f6e99de6ba","reportUrl":"https://emiryazicii.github.io/Symund-B32G26/16//#testresult/1c5363f6e99de6ba","status":"passed","time":{"start":1711002848985,"stop":1711002865847,"duration":16862}},{"uid":"6ad964f60641e3fb","reportUrl":"https://emiryazicii.github.io/Symund-B32G26/15//#testresult/6ad964f60641e3fb","status":"skipped","statusDetails":"Could not start a new session. Response code 500. Message: session not created: Chrome failed to start: exited normally.\n  (session not created: DevToolsActivePort file doesn't exist)\n  (The process started from chrome location /usr/bin/google-chrome is no longer running, so ChromeDriver is assuming that Chrome has crashed.) \nHost info: host: 'fv-az1106-902', ip: '10.1.0.28'\nBuild info: version: '4.18.1', revision: 'b1d3319b48'\nSystem info: os.name: 'Linux', os.arch: 'amd64', os.version: '6.5.0-1016-azure', java.version: '11.0.22'\nDriver info: org.openqa.selenium.chrome.ChromeDriver\nCommand: [null, newSession {capabilities=[Capabilities {browserName: chrome, goog:chromeOptions: {args: [], binary: /usr/bin/google-chrome, extensions: []}}]}]","time":{"start":1711002052378,"stop":1711002053308,"duration":930}}]},"1864863acdda0ef9fb94af60fe61585a":{"statistic":{"failed":0,"broken":4,"skipped":2,"passed":8,"unknown":0,"total":14},"items":[{"uid":"366fe8ba55ac37e4","reportUrl":"https://emiryazicii.github.io/Symund-B32G26/25//#testresult/366fe8ba55ac37e4","status":"passed","time":{"start":1711233610492,"stop":1711233624790,"duration":14298}},{"uid":"eecf21d792ce7d49","reportUrl":"https://emiryazicii.github.io/Symund-B32G26/24//#testresult/eecf21d792ce7d49","status":"passed","time":{"start":1711233078656,"stop":1711233097454,"duration":18798}},{"uid":"e20e0a4343d1bf72","reportUrl":"https://emiryazicii.github.io/Symund-B32G26/23//#testresult/e20e0a4343d1bf72","status":"passed","time":{"start":1711172069861,"stop":1711172085069,"duration":15208}},{"uid":"6951fef5cdab7c3f","reportUrl":"https://emiryazicii.github.io/Symund-B32G26/23//#testresult/6951fef5cdab7c3f","status":"passed","time":{"start":1711143834659,"stop":1711143849459,"duration":14800}},{"uid":"a7e42e8b26d317cf","reportUrl":"https://emiryazicii.github.io/Symund-B32G26/23//#testresult/a7e42e8b26d317cf","status":"broken","statusDetails":"no such element: Unable to locate element: {\"method\":\"xpath\",\"selector\":\"//span[contains(text(),'Assign to me')]\"}\n  (Session info: chrome=122.0.6261.128)\nFor documentation on this error, please visit: https://www.selenium.dev/documentation/webdriver/troubleshooting/errors#no-such-element-exception\nBuild info: version: '4.18.1', revision: 'b1d3319b48'\nSystem info: os.name: 'Linux', os.arch: 'amd64', os.version: '6.5.0-1016-azure', java.version: '11.0.22'\nDriver info: org.openqa.selenium.chrome.ChromeDriver\nCommand: [79bff0eb5dde75a146f7686e8fb5168d, findElement {value=//span[contains(text(),'Assign to me')], using=xpath}]\nCapabilities {acceptInsecureCerts: false, browserName: chrome, browserVersion: 122.0.6261.128, chrome: {chromedriverVersion: 122.0.6261.128 (f18a44fedeb..., userDataDir: /tmp/.org.chromium.Chromium...}, fedcm:accounts: true, goog:chromeOptions: {debuggerAddress: localhost:38309}, networkConnectionEnabled: false, pageLoadStrategy: normal, platformName: linux, proxy: Proxy(), se:cdp: ws://localhost:38309/devtoo..., se:cdpVersion: 122.0.6261.128, setWindowRect: true, strictFileInteractability: false, timeouts: {implicit: 0, pageLoad: 300000, script: 30000}, unhandledPromptBehavior: dismiss and notify, webauthn:extension:credBlob: true, webauthn:extension:largeBlob: true, webauthn:extension:minPinLength: true, webauthn:extension:prf: true, webauthn:virtualAuthenticators: true}\nSession ID: 79bff0eb5dde75a146f7686e8fb5168d","time":{"start":1711142717703,"stop":1711142744161,"duration":26458}},{"uid":"6fcaa9b5423ce379","reportUrl":"https://emiryazicii.github.io/Symund-B32G26/22//#testresult/6fcaa9b5423ce379","status":"passed","time":{"start":1711141851804,"stop":1711141864922,"duration":13118}},{"uid":"e60b24ef3b2f8d58","reportUrl":"https://emiryazicii.github.io/Symund-B32G26/21//#testresult/e60b24ef3b2f8d58","status":"skipped","statusDetails":"Could not start a new session. Response code 500. Message: session not created: Chrome failed to start: exited normally.\n  (session not created: DevToolsActivePort file doesn't exist)\n  (The process started from chrome location /usr/bin/google-chrome is no longer running, so ChromeDriver is assuming that Chrome has crashed.) \nHost info: host: 'fv-az1535-961', ip: '10.1.0.119'\nBuild info: version: '4.18.1', revision: 'b1d3319b48'\nSystem info: os.name: 'Linux', os.arch: 'amd64', os.version: '6.5.0-1016-azure', java.version: '11.0.22'\nDriver info: org.openqa.selenium.chrome.ChromeDriver\nCommand: [null, newSession {capabilities=[Capabilities {browserName: chrome, goog:chromeOptions: {args: [], binary: /usr/bin/google-chrome, extensions: []}}]}]","time":{"start":1711140980493,"stop":1711140980897,"duration":404}},{"uid":"b7d6b041bd7a244b","reportUrl":"https://emiryazicii.github.io/Symund-B32G26/20//#testresult/b7d6b041bd7a244b","status":"passed","time":{"start":1711038408172,"stop":1711038421822,"duration":13650}},{"uid":"2f9b7641625a7c81","reportUrl":"https://emiryazicii.github.io/Symund-B32G26/20//#testresult/2f9b7641625a7c81","status":"passed","time":{"start":1711036401755,"stop":1711036415819,"duration":14064}},{"uid":"8aafe1e0e3c6acfc","reportUrl":"https://emiryazicii.github.io/Symund-B32G26/19//#testresult/8aafe1e0e3c6acfc","status":"passed","time":{"start":1711007027629,"stop":1711007041251,"duration":13622}},{"uid":"592ca76ecefd5fe3","reportUrl":"https://emiryazicii.github.io/Symund-B32G26/18//#testresult/592ca76ecefd5fe3","status":"broken","statusDetails":"no such element: Unable to locate element: {\"method\":\"xpath\",\"selector\":\"//h3[contains(text(),'Milestones')]/../..//span[contains(text(),'Q1 Goals')]/../../..//button\"}\n  (Session info: chrome=122.0.6261.128)\nFor documentation on this error, please visit: https://www.selenium.dev/documentation/webdriver/troubleshooting/errors#no-such-element-exception\nBuild info: version: '4.18.1', revision: 'b1d3319b48'\nSystem info: os.name: 'Linux', os.arch: 'amd64', os.version: '6.5.0-1016-azure', java.version: '11.0.22'\nDriver info: org.openqa.selenium.chrome.ChromeDriver\nCommand: [d78c1601ac2ee0f29a8ba96079c87105, findElement {using=xpath, value=//h3[contains(text(),'Milestones')]/../..//span[contains(text(),'Q1 Goals')]/../../..//button}]\nCapabilities {acceptInsecureCerts: false, browserName: chrome, browserVersion: 122.0.6261.128, chrome: {chromedriverVersion: 122.0.6261.128 (f18a44fedeb..., userDataDir: /tmp/.org.chromium.Chromium...}, fedcm:accounts: true, goog:chromeOptions: {debuggerAddress: localhost:35007}, networkConnectionEnabled: false, pageLoadStrategy: normal, platformName: linux, proxy: Proxy(), se:cdp: ws://localhost:35007/devtoo..., se:cdpVersion: 122.0.6261.128, setWindowRect: true, strictFileInteractability: false, timeouts: {implicit: 0, pageLoad: 300000, script: 30000}, unhandledPromptBehavior: dismiss and notify, webauthn:extension:credBlob: true, webauthn:extension:largeBlob: true, webauthn:extension:minPinLength: true, webauthn:extension:prf: true, webauthn:virtualAuthenticators: true}\nSession ID: d78c1601ac2ee0f29a8ba96079c87105","time":{"start":1711005369218,"stop":1711005391326,"duration":22108}},{"uid":"92b84a557af7af21","reportUrl":"https://emiryazicii.github.io/Symund-B32G26/16//#testresult/92b84a557af7af21","status":"broken","statusDetails":"no such element: Unable to locate element: {\"method\":\"xpath\",\"selector\":\"//span[contains(text(),'Assign to me')]\"}\n  (Session info: chrome=122.0.6261.128)\nFor documentation on this error, please visit: https://www.selenium.dev/documentation/webdriver/troubleshooting/errors#no-such-element-exception\nBuild info: version: '4.18.1', revision: 'b1d3319b48'\nSystem info: os.name: 'Linux', os.arch: 'amd64', os.version: '6.5.0-1016-azure', java.version: '11.0.22'\nDriver info: org.openqa.selenium.chrome.ChromeDriver\nCommand: [8ec964db590d5a2c81a5c9484971887f, findElement {using=xpath, value=//span[contains(text(),'Assign to me')]}]\nCapabilities {acceptInsecureCerts: false, browserName: chrome, browserVersion: 122.0.6261.128, chrome: {chromedriverVersion: 122.0.6261.128 (f18a44fedeb..., userDataDir: /tmp/.org.chromium.Chromium...}, fedcm:accounts: true, goog:chromeOptions: {debuggerAddress: localhost:35621}, networkConnectionEnabled: false, pageLoadStrategy: normal, platformName: linux, proxy: Proxy(), se:cdp: ws://localhost:35621/devtoo..., se:cdpVersion: 122.0.6261.128, setWindowRect: true, strictFileInteractability: false, timeouts: {implicit: 0, pageLoad: 300000, script: 30000}, unhandledPromptBehavior: dismiss and notify, webauthn:extension:credBlob: true, webauthn:extension:largeBlob: true, webauthn:extension:minPinLength: true, webauthn:extension:prf: true, webauthn:virtualAuthenticators: true}\nSession ID: 8ec964db590d5a2c81a5c9484971887f","time":{"start":1711003972882,"stop":1711003995572,"duration":22690}},{"uid":"6d403368a5cbc11a","reportUrl":"https://emiryazicii.github.io/Symund-B32G26/16//#testresult/6d403368a5cbc11a","status":"broken","statusDetails":"no such element: Unable to locate element: {\"method\":\"xpath\",\"selector\":\"//span[contains(text(),'Assign to me')]\"}\n  (Session info: chrome=122.0.6261.128)\nFor documentation on this error, please visit: https://www.selenium.dev/documentation/webdriver/troubleshooting/errors#no-such-element-exception\nBuild info: version: '4.18.1', revision: 'b1d3319b48'\nSystem info: os.name: 'Linux', os.arch: 'amd64', os.version: '6.5.0-1016-azure', java.version: '11.0.22'\nDriver info: org.openqa.selenium.chrome.ChromeDriver\nCommand: [53a843d0e5657b522b905be6e94cd27e, findElement {using=xpath, value=//span[contains(text(),'Assign to me')]}]\nCapabilities {acceptInsecureCerts: false, browserName: chrome, browserVersion: 122.0.6261.128, chrome: {chromedriverVersion: 122.0.6261.128 (f18a44fedeb..., userDataDir: /tmp/.org.chromium.Chromium...}, fedcm:accounts: true, goog:chromeOptions: {debuggerAddress: localhost:39905}, networkConnectionEnabled: false, pageLoadStrategy: normal, platformName: linux, proxy: Proxy(), se:cdp: ws://localhost:39905/devtoo..., se:cdpVersion: 122.0.6261.128, setWindowRect: true, strictFileInteractability: false, timeouts: {implicit: 0, pageLoad: 300000, script: 30000}, unhandledPromptBehavior: dismiss and notify, webauthn:extension:credBlob: true, webauthn:extension:largeBlob: true, webauthn:extension:minPinLength: true, webauthn:extension:prf: true, webauthn:virtualAuthenticators: true}\nSession ID: 53a843d0e5657b522b905be6e94cd27e","time":{"start":1711003055084,"stop":1711003077787,"duration":22703}},{"uid":"c5ffb1af4726a5cf","reportUrl":"https://emiryazicii.github.io/Symund-B32G26/15//#testresult/c5ffb1af4726a5cf","status":"skipped","statusDetails":"Could not start a new session. Response code 500. Message: session not created: Chrome failed to start: exited normally.\n  (session not created: DevToolsActivePort file doesn't exist)\n  (The process started from chrome location /usr/bin/google-chrome is no longer running, so ChromeDriver is assuming that Chrome has crashed.) \nHost info: host: 'fv-az1106-902', ip: '10.1.0.28'\nBuild info: version: '4.18.1', revision: 'b1d3319b48'\nSystem info: os.name: 'Linux', os.arch: 'amd64', os.version: '6.5.0-1016-azure', java.version: '11.0.22'\nDriver info: org.openqa.selenium.chrome.ChromeDriver\nCommand: [null, newSession {capabilities=[Capabilities {browserName: chrome, goog:chromeOptions: {args: [], binary: /usr/bin/google-chrome, extensions: []}}]}]","time":{"start":1711002059100,"stop":1711002059477,"duration":377}}]},"ac35822d9c2412db803184c7a1049f06":{"statistic":{"failed":0,"broken":0,"skipped":2,"passed":3,"unknown":0,"total":5},"items":[{"uid":"532a8dfd0357edda","reportUrl":"https://emiryazicii.github.io/Symund-B32G26/17//#testresult/532a8dfd0357edda","status":"passed","time":{"start":1711004602800,"stop":1711004610631,"duration":7831}},{"uid":"c9395e5395192999","reportUrl":"https://emiryazicii.github.io/Symund-B32G26/14//#testresult/c9395e5395192999","status":"passed","time":{"start":1710807782132,"stop":1710807790448,"duration":8316}},{"uid":"e4b87b82f1abb198","reportUrl":"https://emiryazicii.github.io/Symund-B32G26/13//#testresult/e4b87b82f1abb198","status":"passed","time":{"start":1710805869520,"stop":1710805877157,"duration":7637}},{"uid":"4ed15b7fcfee32af","reportUrl":"https://emiryazicii.github.io/Symund-B32G26/12//#testresult/4ed15b7fcfee32af","status":"skipped","statusDetails":"Could not start a new session. Response code 500. Message: session not created: Chrome failed to start: exited normally.\n  (session not created: DevToolsActivePort file doesn't exist)\n  (The process started from chrome location /usr/bin/google-chrome is no longer running, so ChromeDriver is assuming that Chrome has crashed.) \nHost info: host: 'fv-az1535-609', ip: '10.1.0.77'\nBuild info: version: '4.18.1', revision: 'b1d3319b48'\nSystem info: os.name: 'Linux', os.arch: 'amd64', os.version: '6.5.0-1016-azure', java.version: '11.0.22'\nDriver info: org.openqa.selenium.chrome.ChromeDriver\nCommand: [null, newSession {capabilities=[Capabilities {browserName: chrome, goog:chromeOptions: {args: [], binary: /usr/bin/google-chrome, extensions: []}}]}]","time":{"start":1710805293524,"stop":1710805294430,"duration":906}},{"uid":"5ec8156a2b6d8866","reportUrl":"https://emiryazicii.github.io/Symund-B32G26/11//#testresult/5ec8156a2b6d8866","status":"skipped","statusDetails":"Could not start a new session. Response code 500. Message: session not created: Chrome failed to start: exited normally.\n  (session not created: DevToolsActivePort file doesn't exist)\n  (The process started from chrome location /usr/bin/google-chrome is no longer running, so ChromeDriver is assuming that Chrome has crashed.) \nHost info: host: 'fv-az847-907', ip: '10.1.0.58'\nBuild info: version: '4.18.1', revision: 'b1d3319b48'\nSystem info: os.name: 'Linux', os.arch: 'amd64', os.version: '6.5.0-1016-azure', java.version: '11.0.22'\nDriver info: org.openqa.selenium.chrome.ChromeDriver\nCommand: [null, newSession {capabilities=[Capabilities {browserName: chrome, goog:chromeOptions: {args: [], binary: /usr/bin/google-chrome, extensions: []}}]}]","time":{"start":1710804914450,"stop":1710804915458,"duration":1008}}]},"d037b01da0cd480c51654b5130406d57":{"statistic":{"failed":0,"broken":0,"skipped":2,"passed":12,"unknown":0,"total":14},"items":[{"uid":"8a2328e806df5448","reportUrl":"https://emiryazicii.github.io/Symund-B32G26/25//#testresult/8a2328e806df5448","status":"passed","time":{"start":1711233907188,"stop":1711233913644,"duration":6456}},{"uid":"530e79df0bc4634d","reportUrl":"https://emiryazicii.github.io/Symund-B32G26/24//#testresult/530e79df0bc4634d","status":"passed","time":{"start":1711233274385,"stop":1711233280563,"duration":6178}},{"uid":"a480ec8c9af7062f","reportUrl":"https://emiryazicii.github.io/Symund-B32G26/23//#testresult/a480ec8c9af7062f","status":"passed","time":{"start":1711172260881,"stop":1711172266925,"duration":6044}},{"uid":"f3779b7d0d00bea3","reportUrl":"https://emiryazicii.github.io/Symund-B32G26/23//#testresult/f3779b7d0d00bea3","status":"passed","time":{"start":1711144023651,"stop":1711144029431,"duration":5780}},{"uid":"5c19315122705a82","reportUrl":"https://emiryazicii.github.io/Symund-B32G26/23//#testresult/5c19315122705a82","status":"passed","time":{"start":1711142965448,"stop":1711142971793,"duration":6345}},{"uid":"6a68493859be826f","reportUrl":"https://emiryazicii.github.io/Symund-B32G26/22//#testresult/6a68493859be826f","status":"passed","time":{"start":1711142022817,"stop":1711142028352,"duration":5535}},{"uid":"9d2d6543b8e14875","reportUrl":"https://emiryazicii.github.io/Symund-B32G26/21//#testresult/9d2d6543b8e14875","status":"skipped","statusDetails":"Could not start a new session. Response code 500. Message: session not created: Chrome failed to start: exited normally.\n  (session not created: DevToolsActivePort file doesn't exist)\n  (The process started from chrome location /usr/bin/google-chrome is no longer running, so ChromeDriver is assuming that Chrome has crashed.) \nHost info: host: 'fv-az1535-961', ip: '10.1.0.119'\nBuild info: version: '4.18.1', revision: 'b1d3319b48'\nSystem info: os.name: 'Linux', os.arch: 'amd64', os.version: '6.5.0-1016-azure', java.version: '11.0.22'\nDriver info: org.openqa.selenium.chrome.ChromeDriver\nCommand: [null, newSession {capabilities=[Capabilities {browserName: chrome, goog:chromeOptions: {args: [], binary: /usr/bin/google-chrome, extensions: []}}]}]","time":{"start":1711140987140,"stop":1711140987522,"duration":382}},{"uid":"d80b79df8b66d5d6","reportUrl":"https://emiryazicii.github.io/Symund-B32G26/20//#testresult/d80b79df8b66d5d6","status":"passed","time":{"start":1711038536983,"stop":1711038542289,"duration":5306}},{"uid":"7c276f15ee0ac44a","reportUrl":"https://emiryazicii.github.io/Symund-B32G26/20//#testresult/7c276f15ee0ac44a","status":"passed","time":{"start":1711036531815,"stop":1711036537226,"duration":5411}},{"uid":"1483d72139365d3","reportUrl":"https://emiryazicii.github.io/Symund-B32G26/19//#testresult/1483d72139365d3","status":"passed","time":{"start":1711007144724,"stop":1711007150076,"duration":5352}},{"uid":"bcd36d684b19b912","reportUrl":"https://emiryazicii.github.io/Symund-B32G26/18//#testresult/bcd36d684b19b912","status":"passed","time":{"start":1711005534255,"stop":1711005540070,"duration":5815}},{"uid":"251764f18b32598d","reportUrl":"https://emiryazicii.github.io/Symund-B32G26/16//#testresult/251764f18b32598d","status":"passed","time":{"start":1711003829497,"stop":1711003835299,"duration":5802}},{"uid":"a3e57c5c01450a72","reportUrl":"https://emiryazicii.github.io/Symund-B32G26/16//#testresult/a3e57c5c01450a72","status":"passed","time":{"start":1711002913579,"stop":1711002921729,"duration":8150}},{"uid":"a4f54dbab45545e8","reportUrl":"https://emiryazicii.github.io/Symund-B32G26/15//#testresult/a4f54dbab45545e8","status":"skipped","statusDetails":"Could not start a new session. Response code 500. Message: session not created: Chrome failed to start: exited normally.\n  (session not created: DevToolsActivePort file doesn't exist)\n  (The process started from chrome location /usr/bin/google-chrome is no longer running, so ChromeDriver is assuming that Chrome has crashed.) \nHost info: host: 'fv-az1106-902', ip: '10.1.0.28'\nBuild info: version: '4.18.1', revision: 'b1d3319b48'\nSystem info: os.name: 'Linux', os.arch: 'amd64', os.version: '6.5.0-1016-azure', java.version: '11.0.22'\nDriver info: org.openqa.selenium.chrome.ChromeDriver\nCommand: [null, newSession {capabilities=[Capabilities {browserName: chrome, goog:chromeOptions: {args: [], binary: /usr/bin/google-chrome, extensions: []}}]}]","time":{"start":1711002056297,"stop":1711002056705,"duration":408}}]},"ea4ce820c655135fc67c13895f7e2ca9":{"statistic":{"failed":0,"broken":0,"skipped":2,"passed":12,"unknown":0,"total":14},"items":[{"uid":"6b1bba35451d1966","reportUrl":"https://emiryazicii.github.io/Symund-B32G26/25//#testresult/6b1bba35451d1966","status":"passed","time":{"start":1711233926868,"stop":1711233935827,"duration":8959}},{"uid":"e55c71ab5d7ddbb5","reportUrl":"https://emiryazicii.github.io/Symund-B32G26/24//#testresult/e55c71ab5d7ddbb5","status":"passed","time":{"start":1711233293033,"stop":1711233300476,"duration":7443}},{"uid":"8837955655eeadb2","reportUrl":"https://emiryazicii.github.io/Symund-B32G26/23//#testresult/8837955655eeadb2","status":"passed","time":{"start":1711172278313,"stop":1711172285691,"duration":7378}},{"uid":"eaeffda8dc7fc9c8","reportUrl":"https://emiryazicii.github.io/Symund-B32G26/23//#testresult/eaeffda8dc7fc9c8","status":"passed","time":{"start":1711144041797,"stop":1711144048498,"duration":6701}},{"uid":"5fd239ba2c77344c","reportUrl":"https://emiryazicii.github.io/Symund-B32G26/23//#testresult/5fd239ba2c77344c","status":"passed","time":{"start":1711142983642,"stop":1711142989968,"duration":6326}},{"uid":"6646addf6b230afe","reportUrl":"https://emiryazicii.github.io/Symund-B32G26/22//#testresult/6646addf6b230afe","status":"passed","time":{"start":1711142039784,"stop":1711142045613,"duration":5829}},{"uid":"5527a5f0f4239eba","reportUrl":"https://emiryazicii.github.io/Symund-B32G26/21//#testresult/5527a5f0f4239eba","status":"skipped","statusDetails":"Could not start a new session. Response code 500. Message: session not created: Chrome failed to start: exited normally.\n  (session not created: DevToolsActivePort file doesn't exist)\n  (The process started from chrome location /usr/bin/google-chrome is no longer running, so ChromeDriver is assuming that Chrome has crashed.) \nHost info: host: 'fv-az1535-961', ip: '10.1.0.119'\nBuild info: version: '4.18.1', revision: 'b1d3319b48'\nSystem info: os.name: 'Linux', os.arch: 'amd64', os.version: '6.5.0-1016-azure', java.version: '11.0.22'\nDriver info: org.openqa.selenium.chrome.ChromeDriver\nCommand: [null, newSession {capabilities=[Capabilities {browserName: chrome, goog:chromeOptions: {args: [], binary: /usr/bin/google-chrome, extensions: []}}]}]","time":{"start":1711140988313,"stop":1711140988695,"duration":382}},{"uid":"4f47dcf1e548d3fa","reportUrl":"https://emiryazicii.github.io/Symund-B32G26/20//#testresult/4f47dcf1e548d3fa","status":"passed","time":{"start":1711038553892,"stop":1711038560090,"duration":6198}},{"uid":"6b8762704b822908","reportUrl":"https://emiryazicii.github.io/Symund-B32G26/20//#testresult/6b8762704b822908","status":"passed","time":{"start":1711036549044,"stop":1711036555075,"duration":6031}},{"uid":"61f910ec5ded1942","reportUrl":"https://emiryazicii.github.io/Symund-B32G26/19//#testresult/61f910ec5ded1942","status":"passed","time":{"start":1711007161344,"stop":1711007167438,"duration":6094}},{"uid":"ebbdc7a0787bbc6e","reportUrl":"https://emiryazicii.github.io/Symund-B32G26/18//#testresult/ebbdc7a0787bbc6e","status":"passed","time":{"start":1711005551296,"stop":1711005557754,"duration":6458}},{"uid":"5a3895fe91a614fa","reportUrl":"https://emiryazicii.github.io/Symund-B32G26/16//#testresult/5a3895fe91a614fa","status":"passed","time":{"start":1711003847760,"stop":1711003855806,"duration":8046}},{"uid":"bdf3fbf79e953441","reportUrl":"https://emiryazicii.github.io/Symund-B32G26/16//#testresult/bdf3fbf79e953441","status":"passed","time":{"start":1711002937622,"stop":1711002945748,"duration":8126}},{"uid":"3149188a824dae54","reportUrl":"https://emiryazicii.github.io/Symund-B32G26/15//#testresult/3149188a824dae54","status":"skipped","statusDetails":"Could not start a new session. Response code 500. Message: session not created: Chrome failed to start: exited normally.\n  (session not created: DevToolsActivePort file doesn't exist)\n  (The process started from chrome location /usr/bin/google-chrome is no longer running, so ChromeDriver is assuming that Chrome has crashed.) \nHost info: host: 'fv-az1106-902', ip: '10.1.0.28'\nBuild info: version: '4.18.1', revision: 'b1d3319b48'\nSystem info: os.name: 'Linux', os.arch: 'amd64', os.version: '6.5.0-1016-azure', java.version: '11.0.22'\nDriver info: org.openqa.selenium.chrome.ChromeDriver\nCommand: [null, newSession {capabilities=[Capabilities {browserName: chrome, goog:chromeOptions: {args: [], binary: /usr/bin/google-chrome, extensions: []}}]}]","time":{"start":1711002057589,"stop":1711002057990,"duration":401}}]},"82b337f4cb9060356289602c9d9625cc":{"statistic":{"failed":0,"broken":0,"skipped":2,"passed":12,"unknown":0,"total":14},"items":[{"uid":"3048276c8c9e8a10","reportUrl":"https://emiryazicii.github.io/Symund-B32G26/25//#testresult/3048276c8c9e8a10","status":"passed","time":{"start":1711233567045,"stop":1711233581510,"duration":14465}},{"uid":"48ee9601041d98f1","reportUrl":"https://emiryazicii.github.io/Symund-B32G26/24//#testresult/48ee9601041d98f1","status":"passed","time":{"start":1711233029890,"stop":1711233044707,"duration":14817}},{"uid":"63d8573e8e582c8d","reportUrl":"https://emiryazicii.github.io/Symund-B32G26/23//#testresult/63d8573e8e582c8d","status":"passed","time":{"start":1711172027650,"stop":1711172041605,"duration":13955}},{"uid":"9a6c43adf1307ff7","reportUrl":"https://emiryazicii.github.io/Symund-B32G26/23//#testresult/9a6c43adf1307ff7","status":"passed","time":{"start":1711143791157,"stop":1711143805482,"duration":14325}},{"uid":"c87b0172016345c9","reportUrl":"https://emiryazicii.github.io/Symund-B32G26/23//#testresult/c87b0172016345c9","status":"passed","time":{"start":1711142674621,"stop":1711142690355,"duration":15734}},{"uid":"7583198f5f651b8a","reportUrl":"https://emiryazicii.github.io/Symund-B32G26/22//#testresult/7583198f5f651b8a","status":"passed","time":{"start":1711141811647,"stop":1711141824559,"duration":12912}},{"uid":"1740bdea08b17056","reportUrl":"https://emiryazicii.github.io/Symund-B32G26/21//#testresult/1740bdea08b17056","status":"skipped","statusDetails":"Could not start a new session. Response code 500. Message: session not created: Chrome failed to start: exited normally.\n  (session not created: DevToolsActivePort file doesn't exist)\n  (The process started from chrome location /usr/bin/google-chrome is no longer running, so ChromeDriver is assuming that Chrome has crashed.) \nHost info: host: 'fv-az1535-961', ip: '10.1.0.119'\nBuild info: version: '4.18.1', revision: 'b1d3319b48'\nSystem info: os.name: 'Linux', os.arch: 'amd64', os.version: '6.5.0-1016-azure', java.version: '11.0.22'\nDriver info: org.openqa.selenium.chrome.ChromeDriver\nCommand: [null, newSession {capabilities=[Capabilities {browserName: chrome, goog:chromeOptions: {args: [], binary: /usr/bin/google-chrome, extensions: []}}]}]","time":{"start":1711140979309,"stop":1711140979695,"duration":386}},{"uid":"a8fc8b18340511f4","reportUrl":"https://emiryazicii.github.io/Symund-B32G26/20//#testresult/a8fc8b18340511f4","status":"passed","time":{"start":1711038361341,"stop":1711038376195,"duration":14854}},{"uid":"657c69a761587ab0","reportUrl":"https://emiryazicii.github.io/Symund-B32G26/20//#testresult/657c69a761587ab0","status":"passed","time":{"start":1711036351851,"stop":1711036365200,"duration":13349}},{"uid":"6d46fe65acce66a2","reportUrl":"https://emiryazicii.github.io/Symund-B32G26/19//#testresult/6d46fe65acce66a2","status":"passed","time":{"start":1711006988941,"stop":1711007001472,"duration":12531}},{"uid":"4e227f767959b4d3","reportUrl":"https://emiryazicii.github.io/Symund-B32G26/18//#testresult/4e227f767959b4d3","status":"passed","time":{"start":1711005312300,"stop":1711005325180,"duration":12880}},{"uid":"58b39b996f511012","reportUrl":"https://emiryazicii.github.io/Symund-B32G26/16//#testresult/58b39b996f511012","status":"passed","time":{"start":1711003935666,"stop":1711003947608,"duration":11942}},{"uid":"753caa1b27d5ee61","reportUrl":"https://emiryazicii.github.io/Symund-B32G26/16//#testresult/753caa1b27d5ee61","status":"passed","time":{"start":1711003016942,"stop":1711003029428,"duration":12486}},{"uid":"c9ec5cd43cdace73","reportUrl":"https://emiryazicii.github.io/Symund-B32G26/15//#testresult/c9ec5cd43cdace73","status":"skipped","statusDetails":"Could not start a new session. Response code 500. Message: session not created: Chrome failed to start: exited normally.\n  (session not created: DevToolsActivePort file doesn't exist)\n  (The process started from chrome location /usr/bin/google-chrome is no longer running, so ChromeDriver is assuming that Chrome has crashed.) \nHost info: host: 'fv-az1106-902', ip: '10.1.0.28'\nBuild info: version: '4.18.1', revision: 'b1d3319b48'\nSystem info: os.name: 'Linux', os.arch: 'amd64', os.version: '6.5.0-1016-azure', java.version: '11.0.22'\nDriver info: org.openqa.selenium.chrome.ChromeDriver\nCommand: [null, newSession {capabilities=[Capabilities {browserName: chrome, goog:chromeOptions: {args: [], binary: /usr/bin/google-chrome, extensions: []}}]}]","time":{"start":1711002057944,"stop":1711002058328,"duration":384}}]},"b3f66e06a9542e95332621c8a9391891":{"statistic":{"failed":0,"broken":0,"skipped":2,"passed":12,"unknown":0,"total":14},"items":[{"uid":"cfcd47d7b5c3e78","reportUrl":"https://emiryazicii.github.io/Symund-B32G26/25//#testresult/cfcd47d7b5c3e78","status":"passed","time":{"start":1711233870542,"stop":1711233875743,"duration":5201}},{"uid":"58d2be9a2e93e1fb","reportUrl":"https://emiryazicii.github.io/Symund-B32G26/24//#testresult/58d2be9a2e93e1fb","status":"passed","time":{"start":1711233238927,"stop":1711233244666,"duration":5739}},{"uid":"a14487ad04fb6e33","reportUrl":"https://emiryazicii.github.io/Symund-B32G26/23//#testresult/a14487ad04fb6e33","status":"passed","time":{"start":1711172227184,"stop":1711172232943,"duration":5759}},{"uid":"291f1a0fcb31d733","reportUrl":"https://emiryazicii.github.io/Symund-B32G26/23//#testresult/291f1a0fcb31d733","status":"passed","time":{"start":1711143988597,"stop":1711143994996,"duration":6399}},{"uid":"bdcc7dc876a416cc","reportUrl":"https://emiryazicii.github.io/Symund-B32G26/23//#testresult/bdcc7dc876a416cc","status":"passed","time":{"start":1711142929805,"stop":1711142936523,"duration":6718}},{"uid":"fe2107202fbad547","reportUrl":"https://emiryazicii.github.io/Symund-B32G26/22//#testresult/fe2107202fbad547","status":"passed","time":{"start":1711141991436,"stop":1711141997018,"duration":5582}},{"uid":"8a59db08a9e730b1","reportUrl":"https://emiryazicii.github.io/Symund-B32G26/21//#testresult/8a59db08a9e730b1","status":"skipped","statusDetails":"Could not start a new session. Response code 500. Message: session not created: Chrome failed to start: exited normally.\n  (session not created: DevToolsActivePort file doesn't exist)\n  (The process started from chrome location /usr/bin/google-chrome is no longer running, so ChromeDriver is assuming that Chrome has crashed.) \nHost info: host: 'fv-az1535-961', ip: '10.1.0.119'\nBuild info: version: '4.18.1', revision: 'b1d3319b48'\nSystem info: os.name: 'Linux', os.arch: 'amd64', os.version: '6.5.0-1016-azure', java.version: '11.0.22'\nDriver info: org.openqa.selenium.chrome.ChromeDriver\nCommand: [null, newSession {capabilities=[Capabilities {browserName: chrome, goog:chromeOptions: {args: [], binary: /usr/bin/google-chrome, extensions: []}}]}]","time":{"start":1711140985211,"stop":1711140985592,"duration":381}},{"uid":"2a3b2a8a57d72d28","reportUrl":"https://emiryazicii.github.io/Symund-B32G26/20//#testresult/2a3b2a8a57d72d28","status":"passed","time":{"start":1711038499077,"stop":1711038505132,"duration":6055}},{"uid":"ca4c71ffdadf235e","reportUrl":"https://emiryazicii.github.io/Symund-B32G26/20//#testresult/ca4c71ffdadf235e","status":"passed","time":{"start":1711036499505,"stop":1711036505316,"duration":5811}},{"uid":"3af1b43b9891699f","reportUrl":"https://emiryazicii.github.io/Symund-B32G26/19//#testresult/3af1b43b9891699f","status":"passed","time":{"start":1711007112473,"stop":1711007118126,"duration":5653}},{"uid":"28598f82e7bd869c","reportUrl":"https://emiryazicii.github.io/Symund-B32G26/18//#testresult/28598f82e7bd869c","status":"passed","time":{"start":1711005503499,"stop":1711005508702,"duration":5203}},{"uid":"d479364ee7e967af","reportUrl":"https://emiryazicii.github.io/Symund-B32G26/16//#testresult/d479364ee7e967af","status":"passed","time":{"start":1711003790159,"stop":1711003796938,"duration":6779}},{"uid":"c8c767d88e07d50c","reportUrl":"https://emiryazicii.github.io/Symund-B32G26/16//#testresult/c8c767d88e07d50c","status":"passed","time":{"start":1711002874106,"stop":1711002881278,"duration":7172}},{"uid":"e9e78221a94a2e71","reportUrl":"https://emiryazicii.github.io/Symund-B32G26/15//#testresult/e9e78221a94a2e71","status":"skipped","statusDetails":"Could not start a new session. Response code 500. Message: session not created: Chrome failed to start: exited normally.\n  (session not created: DevToolsActivePort file doesn't exist)\n  (The process started from chrome location /usr/bin/google-chrome is no longer running, so ChromeDriver is assuming that Chrome has crashed.) \nHost info: host: 'fv-az1106-902', ip: '10.1.0.28'\nBuild info: version: '4.18.1', revision: 'b1d3319b48'\nSystem info: os.name: 'Linux', os.arch: 'amd64', os.version: '6.5.0-1016-azure', java.version: '11.0.22'\nDriver info: org.openqa.selenium.chrome.ChromeDriver\nCommand: [null, newSession {capabilities=[Capabilities {browserName: chrome, goog:chromeOptions: {args: [], binary: /usr/bin/google-chrome, extensions: []}}]}]","time":{"start":1711002054213,"stop":1711002054632,"duration":419}}]},"3501c10902bf4c86ac7880ab7fbb4c98":{"statistic":{"failed":0,"broken":0,"skipped":0,"passed":1,"unknown":0,"total":1},"items":[{"uid":"4d232eb1428a427","reportUrl":"https://emiryazicii.github.io/Symund-B32G26/25//#testresult/4d232eb1428a427","status":"passed","time":{"start":1711233775510,"stop":1711233789622,"duration":14112}}]},"dd0aece9e14327c69a45d84c69f3fd18":{"statistic":{"failed":0,"broken":0,"skipped":2,"passed":12,"unknown":0,"total":14},"items":[{"uid":"16a737dde72682b1","reportUrl":"https://emiryazicii.github.io/Symund-B32G26/25//#testresult/16a737dde72682b1","status":"passed","time":{"start":1711233482099,"stop":1711233496256,"duration":14157}},{"uid":"3f120e34216ca160","reportUrl":"https://emiryazicii.github.io/Symund-B32G26/24//#testresult/3f120e34216ca160","status":"passed","time":{"start":1711232940743,"stop":1711232955888,"duration":15145}},{"uid":"a38eaf9b04ea466b","reportUrl":"https://emiryazicii.github.io/Symund-B32G26/23//#testresult/a38eaf9b04ea466b","status":"passed","time":{"start":1711171932331,"stop":1711171948744,"duration":16413}},{"uid":"e436fa842eaabf6f","reportUrl":"https://emiryazicii.github.io/Symund-B32G26/23//#testresult/e436fa842eaabf6f","status":"passed","time":{"start":1711143705025,"stop":1711143719088,"duration":14063}},{"uid":"c48f25a534e19016","reportUrl":"https://emiryazicii.github.io/Symund-B32G26/23//#testresult/c48f25a534e19016","status":"passed","time":{"start":1711142584944,"stop":1711142598122,"duration":13178}},{"uid":"73c3710311b11a69","reportUrl":"https://emiryazicii.github.io/Symund-B32G26/22//#testresult/73c3710311b11a69","status":"passed","time":{"start":1711141731376,"stop":1711141744966,"duration":13590}},{"uid":"2571e945871471fb","reportUrl":"https://emiryazicii.github.io/Symund-B32G26/21//#testresult/2571e945871471fb","status":"skipped","statusDetails":"Could not start a new session. Response code 500. Message: session not created: Chrome failed to start: exited normally.\n  (session not created: DevToolsActivePort file doesn't exist)\n  (The process started from chrome location /usr/bin/google-chrome is no longer running, so ChromeDriver is assuming that Chrome has crashed.) \nHost info: host: 'fv-az1535-961', ip: '10.1.0.119'\nBuild info: version: '4.18.1', revision: 'b1d3319b48'\nSystem info: os.name: 'Linux', os.arch: 'amd64', os.version: '6.5.0-1016-azure', java.version: '11.0.22'\nDriver info: org.openqa.selenium.chrome.ChromeDriver\nCommand: [null, newSession {capabilities=[Capabilities {browserName: chrome, goog:chromeOptions: {args: [], binary: /usr/bin/google-chrome, extensions: []}}]}]","time":{"start":1711140976888,"stop":1711140977278,"duration":390}},{"uid":"8824b0cf25ea8ae1","reportUrl":"https://emiryazicii.github.io/Symund-B32G26/20//#testresult/8824b0cf25ea8ae1","status":"passed","time":{"start":1711038280611,"stop":1711038294247,"duration":13636}},{"uid":"c160e29b11101a1","reportUrl":"https://emiryazicii.github.io/Symund-B32G26/20//#testresult/c160e29b11101a1","status":"passed","time":{"start":1711036264621,"stop":1711036277887,"duration":13266}},{"uid":"82ea0c633e036c6f","reportUrl":"https://emiryazicii.github.io/Symund-B32G26/19//#testresult/82ea0c633e036c6f","status":"passed","time":{"start":1711006913668,"stop":1711006926667,"duration":12999}},{"uid":"37eebccb241de7c9","reportUrl":"https://emiryazicii.github.io/Symund-B32G26/18//#testresult/37eebccb241de7c9","status":"passed","time":{"start":1711005233625,"stop":1711005246615,"duration":12990}},{"uid":"4993c2289e78e7a2","reportUrl":"https://emiryazicii.github.io/Symund-B32G26/16//#testresult/4993c2289e78e7a2","status":"passed","time":{"start":1711003862875,"stop":1711003875102,"duration":12227}},{"uid":"b5d910fc34cdb290","reportUrl":"https://emiryazicii.github.io/Symund-B32G26/16//#testresult/b5d910fc34cdb290","status":"passed","time":{"start":1711002941115,"stop":1711002954702,"duration":13587}},{"uid":"a1b57fec9a3c1ff8","reportUrl":"https://emiryazicii.github.io/Symund-B32G26/15//#testresult/a1b57fec9a3c1ff8","status":"skipped","statusDetails":"Could not start a new session. Response code 500. Message: session not created: Chrome failed to start: exited normally.\n  (session not created: DevToolsActivePort file doesn't exist)\n  (The process started from chrome location /usr/bin/google-chrome is no longer running, so ChromeDriver is assuming that Chrome has crashed.) \nHost info: host: 'fv-az1106-902', ip: '10.1.0.28'\nBuild info: version: '4.18.1', revision: 'b1d3319b48'\nSystem info: os.name: 'Linux', os.arch: 'amd64', os.version: '6.5.0-1016-azure', java.version: '11.0.22'\nDriver info: org.openqa.selenium.chrome.ChromeDriver\nCommand: [null, newSession {capabilities=[Capabilities {browserName: chrome, goog:chromeOptions: {args: [], binary: /usr/bin/google-chrome, extensions: []}}]}]","time":{"start":1711002055471,"stop":1711002055872,"duration":401}}]}}