{"uid":"337bee10506337c7","name":"User can log in with valid credentials","fullName":"src/test/resources/features/LoginFunction.feature:20","historyId":"8563dd35ab927a164cf5e3fdb1abf97b","time":{"start":1711140987908,"stop":1711140988309,"duration":401},"status":"skipped","statusMessage":"Could not start a new session. Response code 500. Message: session not created: Chrome failed to start: exited normally.\n  (session not created: DevToolsActivePort file doesn't exist)\n  (The process started from chrome location /usr/bin/google-chrome is no longer running, so ChromeDriver is assuming that Chrome has crashed.) \nHost info: host: 'fv-az1535-961', ip: '10.1.0.119'\nBuild info: version: '4.18.1', revision: 'b1d3319b48'\nSystem info: os.name: 'Linux', os.arch: 'amd64', os.version: '6.5.0-1016-azure', java.version: '11.0.22'\nDriver info: org.openqa.selenium.chrome.ChromeDriver\nCommand: [null, newSession {capabilities=[Capabilities {browserName: chrome, goog:chromeOptions: {args: [], binary: /usr/bin/google-chrome, extensions: []}}]}]","statusTrace":"org.openqa.selenium.SessionNotCreatedException: Could not start a new session. Response code 500. Message: session not created: Chrome failed to start: exited normally.\n  (session not created: DevToolsActivePort file doesn't exist)\n  (The process started from chrome location /usr/bin/google-chrome is no longer running, so ChromeDriver is assuming that Chrome has crashed.) \nHost info: host: 'fv-az1535-961', ip: '10.1.0.119'\nBuild info: version: '4.18.1', revision: 'b1d3319b48'\nSystem info: os.name: 'Linux', os.arch: 'amd64', os.version: '6.5.0-1016-azure', java.version: '11.0.22'\nDriver info: org.openqa.selenium.chrome.ChromeDriver\nCommand: [null, newSession {capabilities=[Capabilities {browserName: chrome, goog:chromeOptions: {args: [], binary: /usr/bin/google-chrome, extensions: []}}]}]\n\tat org.openqa.selenium.remote.ProtocolHandshake.createSession(ProtocolHandshake.java:139)\n\tat org.openqa.selenium.remote.ProtocolHandshake.createSession(ProtocolHandshake.java:95)\n\tat org.openqa.selenium.remote.ProtocolHandshake.createSession(ProtocolHandshake.java:67)\n\tat org.openqa.selenium.remote.HttpCommandExecutor.execute(HttpCommandExecutor.java:162)\n\tat org.openqa.selenium.remote.service.DriverCommandExecutor.invokeExecute(DriverCommandExecutor.java:216)\n\tat org.openqa.selenium.remote.service.DriverCommandExecutor.execute(DriverCommandExecutor.java:174)\n\tat org.openqa.selenium.remote.RemoteWebDriver.execute(RemoteWebDriver.java:519)\n\tat org.openqa.selenium.remote.RemoteWebDriver.startSession(RemoteWebDriver.java:233)\n\tat org.openqa.selenium.remote.RemoteWebDriver.<init>(RemoteWebDriver.java:162)\n\tat org.openqa.selenium.chromium.ChromiumDriver.<init>(ChromiumDriver.java:114)\n\tat org.openqa.selenium.chrome.ChromeDriver.<init>(ChromeDriver.java:89)\n\tat org.openqa.selenium.chrome.ChromeDriver.<init>(ChromeDriver.java:84)\n\tat org.openqa.selenium.chrome.ChromeDriver.<init>(ChromeDriver.java:52)\n\tat com.symund.utilities.Driver.getDriver(Driver.java:37)\n\tat com.symund.step_definitions.Hooks.setupMethod(Hooks.java:20)\n","flaky":false,"newFailed":false,"newBroken":false,"newPassed":false,"retriesCount":0,"retriesStatusChange":false,"beforeStages":[{"name":"com.symund.step_definitions.Hooks.setupMethod()","time":{"start":1711140987909,"stop":1711140988116,"duration":207},"status":"broken","statusMessage":"BEFORE is failed: Could not start a new session. Response code 500. Message: session not created: Chrome failed to start: exited normally.\n  (session not created: DevToolsActivePort file doesn't exist)\n  (The process started from chrome location /usr/bin/google-chrome is no longer running, so ChromeDriver is assuming that Chrome has crashed.) \nHost info: host: 'fv-az1535-961', ip: '10.1.0.119'\nBuild info: version: '4.18.1', revision: 'b1d3319b48'\nSystem info: os.name: 'Linux', os.arch: 'amd64', os.version: '6.5.0-1016-azure', java.version: '11.0.22'\nDriver info: org.openqa.selenium.chrome.ChromeDriver\nCommand: [null, newSession {capabilities=[Capabilities {browserName: chrome, goog:chromeOptions: {args: [], binary: /usr/bin/google-chrome, extensions: []}}]}]","statusTrace":"org.openqa.selenium.SessionNotCreatedException: Could not start a new session. Response code 500. Message: session not created: Chrome failed to start: exited normally.\n  (session not created: DevToolsActivePort file doesn't exist)\n  (The process started from chrome location /usr/bin/google-chrome is no longer running, so ChromeDriver is assuming that Chrome has crashed.) \nHost info: host: 'fv-az1535-961', ip: '10.1.0.119'\nBuild info: version: '4.18.1', revision: 'b1d3319b48'\nSystem info: os.name: 'Linux', os.arch: 'amd64', os.version: '6.5.0-1016-azure', java.version: '11.0.22'\nDriver info: org.openqa.selenium.chrome.ChromeDriver\nCommand: [null, newSession {capabilities=[Capabilities {browserName: chrome, goog:chromeOptions: {args: [], binary: /usr/bin/google-chrome, extensions: []}}]}]\n\tat org.openqa.selenium.remote.ProtocolHandshake.createSession(ProtocolHandshake.java:139)\n\tat org.openqa.selenium.remote.ProtocolHandshake.createSession(ProtocolHandshake.java:95)\n\tat org.openqa.selenium.remote.ProtocolHandshake.createSession(ProtocolHandshake.java:67)\n\tat org.openqa.selenium.remote.HttpCommandExecutor.execute(HttpCommandExecutor.java:162)\n\tat org.openqa.selenium.remote.service.DriverCommandExecutor.invokeExecute(DriverCommandExecutor.java:216)\n\tat org.openqa.selenium.remote.service.DriverCommandExecutor.execute(DriverCommandExecutor.java:174)\n\tat org.openqa.selenium.remote.RemoteWebDriver.execute(RemoteWebDriver.java:519)\n\tat org.openqa.selenium.remote.RemoteWebDriver.startSession(RemoteWebDriver.java:233)\n\tat org.openqa.selenium.remote.RemoteWebDriver.<init>(RemoteWebDriver.java:162)\n\tat org.openqa.selenium.chromium.ChromiumDriver.<init>(ChromiumDriver.java:114)\n\tat org.openqa.selenium.chrome.ChromeDriver.<init>(ChromeDriver.java:89)\n\tat org.openqa.selenium.chrome.ChromeDriver.<init>(ChromeDriver.java:84)\n\tat org.openqa.selenium.chrome.ChromeDriver.<init>(ChromeDriver.java:52)\n\tat com.symund.utilities.Driver.getDriver(Driver.java:37)\n\tat com.symund.step_definitions.Hooks.setupMethod(Hooks.java:20)\n","steps":[],"attachments":[],"parameters":[],"shouldDisplayMessage":true,"stepsCount":0,"attachmentsCount":0,"hasContent":true,"attachmentStep":false}],"testStage":{"status":"skipped","statusMessage":"Could not start a new session. Response code 500. Message: session not created: Chrome failed to start: exited normally.\n  (session not created: DevToolsActivePort file doesn't exist)\n  (The process started from chrome location /usr/bin/google-chrome is no longer running, so ChromeDriver is assuming that Chrome has crashed.) \nHost info: host: 'fv-az1535-961', ip: '10.1.0.119'\nBuild info: version: '4.18.1', revision: 'b1d3319b48'\nSystem info: os.name: 'Linux', os.arch: 'amd64', os.version: '6.5.0-1016-azure', java.version: '11.0.22'\nDriver info: org.openqa.selenium.chrome.ChromeDriver\nCommand: [null, newSession {capabilities=[Capabilities {browserName: chrome, goog:chromeOptions: {args: [], binary: /usr/bin/google-chrome, extensions: []}}]}]","statusTrace":"org.openqa.selenium.SessionNotCreatedException: Could not start a new session. Response code 500. Message: session not created: Chrome failed to start: exited normally.\n  (session not created: DevToolsActivePort file doesn't exist)\n  (The process started from chrome location /usr/bin/google-chrome is no longer running, so ChromeDriver is assuming that Chrome has crashed.) \nHost info: host: 'fv-az1535-961', ip: '10.1.0.119'\nBuild info: version: '4.18.1', revision: 'b1d3319b48'\nSystem info: os.name: 'Linux', os.arch: 'amd64', os.version: '6.5.0-1016-azure', java.version: '11.0.22'\nDriver info: org.openqa.selenium.chrome.ChromeDriver\nCommand: [null, newSession {capabilities=[Capabilities {browserName: chrome, goog:chromeOptions: {args: [], binary: /usr/bin/google-chrome, extensions: []}}]}]\n\tat org.openqa.selenium.remote.ProtocolHandshake.createSession(ProtocolHandshake.java:139)\n\tat org.openqa.selenium.remote.ProtocolHandshake.createSession(ProtocolHandshake.java:95)\n\tat org.openqa.selenium.remote.ProtocolHandshake.createSession(ProtocolHandshake.java:67)\n\tat org.openqa.selenium.remote.HttpCommandExecutor.execute(HttpCommandExecutor.java:162)\n\tat org.openqa.selenium.remote.service.DriverCommandExecutor.invokeExecute(DriverCommandExecutor.java:216)\n\tat org.openqa.selenium.remote.service.DriverCommandExecutor.execute(DriverCommandExecutor.java:174)\n\tat org.openqa.selenium.remote.RemoteWebDriver.execute(RemoteWebDriver.java:519)\n\tat org.openqa.selenium.remote.RemoteWebDriver.startSession(RemoteWebDriver.java:233)\n\tat org.openqa.selenium.remote.RemoteWebDriver.<init>(RemoteWebDriver.java:162)\n\tat org.openqa.selenium.chromium.ChromiumDriver.<init>(ChromiumDriver.java:114)\n\tat org.openqa.selenium.chrome.ChromeDriver.<init>(ChromeDriver.java:89)\n\tat org.openqa.selenium.chrome.ChromeDriver.<init>(ChromeDriver.java:84)\n\tat org.openqa.selenium.chrome.ChromeDriver.<init>(ChromeDriver.java:52)\n\tat com.symund.utilities.Driver.getDriver(Driver.java:37)\n\tat com.symund.step_definitions.Hooks.setupMethod(Hooks.java:20)\n","steps":[{"name":"Given  the user logs in with username \"Employee130\" and password \"Employee123\"","time":{"start":1711140988116,"stop":1711140988116,"duration":0},"status":"skipped","steps":[],"attachments":[],"parameters":[],"shouldDisplayMessage":false,"stepsCount":0,"attachmentsCount":0,"hasContent":false,"attachmentStep":false},{"name":"Then  the user should be directed to the dashboard","time":{"start":1711140988116,"stop":1711140988117,"duration":1},"status":"skipped","steps":[],"attachments":[],"parameters":[],"shouldDisplayMessage":false,"stepsCount":0,"attachmentsCount":0,"hasContent":false,"attachmentStep":false}],"attachments":[],"parameters":[],"shouldDisplayMessage":true,"stepsCount":2,"attachmentsCount":0,"hasContent":true,"attachmentStep":false},"afterStages":[{"name":"com.symund.step_definitions.Hooks.tearDown(io.cucumber.java.Scenario)","time":{"start":1711140988117,"stop":1711140988308,"duration":191},"status":"broken","statusMessage":"AFTER is failed: Could not start a new session. Response code 500. Message: session not created: Chrome failed to start: exited normally.\n  (session not created: DevToolsActivePort file doesn't exist)\n  (The process started from chrome location /usr/bin/google-chrome is no longer running, so ChromeDriver is assuming that Chrome has crashed.) \nHost info: host: 'fv-az1535-961', ip: '10.1.0.119'\nBuild info: version: '4.18.1', revision: 'b1d3319b48'\nSystem info: os.name: 'Linux', os.arch: 'amd64', os.version: '6.5.0-1016-azure', java.version: '11.0.22'\nDriver info: org.openqa.selenium.chrome.ChromeDriver\nCommand: [null, newSession {capabilities=[Capabilities {browserName: chrome, goog:chromeOptions: {args: [], binary: /usr/bin/google-chrome, extensions: []}}]}]","statusTrace":"org.openqa.selenium.SessionNotCreatedException: Could not start a new session. Response code 500. Message: session not created: Chrome failed to start: exited normally.\n  (session not created: DevToolsActivePort file doesn't exist)\n  (The process started from chrome location /usr/bin/google-chrome is no longer running, so ChromeDriver is assuming that Chrome has crashed.) \nHost info: host: 'fv-az1535-961', ip: '10.1.0.119'\nBuild info: version: '4.18.1', revision: 'b1d3319b48'\nSystem info: os.name: 'Linux', os.arch: 'amd64', os.version: '6.5.0-1016-azure', java.version: '11.0.22'\nDriver info: org.openqa.selenium.chrome.ChromeDriver\nCommand: [null, newSession {capabilities=[Capabilities {browserName: chrome, goog:chromeOptions: {args: [], binary: /usr/bin/google-chrome, extensions: []}}]}]\n\tat org.openqa.selenium.remote.ProtocolHandshake.createSession(ProtocolHandshake.java:139)\n\tat org.openqa.selenium.remote.ProtocolHandshake.createSession(ProtocolHandshake.java:95)\n\tat org.openqa.selenium.remote.ProtocolHandshake.createSession(ProtocolHandshake.java:67)\n\tat org.openqa.selenium.remote.HttpCommandExecutor.execute(HttpCommandExecutor.java:162)\n\tat org.openqa.selenium.remote.service.DriverCommandExecutor.invokeExecute(DriverCommandExecutor.java:216)\n\tat org.openqa.selenium.remote.service.DriverCommandExecutor.execute(DriverCommandExecutor.java:174)\n\tat org.openqa.selenium.remote.RemoteWebDriver.execute(RemoteWebDriver.java:519)\n\tat org.openqa.selenium.remote.RemoteWebDriver.startSession(RemoteWebDriver.java:233)\n\tat org.openqa.selenium.remote.RemoteWebDriver.<init>(RemoteWebDriver.java:162)\n\tat org.openqa.selenium.chromium.ChromiumDriver.<init>(ChromiumDriver.java:114)\n\tat org.openqa.selenium.chrome.ChromeDriver.<init>(ChromeDriver.java:89)\n\tat org.openqa.selenium.chrome.ChromeDriver.<init>(ChromeDriver.java:84)\n\tat org.openqa.selenium.chrome.ChromeDriver.<init>(ChromeDriver.java:52)\n\tat com.symund.utilities.Driver.getDriver(Driver.java:37)\n\tat com.symund.step_definitions.Hooks.tearDown(Hooks.java:34)\n","steps":[],"attachments":[],"parameters":[],"shouldDisplayMessage":true,"stepsCount":0,"attachmentsCount":0,"hasContent":true,"attachmentStep":false}],"labels":[{"name":"tag","value":"SuccessfulLogin"},{"name":"host","value":"fv-az1535-961"},{"name":"thread","value":"2309@fv-az1535-961.main(1)"},{"name":"feature","value":"Login function"},{"name":"story","value":"User can log in with valid credentials"},{"name":"suite","value":"Login function"},{"name":"testClass","value":"User can log in with valid credentials"},{"name":"framework","value":"cucumber4jvm"},{"name":"language","value":"java"},{"name":"gherkin_uri","value":"file:///home/runner/work/Symund-B32G26/Symund-B32G26/src/test/resources/features/LoginFunction.feature"},{"name":"package","value":"src.test.resources.features.LoginFunction_feature.Login function"},{"name":"resultFormat","value":"allure2"}],"parameters":[{"name":"password","value":"Employee123"},{"name":"username","value":"Employee130"}],"links":[],"hidden":false,"retry":false,"extra":{"severity":"normal","retries":[],"categories":[],"history":{"statistic":{"failed":0,"broken":0,"skipped":2,"passed":6,"unknown":0,"total":8},"items":[{"uid":"330e316548e3551c","reportUrl":"https://emiryazicii.github.io/Symund-B32G26/20//#testresult/330e316548e3551c","status":"passed","time":{"start":1711038547808,"stop":1711038553888,"duration":6080}},{"uid":"2da987f4d050aa5b","reportUrl":"https://emiryazicii.github.io/Symund-B32G26/20//#testresult/2da987f4d050aa5b","status":"passed","time":{"start":1711036542842,"stop":1711036549040,"duration":6198}},{"uid":"c010179c9f24f925","reportUrl":"https://emiryazicii.github.io/Symund-B32G26/19//#testresult/c010179c9f24f925","status":"passed","time":{"start":1711007155399,"stop":1711007161340,"duration":5941}},{"uid":"8bcfc2c7608fed1a","reportUrl":"https://emiryazicii.github.io/Symund-B32G26/18//#testresult/8bcfc2c7608fed1a","status":"passed","time":{"start":1711005545307,"stop":1711005551292,"duration":5985}},{"uid":"947218ae2e7942c5","reportUrl":"https://emiryazicii.github.io/Symund-B32G26/16//#testresult/947218ae2e7942c5","status":"passed","time":{"start":1711003841895,"stop":1711003847756,"duration":5861}},{"uid":"3a42e469403b7e69","reportUrl":"https://emiryazicii.github.io/Symund-B32G26/16//#testresult/3a42e469403b7e69","status":"passed","time":{"start":1711002928240,"stop":1711002937610,"duration":9370}},{"uid":"67666fa778c31b8e","reportUrl":"https://emiryazicii.github.io/Symund-B32G26/15//#testresult/67666fa778c31b8e","status":"skipped","statusDetails":"Could not start a new session. Response code 500. Message: session not created: Chrome failed to start: exited normally.\n  (session not created: DevToolsActivePort file doesn't exist)\n  (The process started from chrome location /usr/bin/google-chrome is no longer running, so ChromeDriver is assuming that Chrome has crashed.) \nHost info: host: 'fv-az1106-902', ip: '10.1.0.28'\nBuild info: version: '4.18.1', revision: 'b1d3319b48'\nSystem info: os.name: 'Linux', os.arch: 'amd64', os.version: '6.5.0-1016-azure', java.version: '11.0.22'\nDriver info: org.openqa.selenium.chrome.ChromeDriver\nCommand: [null, newSession {capabilities=[Capabilities {browserName: chrome, goog:chromeOptions: {args: [], binary: /usr/bin/google-chrome, extensions: []}}]}]","time":{"start":1711002057124,"stop":1711002057585,"duration":461}}]},"tags":["SuccessfulLogin"]},"source":"337bee10506337c7.json","parameterValues":["Employee123","Employee130"]}